2016-03-08 13:48:21|   0.1|  0.1|INFORM|FME 2016.0.1.0 (20160130 - Build 16174 - WIN32)
2016-03-08 13:48:21|   0.1|  0.0|INFORM|FME_HOME is 'C:\apps\FME2016.0\'
2016-03-08 13:48:21|   0.1|  0.0|INFORM|FME Desktop Smallworld Edition (floating)
2016-03-08 13:48:21|   0.1|  0.0|INFORM|Permanent License.
2016-03-08 13:48:21|   0.1|  0.0|INFORM|Machine host name is: vash
2016-03-08 13:48:21|   0.1|  0.0|INFORM|START - ProcessID: 18312, peak process memory usage: 40504 kB, current process memory usage: 40504 kB
2016-03-08 13:48:21|   0.1|  0.0|INFORM|FME Configuration: Command line arguments are `C:\apps\FME2016.0\fme.exe' `C:/Users/imark/Documents/Training/MaterialsAndData/FMEData/Workspaces/DesktopAdvanced\wb-xlate-145746650122_15524' `LOG_STANDARDOUT' `YES' `LogCountServerName' `{a9ecf742-d1bd-4079-a042-7527780934d4}'
2016-03-08 13:48:21|   0.2|  0.1|INFORM|Shared folders for formats are : C:\apps\FME2016.0\datasources;C:\Users\imark\AppData\Roaming\Safe Software\FME\FME Store\Formats;C:\Users\imark\Documents\FME\Formats
2016-03-08 13:48:21|   0.2|  0.0|INFORM|Shared folders for transformers are : C:\apps\FME2016.0\transformers;C:\Users\imark\AppData\Roaming\Safe Software\FME\FME Store\Transformers;C:\Users\imark\Documents\FME\Transformers
2016-03-08 13:48:21|   0.2|  0.0|INFORM|Shared folders for coordinate systems are : C:\Users\imark\Documents\FME\CoordinateSystems
2016-03-08 13:48:21|   0.2|  0.0|INFORM|Shared folders for coordinate system exceptions are : C:\Users\imark\Documents\FME\CoordinateSystemExceptions
2016-03-08 13:48:21|   0.2|  0.0|INFORM|Shared folders for coordinate system grid overrides are : C:\Users\imark\Documents\FME\CoordinateSystemGridOverrides
2016-03-08 13:48:21|   0.2|  0.0|INFORM|Shared folders for CS-MAP transformation exceptions are : C:\Users\imark\Documents\FME\CsmapTransformationExceptions
2016-03-08 13:48:21|   0.2|  0.0|INFORM|Shared folders for transformer categories are : C:\Users\imark\Documents\FME\TransformerCategories
2016-03-08 13:48:21|   0.2|  0.0|INFORM|FME Configuration: Reader Keyword is `OGCKML_1'
2016-03-08 13:48:21|   0.2|  0.0|INFORM|FME Configuration: Writer Keyword is `NULL_DEST'
2016-03-08 13:48:21|   0.2|  0.0|INFORM|FME Configuration: Writer Group Definition Keyword is `NULL_DEST_DEF'
2016-03-08 13:48:21|   0.2|  0.0|INFORM|FME Configuration: Reader type is `OGCKML'
2016-03-08 13:48:21|   0.2|  0.0|INFORM|FME Configuration: Writer type is `NULL'
2016-03-08 13:48:21|   0.2|  0.0|INFORM|FME Configuration: No destination coordinate system set
2016-03-08 13:48:21|   0.2|  0.0|INFORM|FME Configuration: Current working folder is `C:\Users\imark\Documents\Training\MaterialsAndData\FMEData\Workspaces\DesktopAdvanced'
2016-03-08 13:48:21|   0.2|  0.0|INFORM|FME Configuration: Temporary folder is `C:\Users\imark\AppData\Local\Temp'
2016-03-08 13:48:21|   0.2|  0.0|INFORM|FME Configuration: FME_HOME is `C:\apps\FME2016.0\'
2016-03-08 13:48:21|   0.2|  0.0|INFORM|FME Configuration: FME_BASE is 'no'
2016-03-08 13:48:21|   0.2|  0.0|INFORM|FME Configuration: FME_MF_DIR is 'C:\Users\imark\Documents\Training\MaterialsAndData\FMEData\Workspaces\DesktopAdvanced/'
2016-03-08 13:48:21|   0.2|  0.0|INFORM|FME Configuration: FME_MF_NAME is 'CustomTransformers-Ex3-Complete-Advanced.fmw'
2016-03-08 13:48:21|   0.2|  0.0|INFORM|FME Configuration: FME_PRODUCT_NAME is 'FME(R) 2016.0.1.0'
2016-03-08 13:48:21|   0.2|  0.0|INFORM|System Status: 84.91 GB of disk space available in the FME temporary folder (C:\Users\imark\AppData\Local\Temp)
2016-03-08 13:48:21|   0.2|  0.0|INFORM|System Status: 4.00 GB of virtual memory available
2016-03-08 13:48:21|   0.2|  0.0|INFORM|Operating System: Microsoft Windows 7 64-bit Service Pack 1 (Build 7601)
2016-03-08 13:48:21|   0.2|  0.0|INFORM|FME Platform: WIN32
2016-03-08 13:48:21|   0.2|  0.0|INFORM|Locale: en_CA
2016-03-08 13:48:21|   0.2|  0.0|INFORM|Code Page: 1252  (ANSI - Latin I)
2016-03-08 13:48:21|   0.2|  0.0|INFORM|FME Configuration: Process limits are 24.00 GB of physical memory and 4.00 GB of address space
2016-03-08 13:48:21|   0.2|  0.0|INFORM|FME Configuration: Start freeing memory when process usage exceeds 2.83 GB of memory or 3.41 GB of address space
2016-03-08 13:48:21|   0.2|  0.0|INFORM|FME Configuration: Stop freeing memory when process usage is below 2.12 GB of memory and 2.56 GB of address space
2016-03-08 13:48:21|   0.2|  0.0|INFORM|Creating writer for format: NULL (Nothing)
2016-03-08 13:48:21|   0.2|  0.0|INFORM|Trying to find a DYNAMIC plugin for writer named `NULL'
2016-03-08 13:48:21|   0.2|  0.0|INFORM|Loaded module 'NULL' from file 'C:\apps\FME2016.0\plugins/NULL.dll'
2016-03-08 13:48:21|   0.2|  0.0|INFORM|FME API version of module 'NULL' matches current internal version (3.8 20151127)
2016-03-08 13:48:21|   0.2|  0.0|INFORM|Creating reader for format: Google KML
2016-03-08 13:48:21|   0.2|  0.0|INFORM|Trying to find a DYNAMIC plugin for reader named `OGCKML'
2016-03-08 13:48:21|   0.3|  0.1|INFORM|Loaded module 'OGCKML' from file 'C:\apps\FME2016.0\plugins/KML21.dll'
2016-03-08 13:48:21|   0.3|  0.0|INFORM|FME API version of module 'OGCKML' matches current internal version (3.8 20151127)
2016-03-08 13:48:21|   0.3|  0.0|INFORM|Creating reader for format: XML (Extensible Markup Language)
2016-03-08 13:48:21|   0.4|  0.0|INFORM|Trying to find a DYNAMIC plugin for reader named `XML'
2016-03-08 13:48:21|   0.4|  0.0|INFORM|Loaded module 'XML' from file 'C:\apps\FME2016.0\plugins/XML.dll'
2016-03-08 13:48:21|   0.4|  0.0|INFORM|FME API version of module 'XML' matches current internal version (3.8 20151127)
2016-03-08 13:48:21|   0.4|  0.0|INFORM|Opening the XML reader with source dataset 'C:\FMEData2015\Data\Boundaries\VancouverNeighborhoods.kml'
2016-03-08 13:48:21|   0.4|  0.0|INFORM|The XML Reader is using xfMap 'C:\apps\FME2016.0\plugins\kml21\kml21_Schema_elements.xmp'
2016-03-08 13:48:21|   0.5|  0.0|INFORM|The uri-map document 'C:\apps\FME2016.0\xml\urimap\gml_aixm.xml' is being used to map from URI to URI
2016-03-08 13:48:21|   0.5|  0.0|INFORM|The uri-map document 'C:\apps\FME2016.0\xml\urimap\gml_citygml.xml' is being used to map from URI to URI
2016-03-08 13:48:21|   0.5|  0.0|INFORM|The uri-map document 'C:\apps\FME2016.0\xml\urimap\gml_inspire.xml' is being used to map from URI to URI
2016-03-08 13:48:21|   0.5|  0.0|INFORM|The uri-map document 'C:\apps\FME2016.0\xml\urimap\gml_urimap.xml' is being used to map from URI to URI
2016-03-08 13:48:21|   0.5|  0.0|INFORM|Creating reader for format: XML (Extensible Markup Language)
2016-03-08 13:48:21|   0.5|  0.0|INFORM|Trying to find a DYNAMIC plugin for reader named `XML'
2016-03-08 13:48:21|   0.5|  0.0|INFORM|FME API version of module 'XML' matches current internal version (3.8 20151127)
2016-03-08 13:48:21|   0.5|  0.0|INFORM|Loaded module 'LogCount_func' from file 'C:\apps\FME2016.0\plugins/LogCount_func.dll'
2016-03-08 13:48:21|   0.5|  0.0|INFORM|FME API version of module 'LogCount_func' matches current internal version (3.8 20151127)
2016-03-08 13:48:22|   0.5|  0.0|INFORM|Creating writer for format: FME Feature Store (FFS)
2016-03-08 13:48:22|   0.5|  0.0|INFORM|FME Configuration: No destination coordinate system set
2016-03-08 13:48:22|   0.5|  0.0|INFORM|FME API version of module 'NULL' matches current internal version (3.8 20151127)
2016-03-08 13:48:22|   0.5|  0.0|INFORM|FME API version of module 'NULL' matches current internal version (3.8 20151127)
2016-03-08 13:48:22|   0.5|  0.0|INFORM|FME Configuration: Using FME Reprojection Engine
2016-03-08 13:48:22|   0.5|  0.0|INFORM|XML Reader CONTINUE_ON_GEOM_ERROR is set to YES, the reader will continue upon encountering features with geometry error, these features will be output and tagged with a xml_geom_error boolean attribute
2016-03-08 13:48:22|   0.5|  0.0|INFORM|Opening the XML reader with source dataset 'C:\FMEData2015\Data\Boundaries\VancouverNeighborhoods.kml'
2016-03-08 13:48:22|   0.5|  0.0|INFORM|Pre-processing xfMap 'C:\Users\imark\AppData\Local\Temp\KML21_structure_1457466501978_18312.xmp' with macro stylesheet 'C:\apps\FME2016.0\xfmap\xfmap_macro.xslt' into 'C:\Users\imark\AppData\Local\Temp\NOMACRO_XFMAP_145746650237_18312.xml'
2016-03-08 13:48:22|   0.5|  0.0|INFORM|The XML Reader is using xfMap 'C:\Users\imark\AppData\Local\Temp\NOMACRO_XFMAP_145746650237_18312.xml'
2016-03-08 13:48:22|   0.5|  0.0|INFORM|The uri-map document 'C:\apps\FME2016.0\xml\urimap\gml_aixm.xml' is being used to map from URI to URI
2016-03-08 13:48:22|   0.5|  0.0|INFORM|The uri-map document 'C:\apps\FME2016.0\xml\urimap\gml_citygml.xml' is being used to map from URI to URI
2016-03-08 13:48:22|   0.5|  0.0|INFORM|The uri-map document 'C:\apps\FME2016.0\xml\urimap\gml_inspire.xml' is being used to map from URI to URI
2016-03-08 13:48:22|   0.5|  0.0|INFORM|The uri-map document 'C:\apps\FME2016.0\xml\urimap\gml_urimap.xml' is being used to map from URI to URI
2016-03-08 13:48:22|   0.5|  0.0|INFORM|FME Configuration: Source coordinate system for reader OGCKML_1[OGCKML] set to `LL84' as read from input data
2016-03-08 13:48:22|   0.5|  0.0|INFORM|Coordinate System `LL84' parameters: CS_NAME=`LL84' DESC_NM=`WGS84 datum, Latitude-Longitude; Degrees' DT_NAME=`WGS84' GROUP=`LL' MAP_SCL=`1' MAX_LAT=`90' MAX_LNG=`182' MIN_LAT=`-90' MIN_LNG=`-182' PROJ=`LL' QUAD=`1' SCL_RED=`1' SOURCE=`Mentor Software' UNIT=`DEGREE' 
2016-03-08 13:48:22|   0.6|  0.0|INFORM|CS-MAP Reprojector: Transformation will be automatically selected for 'LL84' -> 'UTM83-10', and is not guaranteed to remain the same in future releases of FME
2016-03-08 13:48:22|   0.6|  0.0|INFORM|Reprojector: Using transformation `NAD83_to_WGS84,Inverse(Null,EPSG:1188)' when reprojecting from LL84 to UTM83-10
2016-03-08 13:48:22|   0.6|  0.0|STATS |Storing feature(s) to FME feature store file `C:\Users\imark\AppData\Local\Temp\CustomTransformers-Ex3-Complete-Advanced_134821\inspector.ffs'
2016-03-08 13:48:22|   0.6|  0.0|STATS |Storing feature(s) to FME feature store file `C:\Users\imark\AppData\Local\Temp\CustomTransformers-Ex3-Complete-Advanced_134821\inspector.fsc'
2016-03-08 13:48:22|   0.7|  0.0|WARN  |Coordinate system of reader identified by keyword `OGCKML_1' has changed from `LL84' to `'
2016-03-08 13:48:22|   0.7|  0.0|INFORM|Emptying factory pipeline
2016-03-08 13:48:22|   0.7|  0.0|STATS |Router and Unexpected Input Remover(RoutingFactory): Tested 9 input feature(s), wrote 9 output feature(s): 6 matched merge filters, 6 were routed to output, 3 could not be routed.
2016-03-08 13:48:22|   0.7|  0.0|STATS |Unexpected Input Remover Nuker(TeeFactory): Cloned 3 input feature(s) into 0 output feature(s)
2016-03-08 13:48:22|   0.7|  0.0|STATS |Neighborhoods (OGCKML_1) Splitter(TeeFactory): Cloned 6 input feature(s) into 6 output feature(s)
2016-03-08 13:48:22|   0.7|  0.0|STATS |Neighborhoods_OGCKML_1 Feature Counter -1 14(TeeFactory): Cloned 6 input feature(s) into 6 output feature(s)
2016-03-08 13:48:22|   0.7|  0.0|STATS |RandomNumberGenerator(TeeFactory): Cloned 6 input feature(s) into 6 output feature(s)
2016-03-08 13:48:22|   0.7|  0.0|STATS |RandomNumberGenerator_OUTPUT Feature Counter -1 15(TeeFactory): Cloned 6 input feature(s) into 6 output feature(s)
2016-03-08 13:48:22|   0.7|  0.0|STATS |CsmapReprojector(TeeFactory): Cloned 6 input feature(s) into 6 output feature(s)
2016-03-08 13:48:22|   0.7|  0.0|STATS |CsmapReprojector_REPROJECTED Feature Counter -1 20(TeeFactory): Cloned 6 input feature(s) into 6 output feature(s)
2016-03-08 13:48:22|   0.7|  0.0|STATS |DensityEvaluator Input Input Collector(TeeFactory): Cloned 6 input feature(s) into 6 output feature(s)
2016-03-08 13:48:22|   0.7|  0.0|STATS |DensityEvaluator_Input1457466501 Input Splitter(TeeFactory): Cloned 6 input feature(s) into 6 output feature(s)
2016-03-08 13:48:22|   0.7|  0.0|STATS |DensityEvaluator_Input Feature Counter 0 8(TeeFactory): Cloned 6 input feature(s) into 6 output feature(s)
2016-03-08 13:48:22|   0.7|  0.0|STATS |DensityEvaluator_AreaCalculator(TeeFactory): Cloned 6 input feature(s) into 6 output feature(s)
2016-03-08 13:48:22|   0.7|  0.0|STATS |DensityEvaluator_AreaCalculator_OUTPUT Feature Counter 0 11(TeeFactory): Cloned 6 input feature(s) into 6 output feature(s)
2016-03-08 13:48:22|   0.7|  0.0|STATS |DensityEvaluator_Tester(TestFactory): Tested 6 input feature(s) -- 6 feature(s) passed and 0 feature(s) failed
2016-03-08 13:48:22|   0.7|  0.0|STATS |DensityEvaluator_Tester_PASSED Feature Counter 0 12(TeeFactory): Cloned 6 input feature(s) into 6 output feature(s)
2016-03-08 13:48:22|   0.7|  0.0|STATS |DensityEvaluator_Tester_FAILED Feature Counter 0 13(TeeFactory): Cloned 0 input feature(s) into 0 output feature(s)
2016-03-08 13:48:22|   0.7|  0.0|STATS |DensityEvaluator_ExpressionEvaluator_2(TeeFactory): Cloned 0 input feature(s) into 0 output feature(s)
2016-03-08 13:48:22|   0.7|  0.0|STATS |DensityEvaluator_ExpressionEvaluator_2_OUTPUT Feature Counter 0 14(TeeFactory): Cloned 0 input feature(s) into 0 output feature(s)
2016-03-08 13:48:22|   0.7|  0.0|STATS |DensityEvaluator_ExpressionEvaluator_3(TeeFactory): Cloned 6 input feature(s) into 6 output feature(s)
2016-03-08 13:48:22|   0.7|  0.0|STATS |DensityEvaluator_ExpressionEvaluator_3_OUTPUT Feature Counter 0 6(TeeFactory): Cloned 6 input feature(s) into 6 output feature(s)
2016-03-08 13:48:22|   0.7|  0.0|STATS |DensityEvaluator_Output1457466501 Output Collector(TeeFactory): Cloned 6 input feature(s) into 6 output feature(s)
2016-03-08 13:48:22|   0.7|  0.0|STATS |DensityEvaluator Output Output Renamer/Nuker(TeeFactory): Cloned 6 input feature(s) into 6 output feature(s)
2016-03-08 13:48:22|   0.7|  0.0|STATS |DensityEvaluator_Output Feature Counter -1 9(TeeFactory): Cloned 6 input feature(s) into 6 output feature(s)
2016-03-08 13:48:22|   0.7|  0.0|STATS |DensityEvaluator_2 Input Input Collector(TeeFactory): Cloned 6 input feature(s) into 6 output feature(s)
2016-03-08 13:48:22|   0.7|  0.0|STATS |DensityEvaluator_2_Input1457466501 Input Splitter(TeeFactory): Cloned 6 input feature(s) into 6 output feature(s)
2016-03-08 13:48:22|   0.7|  0.0|STATS |DensityEvaluator_2_Input Feature Counter 0 8(TeeFactory): Cloned 6 input feature(s) into 6 output feature(s)
2016-03-08 13:48:22|   0.7|  0.0|STATS |DensityEvaluator_2_AreaCalculator(TeeFactory): Cloned 6 input feature(s) into 6 output feature(s)
2016-03-08 13:48:22|   0.7|  0.0|STATS |DensityEvaluator_2_AreaCalculator_OUTPUT Feature Counter 0 11(TeeFactory): Cloned 6 input feature(s) into 6 output feature(s)
2016-03-08 13:48:22|   0.7|  0.0|STATS |DensityEvaluator_2_Tester(TestFactory): Tested 6 input feature(s) -- 6 feature(s) passed and 0 feature(s) failed
2016-03-08 13:48:22|   0.7|  0.0|STATS |DensityEvaluator_2_Tester_PASSED Feature Counter 0 12(TeeFactory): Cloned 6 input feature(s) into 6 output feature(s)
2016-03-08 13:48:22|   0.7|  0.0|STATS |DensityEvaluator_2_Tester_FAILED Feature Counter 0 13(TeeFactory): Cloned 0 input feature(s) into 0 output feature(s)
2016-03-08 13:48:22|   0.7|  0.0|STATS |DensityEvaluator_2_ExpressionEvaluator_2(TeeFactory): Cloned 0 input feature(s) into 0 output feature(s)
2016-03-08 13:48:22|   0.7|  0.0|STATS |DensityEvaluator_2_ExpressionEvaluator_2_OUTPUT Feature Counter 0 14(TeeFactory): Cloned 0 input feature(s) into 0 output feature(s)
2016-03-08 13:48:22|   0.7|  0.0|STATS |DensityEvaluator_2_ExpressionEvaluator_3(TeeFactory): Cloned 6 input feature(s) into 6 output feature(s)
2016-03-08 13:48:22|   0.7|  0.0|STATS |DensityEvaluator_2_ExpressionEvaluator_3_OUTPUT Feature Counter 0 6(TeeFactory): Cloned 6 input feature(s) into 6 output feature(s)
2016-03-08 13:48:22|   0.7|  0.0|STATS |DensityEvaluator_2_Output1457466501 Output Collector(TeeFactory): Cloned 6 input feature(s) into 6 output feature(s)
2016-03-08 13:48:22|   0.7|  0.0|STATS |DensityEvaluator_2 Output Output Renamer/Nuker(TeeFactory): Cloned 6 input feature(s) into 6 output feature(s)
2016-03-08 13:48:22|   0.7|  0.0|STATS |DensityEvaluator_2_Output Feature Counter -1 12(TeeFactory): Cloned 6 input feature(s) into 6 output feature(s)
2016-03-08 13:48:22|   0.7|  0.0|STATS |ExpressionEvaluator_2_Output_DirCreator(CreationFactory): Created 1 features
2016-03-08 13:48:22|   0.7|  0.0|STATS |ExpressionEvaluator_2_Output_DirCreatorCleanerUpper(TeeFactory): Cloned 1 input feature(s) into 0 output feature(s)
2016-03-08 13:48:22|   0.7|  0.0|STATS |ExpressionEvaluator_2_Output_FeatureDirector(TestFactory): Tested 6 input feature(s) -- 0 feature(s) passed and 6 feature(s) failed
2016-03-08 13:48:22|   0.7|  0.0|STATS |ExpressionEvaluator_2_Output___FeatureDirector1(TestFactory): Tested 6 input feature(s) -- 0 feature(s) passed and 6 feature(s) failed
2016-03-08 13:48:22|   0.7|  0.0|STATS |ExpressionEvaluator_2_Output_VectorSetterUpper(TeeFactory): Cloned 6 input feature(s) into 6 output feature(s)
2016-03-08 13:48:22|   0.7|  0.0|STATS |ExpressionEvaluator_2_Output___PointCloudThinner(TeeFactory): Cloned 0 input feature(s) into 0 output feature(s)
2016-03-08 13:48:22|   0.7|  0.0|STATS |ExpressionEvaluator_2_Output_RasterSetterUpper(TeeFactory): Cloned 0 input feature(s) into 0 output feature(s)
2016-03-08 13:48:22|   0.7|  0.0|STATS |Stored 6 feature(s) to FME feature store file `C:\Users\imark\AppData\Local\Temp\CustomTransformers-Ex3-Complete-Advanced_134821\inspector.ffs'
2016-03-08 13:48:22|   0.7|  0.0|INFORM|Saving spatial index into file 'C:\Users\imark\AppData\Local\Temp\CustomTransformers-Ex3-Complete-Advanced_134821\inspector.fsi'
2016-03-08 13:48:22|   0.7|  0.0|INFORM|Finished saving spatial index into file 'C:\Users\imark\AppData\Local\Temp\CustomTransformers-Ex3-Complete-Advanced_134821\inspector.fsi'
2016-03-08 13:48:22|   0.7|  0.0|STATS |Stored 1 feature(s) to FME feature store file `C:\Users\imark\AppData\Local\Temp\CustomTransformers-Ex3-Complete-Advanced_134821\inspector.fsc'
2016-03-08 13:48:22|   0.7|  0.0|INFORM|ExpressionEvaluator_2_Output_Recorder(RecorderFactory): Recorded 6 feature(s) to file `C:\Users\imark\AppData\Local\Temp\CustomTransformers-Ex3-Complete-Advanced_134821\inspector.ffs'
2016-03-08 13:48:22|   0.7|  0.0|STATS |Destination Feature Type Routing Correlator(RoutingFactory): Tested 0 input feature(s), wrote 0 output feature(s): 0 matched merge filters, 0 were routed to output, 0 could not be routed.
2016-03-08 13:48:22|   0.7|  0.0|STATS |Final Output Nuker(TeeFactory): Cloned 0 input feature(s) into 0 output feature(s)
2016-03-08 13:48:22|   0.7|  0.0|STATS |f_48(CreationFactory): Created 1 features
2016-03-08 13:48:22|   0.7|  0.0|STATS |f_49(TeeFactory): Cloned 1 input feature(s) into 0 output feature(s)
2016-03-08 13:48:22|   0.7|  0.0|INFORM|=-=-=-=-=-=-=-=-=-=-=-=-=-=-=-=-=-=-=-=-=-=-=-=-=-=-=-=-=-=-=-=-=-=-=-=-=-=-=-
2016-03-08 13:48:22|   0.7|  0.0|INFORM|Feature output statistics for `FFS' writer using keyword `W_1':
2016-03-08 13:48:22|   0.7|  0.0|STATS |=-=-=-=-=-=-=-=-=-=-=-=-=-=-=-=-=-=-=-=-=-=-=-=-=-=-=-=-=-=-=-=-=-=-=-=-=-=-=-
2016-03-08 13:48:22|   0.7|  0.0|STATS |                               Features Written
2016-03-08 13:48:22|   0.7|  0.0|STATS |=-=-=-=-=-=-=-=-=-=-=-=-=-=-=-=-=-=-=-=-=-=-=-=-=-=-=-=-=-=-=-=-=-=-=-=-=-=-=-
2016-03-08 13:48:22|   0.7|  0.0|STATS |==============================================================================
2016-03-08 13:48:22|   0.7|  0.0|STATS |Total Features Written                                                       0
2016-03-08 13:48:22|   0.7|  0.0|STATS |=-=-=-=-=-=-=-=-=-=-=-=-=-=-=-=-=-=-=-=-=-=-=-=-=-=-=-=-=-=-=-=-=-=-=-=-=-=-=-
2016-03-08 13:48:22|   0.7|  0.0|STATS |=-=-=-=-=-=-=-=-=-=-=-=-=-=-=-=-=-=-=-=-=-=-=-=-=-=-=-=-=-=-=-=-=-=-=-=-=-=-=-
2016-03-08 13:48:22|   0.7|  0.0|STATS |                            Features Read Summary
2016-03-08 13:48:22|   0.7|  0.0|STATS |=-=-=-=-=-=-=-=-=-=-=-=-=-=-=-=-=-=-=-=-=-=-=-=-=-=-=-=-=-=-=-=-=-=-=-=-=-=-=-
2016-03-08 13:48:22|   0.7|  0.0|STATS |Document                                                                     1
2016-03-08 13:48:22|   0.7|  0.0|STATS |Folder                                                                       1
2016-03-08 13:48:22|   0.7|  0.0|STATS |Neighborhoods                                                                6
2016-03-08 13:48:22|   0.7|  0.0|STATS |Style                                                                        1
2016-03-08 13:48:22|   0.7|  0.0|STATS |==============================================================================
2016-03-08 13:48:22|   0.7|  0.0|STATS |Total Features Read                                                          9
2016-03-08 13:48:22|   0.7|  0.0|STATS |=-=-=-=-=-=-=-=-=-=-=-=-=-=-=-=-=-=-=-=-=-=-=-=-=-=-=-=-=-=-=-=-=-=-=-=-=-=-=-
2016-03-08 13:48:22|   0.7|  0.0|STATS |=-=-=-=-=-=-=-=-=-=-=-=-=-=-=-=-=-=-=-=-=-=-=-=-=-=-=-=-=-=-=-=-=-=-=-=-=-=-=-
2016-03-08 13:48:22|   0.7|  0.0|STATS |                           Features Written Summary
2016-03-08 13:48:22|   0.7|  0.0|STATS |=-=-=-=-=-=-=-=-=-=-=-=-=-=-=-=-=-=-=-=-=-=-=-=-=-=-=-=-=-=-=-=-=-=-=-=-=-=-=-
2016-03-08 13:48:22|   0.7|  0.0|STATS |==============================================================================
2016-03-08 13:48:22|   0.7|  0.0|STATS |Total Features Written                                                       0
2016-03-08 13:48:22|   0.7|  0.0|STATS |=-=-=-=-=-=-=-=-=-=-=-=-=-=-=-=-=-=-=-=-=-=-=-=-=-=-=-=-=-=-=-=-=-=-=-=-=-=-=-
2016-03-08 13:48:22|   0.7|  0.0|INFORM|Translation was SUCCESSFUL with 1 warning(s) (0 feature(s) output)
2016-03-08 13:48:22|   0.7|  0.0|INFORM|FME Session Duration: 0.7 seconds. (CPU: 0.4s user, 0.1s system)
2016-03-08 13:48:22|   0.7|  0.0|INFORM|END - ProcessID: 18312, peak process memory usage: 78128 kB, current process memory usage: 76048 kB
