2015-11-12 16:20:33|   0.1|  0.1|INFORM|FME 2016.0.0.0 Beta (20151110 - Build 16127 - WIN32)
2015-11-12 16:20:33|   0.1|  0.0|INFORM|FME_HOME is 'C:\apps\FME2016.0\'
2015-11-12 16:20:33|   0.1|  0.0|INFORM|FME Desktop Smallworld Edition (floating)
2015-11-12 16:20:33|   0.1|  0.0|INFORM|Permanent License.
2015-11-12 16:20:33|   0.1|  0.0|INFORM|Machine host name is: vash
2015-11-12 16:20:33|   0.1|  0.0|INFORM|START - ProcessID: 25732, peak process memory usage: 38716 kB, current process memory usage: 38716 kB
2015-11-12 16:20:33|   0.1|  0.0|INFORM|FME Configuration: Command line arguments are `C:\apps\FME2016.0\fme.exe' `C:/FMEData2015/Workspaces/DesktopBasic\wb-xlate-1447366832492_27288' `LOG_STANDARDOUT' `YES' `LogCountServerName' `{c659b19f-fc9b-44d8-a97b-93d2c4d128d1}' `DEBUG_PORT' `49547'
2015-11-12 16:20:33|   0.2|  0.1|INFORM|Shared folders for formats are : C:\apps\FME2016.0\datasources;C:\Users\imark\AppData\Roaming\Safe Software\FME\FME Store\Formats;C:\apps\FMEServer\Resources\shared\Formats;C:\Users\imark\Documents\FME\Formats
2015-11-12 16:20:33|   0.2|  0.0|INFORM|Shared folders for transformers are : C:\apps\FME2016.0\transformers;C:\Users\imark\AppData\Roaming\Safe Software\FME\FME Store\Transformers;C:\apps\FMEServer\Resources\shared\Transformers;C:\Users\imark\Documents\FME\Transformers
2015-11-12 16:20:33|   0.2|  0.0|INFORM|Shared folders for coordinate systems are : C:\apps\FMEServer\Resources\shared\CoordinateSystems;C:\Users\imark\Documents\FME\CoordinateSystems
2015-11-12 16:20:33|   0.2|  0.0|INFORM|Shared folders for coordinate system exceptions are : C:\apps\FMEServer\Resources\shared\CoordinateSystemExceptions;C:\Users\imark\Documents\FME\CoordinateSystemExceptions
2015-11-12 16:20:33|   0.2|  0.0|INFORM|Shared folders for coordinate system grid overrides are : C:\apps\FMEServer\Resources\shared\CoordinateSystemGridOverrides;C:\Users\imark\Documents\FME\CoordinateSystemGridOverrides
2015-11-12 16:20:33|   0.2|  0.0|INFORM|Shared folders for CS-MAP transformation exceptions are : C:\apps\FMEServer\Resources\shared\CsmapTransformationExceptions;C:\Users\imark\Documents\FME\CsmapTransformationExceptions
2015-11-12 16:20:33|   0.2|  0.0|INFORM|Shared folders for transformer categories are : C:\Users\imark\Documents\FME\TransformerCategories
2015-11-12 16:20:33|   0.2|  0.0|INFORM|Mapping File Identifier is: Exercise3c-Complete
2015-11-12 16:20:33|   0.2|  0.0|INFORM|FME Configuration: Reader Keyword is `MULTI_READER'
2015-11-12 16:20:33|   0.2|  0.0|INFORM|FME Configuration: Writer Keyword is `MULTI_WRITER'
2015-11-12 16:20:33|   0.2|  0.0|INFORM|FME Configuration: Writer Group Definition Keyword is `MULTI_WRITER_DEF'
2015-11-12 16:20:33|   0.2|  0.0|INFORM|FME Configuration: Reader type is `MULTI_READER'
2015-11-12 16:20:33|   0.2|  0.0|INFORM|FME Configuration: Writer type is `MULTI_WRITER'
2015-11-12 16:20:33|   0.2|  0.0|INFORM|FME Configuration: No destination coordinate system set
2015-11-12 16:20:33|   0.2|  0.0|INFORM|FME Configuration: Current working folder is `C:\FMEData2015\Workspaces\DesktopBasic'
2015-11-12 16:20:33|   0.2|  0.0|INFORM|FME Configuration: Temporary folder is `C:\Users\imark\AppData\Local\Temp'
2015-11-12 16:20:33|   0.2|  0.0|INFORM|FME Configuration: FME_HOME is `C:\apps\FME2016.0\'
2015-11-12 16:20:33|   0.2|  0.0|INFORM|FME Configuration: FME_BASE is 'no'
2015-11-12 16:20:33|   0.2|  0.0|INFORM|FME Configuration: FME_MF_DIR is 'C:\FMEData2015\Workspaces\DesktopBasic/'
2015-11-12 16:20:33|   0.2|  0.0|INFORM|FME Configuration: FME_MF_NAME is 'Exercise3b-Complete.fmw'
2015-11-12 16:20:33|   0.2|  0.0|INFORM|FME Configuration: FME_PRODUCT_NAME is 'FME(R) 2016.0.0.0'
2015-11-12 16:20:33|   0.2|  0.0|INFORM|System Status: 102.53 GB of disk space available in the FME temporary folder (C:\Users\imark\AppData\Local\Temp)
2015-11-12 16:20:33|   0.2|  0.0|INFORM|System Status: 4.00 GB of virtual memory available
2015-11-12 16:20:33|   0.2|  0.0|INFORM|Operating System: Microsoft Windows 7 64-bit Service Pack 1 (Build 7601)
2015-11-12 16:20:33|   0.2|  0.0|INFORM|FME Platform: WIN32
2015-11-12 16:20:33|   0.2|  0.0|INFORM|Locale: en_CA
2015-11-12 16:20:33|   0.2|  0.0|INFORM|Code Page: 1252  (ANSI - Latin I)
2015-11-12 16:20:33|   0.2|  0.0|INFORM|FME Configuration: Process limits are 24.00 GB of physical memory and 4.00 GB of address space
2015-11-12 16:20:33|   0.2|  0.0|INFORM|FME Configuration: Start freeing memory when process usage exceeds 2.83 GB of memory or 3.41 GB of address space
2015-11-12 16:20:33|   0.2|  0.0|INFORM|FME Configuration: Stop freeing memory when process usage is below 2.12 GB of memory and 2.56 GB of address space
2015-11-12 16:20:33|   0.2|  0.0|INFORM|Creating writer for format: 
2015-11-12 16:20:33|   0.2|  0.0|INFORM|Creating reader for format: 
2015-11-12 16:20:33|   0.2|  0.0|INFORM|MULTI_READER(MULTI_READER): Will fail with first member reader failure
2015-11-12 16:20:33|   0.2|  0.0|INFORM|MULTI_READER(MULTI_READER): Adding JSON Reader with keyword JSON_1
2015-11-12 16:20:33|   0.2|  0.0|INFORM|MULTI_READER(MULTI_READER): Adding SHAPE Reader with keyword SHAPE_1
2015-11-12 16:20:33|   0.2|  0.0|INFORM|Using Multi Reader $Revision$ ( $Date$ ) with keyword `MULTI_READER' to read multiple datasets
2015-11-12 16:20:33|   0.2|  0.0|INFORM|Creating reader for format: JSON (JavaScript Object Notation)
2015-11-12 16:20:33|   0.2|  0.0|INFORM|Trying to find a DYNAMIC plugin for reader named `JSON'
2015-11-12 16:20:33|   0.2|  0.0|INFORM|Loaded module 'JSON' from file 'C:\apps\FME2016.0\plugins/JSON.dll'
2015-11-12 16:20:33|   0.2|  0.0|INFORM|FME API version of module 'JSON' matches current internal version (3.8 20150814)
2015-11-12 16:20:33|   0.2|  0.0|INFORM|Opening the JSON reader with source dataset 'C:\FMEData2015\Data\GPS\ElectricCarTrack.json'
2015-11-12 16:20:33|   0.2|  0.0|INFORM|Using MultiWriter $Revision$ ( $Date$ ) with keyword `MULTI_WRITER' to output data (ID_ATTRIBUTE is `multi_writer_id')
2015-11-12 16:20:33|   0.2|  0.0|INFORM|Writer output will be ordered by value of multi_writer_id
2015-11-12 16:20:33|   0.2|  0.0|INFORM|Loaded module 'LogCount_func' from file 'C:\apps\FME2016.0\plugins/LogCount_func.dll'
2015-11-12 16:20:33|   0.2|  0.0|INFORM|FME API version of module 'LogCount_func' matches current internal version (3.8 20150814)
2015-11-12 16:20:33|   0.3|  0.0|INFORM|Creating writer for format: FME Feature Store (FFS)
2015-11-12 16:20:33|   0.3|  0.0|INFORM|FME Configuration: No destination coordinate system set
2015-11-12 16:20:33|   0.3|  0.0|INFORM|Loaded module 'BreakpointFactory' from file 'C:\apps\FME2016.0\plugins/BreakpointFactory.dll'
2015-11-12 16:20:33|   0.3|  0.0|INFORM|FME API version of module 'BreakpointFactory' matches current internal version (3.8 20150814)
2015-11-12 16:20:33|   0.3|  0.0|INFORM|Feature Inspection module initialized. Workbench@49547 and FME@51485
2015-11-12 16:20:33|   0.3|  0.0|INFORM|FME API version of module 'BreakpointFactory' matches current internal version (3.8 20150814)
2015-11-12 16:20:33|   0.3|  0.0|INFORM|FME Configuration: Using FME Reprojection Engine
2015-11-12 16:20:33|   0.3|  0.0|INFORM|FME API version of module 'BreakpointFactory' matches current internal version (3.8 20150814)
2015-11-12 16:20:33|   0.3|  0.0|INFORM|Loaded module 'VertexCreatorFactory' from file 'C:\apps\FME2016.0\plugins/VertexCreatorFactory.dll'
2015-11-12 16:20:33|   0.3|  0.0|INFORM|FME API version of module 'VertexCreatorFactory' matches current internal version (3.8 20150814)
2015-11-12 16:20:33|   0.3|  0.0|INFORM|FME API version of module 'BreakpointFactory' matches current internal version (3.8 20150814)
2015-11-12 16:20:33|   0.3|  0.0|INFORM|FME API version of module 'BreakpointFactory' matches current internal version (3.8 20150814)
2015-11-12 16:20:33|   0.3|  0.0|INFORM|Loaded module 'RasterClippingFactory' from file 'C:\apps\FME2016.0\plugins/RasterClippingFactory.dll'
2015-11-12 16:20:33|   0.3|  0.0|INFORM|FME API version of module 'RasterClippingFactory' matches current internal version (3.8 20150814)
2015-11-12 16:20:33|   0.3|  0.0|INFORM|Loaded module 'SolidIntersectionFactory' from file 'C:\apps\FME2016.0\plugins/SolidIntersectionFactory.dll'
2015-11-12 16:20:33|   0.3|  0.0|INFORM|FME API version of module 'SolidIntersectionFactory' matches current internal version (3.8 20150814)
2015-11-12 16:20:33|   0.3|  0.0|INFORM|FME API version of module 'BreakpointFactory' matches current internal version (3.8 20150814)
2015-11-12 16:20:33|   0.3|  0.0|INFORM|FME API version of module 'BreakpointFactory' matches current internal version (3.8 20150814)
2015-11-12 16:20:33|   0.3|  0.0|INFORM|Closing the JSON reader
2015-11-12 16:20:33|   0.3|  0.0|INFORM|Creating reader for format: Esri Shapefile
2015-11-12 16:20:33|   0.4|  0.0|INFORM|Using Shape Reader $Revision$ ( $Date$ ) to read shape files from folder `C:\FMEData2015\Data\Boundaries\LandBoundary/'
2015-11-12 16:20:33|   0.4|  0.0|INFORM|SHAPE_1 Reader: Using enhanced geometry
2015-11-12 16:20:33|   0.4|  0.0|INFORM|Shape Reader: Allowing attribute names with mixed case
2015-11-12 16:20:33|   0.4|  0.0|INFORM|Opened Shape File 'C:\FMEData2015\Data\Boundaries\LandBoundary\VancouverLandBoundary.shp' for input
2015-11-12 16:20:33|   0.4|  0.0|INFORM|Opened DBF File 'C:\FMEData2015\Data\Boundaries\LandBoundary\VancouverLandBoundary.dbf' for input
2015-11-12 16:20:33|   0.4|  0.0|INFORM|DBF Reader: Could not detect encoding. Using default system encoding
2015-11-12 16:20:33|   0.4|  0.0|INFORM|DBF File 'C:\FMEData2015\Data\Boundaries\LandBoundary\VancouverLandBoundary.dbf' has fields: Area number(15,3), Perimeter number(15,3), Vertices number(6,0), MinX number(15,3), MaxX number(15,3), MinY number(15,3), MaxY number(15,3)
2015-11-12 16:20:33|   0.6|  0.2|INFORM|The OGC definition of the FME coordinate system 'UTM83-10' is 'PROJCS["NAD_1983_UTM_Zone_10N",GEOGCS["GCS_North_American_1983",DATUM["D_North_American_1983",SPHEROID["GRS_1980",6378137,298.257222101]],PRIMEM["Greenwich",0],UNIT["Degree",0.017453292519943295]],PROJECTION["Transverse_Mercator"],PARAMETER["False_Easting",500000],PARAMETER["False_Northing",0],PARAMETER["Central_Meridian",-123],PARAMETER["Scale_Factor",0.9996],PARAMETER["Latitude_Of_Origin",0],UNIT["Meter",1]]'
2015-11-12 16:20:33|   0.6|  0.0|INFORM|FME Configuration: Source coordinate system for reader SHAPE_1[SHAPE] set to `UTM83-10' as read from input data
2015-11-12 16:20:33|   0.6|  0.0|INFORM|Coordinate System `UTM83-10' parameters: CS_NAME=`UTM83-10' DESC_NM=`UTM with NAD83 datum, Zone 10, Meter; Central Meridian 123d W' DT_NAME=`NAD83' GROUP=`UTM83' MAP_SCL=`1' MAX_LAT=`86.9333333333333' MAX_LNG=`-119.25' MIN_LAT=`25.4166666666667' MIN_LNG=`-126.75' PARM1=`-123' PROJ=`TM' QUAD=`1' SCL_RED=`0.9996' SOURCE=`Snyder, J.P, 1987, Map Projections - A Working Manual' UNIT=`METER' X_OFF=`500000.0' Y_OFF=`0.0' 
2015-11-12 16:20:33|   0.6|  0.0|INFORM|Shape Reader: Bounding box of shapefile `C:\FMEData2015\Data\Boundaries\LandBoundary\VANCOUVERLANDBOUNDARY' is: (486459.325918726,5455944.71823123),(494398.960786842,5462384.07179924)
2015-11-12 16:20:33|   0.6|  0.0|INFORM|Shape Reader: Bounding box of shapefile(s) selected from folder `C:\FMEData2015\Data\Boundaries\LandBoundary/' is: (486459.325918726,5455944.71823123),(494398.960786842,5462384.07179924)
2015-11-12 16:20:33|   0.7|  0.0|INFORM|MULTI_READER(MULTI_READER): Done reading 17 features from 2 readers
2015-11-12 16:20:33|   0.7|  0.0|INFORM|Emptying factory pipeline
2015-11-12 16:20:33|   0.7|  0.0|STATS |Router and Unexpected Input Remover(RoutingFactory): Tested 17 input feature(s), wrote 17 output feature(s): 17 matched merge filters, 17 were routed to output, 0 could not be routed.
2015-11-12 16:20:33|   0.7|  0.0|STATS |Unexpected Input Remover Nuker(TeeFactory): Cloned 0 input feature(s) into 0 output feature(s)
2015-11-12 16:20:33|   0.7|  0.0|STATS |JSONFeature (JSON_1) Splitter(TeeFactory): Cloned 16 input feature(s) into 16 output feature(s)
2015-11-12 16:20:33|   0.7|  0.0|STATS |VancouverLandBoundary (SHAPE_1) Splitter(TeeFactory): Cloned 1 input feature(s) into 1 output feature(s)
2015-11-12 16:20:33|   0.7|  0.0|STATS |CsmapReprojector(TeeFactory): Cloned 1 input feature(s) into 1 output feature(s)
2015-11-12 16:20:33|   0.7|  0.0|STATS |VertexCreator_<REJECTED> Feature Counter -1 2147680270(TeeFactory): Cloned 0 input feature(s) into 0 output feature(s)
2015-11-12 16:20:33|   0.7|  0.0|STATS |PointConnector(ConnectionFactory): Processed 16 input feature(s). Output 1 feature(s) consisting of 0 polygonal feature(s), 1 linear feature(s), and 0 point feature(s)
2015-11-12 16:20:33|   0.7|  0.0|STATS |PointConnector_<REJECTED> Feature Counter -1 2147811334(TeeFactory): Cloned 0 input feature(s) into 0 output feature(s)
2015-11-12 16:20:33|   0.7|  0.0|STATS |Clipper_ClipperCloner(TeeFactory): Cloned 1 input feature(s) into 2 output feature(s)
2015-11-12 16:20:33|   0.7|  0.0|STATS |Clipper_SolidClipperFilter(TestFactory): Tested 1 input feature(s) -- 0 feature(s) passed and 1 feature(s) failed
2015-11-12 16:20:33|   0.7|  0.0|STATS |Clipper_ClippeeFilter(TestFactory): Tested 1 input feature(s) -- 0 feature(s) passed and 1 feature(s) failed
2015-11-12 16:20:33|   0.7|  0.0|STATS |Storing feature(s) to FME feature store file `C:\Users\imark\AppData\Local\Temp\Exercise3b-Complete_162033\inspector.ffs'
2015-11-12 16:20:33|   0.7|  0.0|STATS |Storing feature(s) to FME feature store file `C:\Users\imark\AppData\Local\Temp\Exercise3b-Complete_162033\inspector.fsc'
2015-11-12 16:20:33|   0.7|  0.0|STATS |Clipper_Vector(ClippingFactory): Processed 1 input feature(s), of which 1 feature(s) were clipped, 0 feature(s) were totally inside and 0 feature(s) were totally outside
2015-11-12 16:20:33|   0.7|  0.0|STATS |Clipper_Nuker(TeeFactory): Cloned 0 input feature(s) into 0 output feature(s)
2015-11-12 16:20:33|   0.7|  0.0|STATS |Clipper_<REJECTED> Feature Counter -1 2147745809(TeeFactory): Cloned 0 input feature(s) into 0 output feature(s)
2015-11-12 16:20:33|   0.7|  0.0|STATS |CoordinateSystemSetter(TeeFactory): Cloned 1 input feature(s) into 1 output feature(s)
2015-11-12 16:20:33|   0.7|  0.0|STATS |Clipper_Inside_DirCreator(CreationFactory): Created 1 features
2015-11-12 16:20:33|   0.7|  0.0|STATS |Clipper_Inside_DirCreatorCleanerUpper(TeeFactory): Cloned 1 input feature(s) into 0 output feature(s)
2015-11-12 16:20:33|   0.7|  0.0|STATS |Clipper_Inside_FeatureDirector(TestFactory): Tested 1 input feature(s) -- 0 feature(s) passed and 1 feature(s) failed
2015-11-12 16:20:33|   0.7|  0.0|STATS |Clipper_Inside___FeatureDirector1(TestFactory): Tested 1 input feature(s) -- 0 feature(s) passed and 1 feature(s) failed
2015-11-12 16:20:33|   0.7|  0.0|STATS |Clipper_Inside_VectorSetterUpper(TeeFactory): Cloned 1 input feature(s) into 1 output feature(s)
2015-11-12 16:20:33|   0.7|  0.0|STATS |Clipper_Inside___PointCloudThinner(TeeFactory): Cloned 0 input feature(s) into 0 output feature(s)
2015-11-12 16:20:33|   0.7|  0.0|STATS |Clipper_Inside_RasterSetterUpper(TeeFactory): Cloned 0 input feature(s) into 0 output feature(s)
2015-11-12 16:20:33|   0.7|  0.0|STATS |Stored 1 feature(s) to FME feature store file `C:\Users\imark\AppData\Local\Temp\Exercise3b-Complete_162033\inspector.ffs'
2015-11-12 16:20:33|   0.7|  0.0|INFORM|Saving spatial index into file 'C:\Users\imark\AppData\Local\Temp\Exercise3b-Complete_162033\inspector.fsi'
2015-11-12 16:20:33|   0.7|  0.0|INFORM|Finished saving spatial index into file 'C:\Users\imark\AppData\Local\Temp\Exercise3b-Complete_162033\inspector.fsi'
2015-11-12 16:20:33|   0.7|  0.0|STATS |Stored 1 feature(s) to FME feature store file `C:\Users\imark\AppData\Local\Temp\Exercise3b-Complete_162033\inspector.fsc'
2015-11-12 16:20:33|   0.7|  0.0|INFORM|Clipper_Inside_Recorder(RecorderFactory): Recorded 1 feature(s) to file `C:\Users\imark\AppData\Local\Temp\Exercise3b-Complete_162033\inspector.ffs'
2015-11-12 16:20:33|   0.7|  0.0|STATS |Destination Feature Type Routing Correlator(RoutingFactory): Tested 0 input feature(s), wrote 0 output feature(s): 0 matched merge filters, 0 were routed to output, 0 could not be routed.
2015-11-12 16:20:33|   0.7|  0.0|STATS |Final Output Nuker(TeeFactory): Cloned 0 input feature(s) into 0 output feature(s)
2015-11-12 16:20:33|   0.7|  0.0|STATS |f_35(CreationFactory): Created 1 features
2015-11-12 16:20:33|   0.7|  0.0|STATS |f_36(TeeFactory): Cloned 1 input feature(s) into 0 output feature(s)
2015-11-12 16:20:33|   0.7|  0.0|INFORM|=-=-=-=-=-=-=-=-=-=-=-=-=-=-=-=-=-=-=-=-=-=-=-=-=-=-=-=-=-=-=-=-=-=-=-=-=-=-=-
2015-11-12 16:20:33|   0.7|  0.0|INFORM|Feature output statistics for `FFS' writer using keyword `W_1':
2015-11-12 16:20:33|   0.7|  0.0|STATS |=-=-=-=-=-=-=-=-=-=-=-=-=-=-=-=-=-=-=-=-=-=-=-=-=-=-=-=-=-=-=-=-=-=-=-=-=-=-=-
2015-11-12 16:20:33|   0.7|  0.0|STATS |                               Features Written
2015-11-12 16:20:33|   0.7|  0.0|STATS |=-=-=-=-=-=-=-=-=-=-=-=-=-=-=-=-=-=-=-=-=-=-=-=-=-=-=-=-=-=-=-=-=-=-=-=-=-=-=-
2015-11-12 16:20:33|   0.7|  0.0|STATS |==============================================================================
2015-11-12 16:20:33|   0.7|  0.0|STATS |Total Features Written                                                       0
2015-11-12 16:20:33|   0.7|  0.0|STATS |=-=-=-=-=-=-=-=-=-=-=-=-=-=-=-=-=-=-=-=-=-=-=-=-=-=-=-=-=-=-=-=-=-=-=-=-=-=-=-
2015-11-12 16:20:33|   0.7|  0.0|STATS |=-=-=-=-=-=-=-=-=-=-=-=-=-=-=-=-=-=-=-=-=-=-=-=-=-=-=-=-=-=-=-=-=-=-=-=-=-=-=-
2015-11-12 16:20:33|   0.7|  0.0|STATS |                            Features Read Summary
2015-11-12 16:20:33|   0.7|  0.0|STATS |=-=-=-=-=-=-=-=-=-=-=-=-=-=-=-=-=-=-=-=-=-=-=-=-=-=-=-=-=-=-=-=-=-=-=-=-=-=-=-
2015-11-12 16:20:33|   0.7|  0.0|STATS |JSONFeature                                                                 16
2015-11-12 16:20:33|   0.7|  0.0|STATS |VancouverLandBoundary                                                        1
2015-11-12 16:20:33|   0.7|  0.0|STATS |==============================================================================
2015-11-12 16:20:33|   0.7|  0.0|STATS |Total Features Read                                                         17
2015-11-12 16:20:33|   0.7|  0.0|STATS |=-=-=-=-=-=-=-=-=-=-=-=-=-=-=-=-=-=-=-=-=-=-=-=-=-=-=-=-=-=-=-=-=-=-=-=-=-=-=-
2015-11-12 16:20:33|   0.7|  0.0|STATS |=-=-=-=-=-=-=-=-=-=-=-=-=-=-=-=-=-=-=-=-=-=-=-=-=-=-=-=-=-=-=-=-=-=-=-=-=-=-=-
2015-11-12 16:20:33|   0.7|  0.0|STATS |                           Features Written Summary
2015-11-12 16:20:33|   0.7|  0.0|STATS |=-=-=-=-=-=-=-=-=-=-=-=-=-=-=-=-=-=-=-=-=-=-=-=-=-=-=-=-=-=-=-=-=-=-=-=-=-=-=-
2015-11-12 16:20:33|   0.7|  0.0|STATS |==============================================================================
2015-11-12 16:20:33|   0.7|  0.0|STATS |Total Features Written                                                       0
2015-11-12 16:20:33|   0.7|  0.0|STATS |=-=-=-=-=-=-=-=-=-=-=-=-=-=-=-=-=-=-=-=-=-=-=-=-=-=-=-=-=-=-=-=-=-=-=-=-=-=-=-
2015-11-12 16:20:33|   0.7|  0.0|INFORM|Translation was SUCCESSFUL with 0 warning(s) (0 feature(s) output)
2015-11-12 16:20:33|   0.7|  0.0|INFORM|FME Session Duration: 0.7 seconds. (CPU: 0.4s user, 0.2s system)
2015-11-12 16:20:33|   0.7|  0.0|INFORM|END - ProcessID: 25732, peak process memory usage: 101344 kB, current process memory usage: 101220 kB
