2020-08-12 14:22:50|   0.0|  0.0|INFORM|FME 2020.1.0.1 (20200710 - Build 20596 - macosx)
2020-08-12 14:22:50|   0.0|  0.0|INFORM|FME_HOME is '/Library/FME/2020.1/'
2020-08-12 14:22:50|   0.0|  0.0|INFORM|FME Desktop Smallworld Edition (floating)
2020-08-12 14:22:50|   0.0|  0.0|INFORM|Permanent License.
2020-08-12 14:22:50|   0.0|  0.0|INFORM|Machine host name is: usidore
2020-08-12 14:22:50|   0.0|  0.0|INFORM|START - ProcessID: 5204, peak process memory usage: 55768 kB, current process memory usage: 55768 kB
2020-08-12 14:22:50|   0.0|  0.0|INFORM|FME Configuration: Command line arguments are `/Library/FME/2020.1/fme' `/Users/Nathan/Documents/Projects/Cityworks Training/Scenario1.1/wb-xlate-1597267369602_5160' `LOG_STANDARDOUT' `YES' `LogCountServerName' `{fc589ec3-bb67-40be-b9bc-37b3219d60e3}' `LOG_TIMINGS' `Yes'
2020-08-12 14:22:50|   0.0|  0.0|INFORM|FME Configuration: Connection Storage: '/Users/Nathan/Library/Caches/Safe Software/FME/'
2020-08-12 14:22:50|   0.2|  0.2|INFORM|Shared folders for formats are : /Library/FME/2020.1/datasources;/Users/Nathan/Documents/FME/Formats;/Users/Nathan/Library/Application Support/FME/Formats
2020-08-12 14:22:50|   0.2|  0.0|INFORM|Shared folders for transformers are : /Users/Nathan/Library/Caches/Safe Software/FME/Packages/20596-macosx/transformers;/Library/FME/2020.1/transformers;/Users/Nathan/Documents/FME/Transformers;/Users/Nathan/Library/Caches/Safe Software/FME/FME Store/Transformers
2020-08-12 14:22:50|   0.2|  0.0|INFORM|Shared folders for coordinate systems are : /Users/Nathan/Documents/FME/CoordinateSystems;/Users/Nathan/Library/Application Support/FME/CoordinateSystems
2020-08-12 14:22:50|   0.2|  0.0|INFORM|Shared folders for coordinate system exceptions are : /Users/Nathan/Documents/FME/CoordinateSystemExceptions;/Users/Nathan/Library/Application Support/FME/CoordinateSystemExceptions
2020-08-12 14:22:50|   0.2|  0.0|INFORM|Shared folders for coordinate system grid overrides are : /Users/Nathan/Documents/FME/CoordinateSystemGridOverrides;/Users/Nathan/Library/Application Support/FME/CoordinateSystemGridOverrides
2020-08-12 14:22:50|   0.2|  0.0|INFORM|Shared folders for CS-MAP transformation exceptions are : /Users/Nathan/Documents/FME/CsmapTransformationExceptions;/Users/Nathan/Library/Application Support/FME/CsmapTransformationExceptions
2020-08-12 14:22:50|   0.2|  0.0|INFORM|Shared folders for transformer categories are : /Users/Nathan/Documents/FME/TransformerCategories;/Users/Nathan/Library/Application Support/FME/TransformerCategories
2020-08-12 14:22:50|   0.2|  0.0|INFORM|FME Configuration: Reader Keyword is `MULTI_READER'
2020-08-12 14:22:50|   0.2|  0.0|INFORM|FME Configuration: Writer Keyword is `MULTI_WRITER'
2020-08-12 14:22:50|   0.2|  0.0|INFORM|FME Configuration: Writer Group Definition Keyword is `MULTI_WRITER_DEF'
2020-08-12 14:22:50|   0.2|  0.0|INFORM|FME Configuration: Reader type is `MULTI_READER'
2020-08-12 14:22:50|   0.2|  0.0|INFORM|FME Configuration: Writer type is `MULTI_WRITER'
2020-08-12 14:22:50|   0.2|  0.0|INFORM|FME Configuration: No destination coordinate system set
2020-08-12 14:22:50|   0.2|  0.0|INFORM|FME Configuration: Current working folder is `/Users/Nathan/Documents/Projects/Cityworks Training/Scenario1.1'
2020-08-12 14:22:50|   0.2|  0.0|INFORM|FME Configuration: Temporary folder is `/private/var/folders/pt/zfwxh6sj06391fhf65mgn2qm0000gp/T/wbrun_1597267353591_5160/fmetmp_1597267369615_5160', set from environment variable `FME_TEMP'
2020-08-12 14:22:50|   0.2|  0.0|INFORM|FME Configuration: FME_HOME is `/Library/FME/2020.1/'
2020-08-12 14:22:50|   0.2|  0.0|INFORM|FME Configuration: FME_BASE is 'no'
2020-08-12 14:22:50|   0.2|  0.0|INFORM|FME Configuration: FME_MF_DIR is '/Users/Nathan/Documents/Projects/Cityworks Training/Scenario1.1/'
2020-08-12 14:22:50|   0.2|  0.0|INFORM|FME Configuration: FME_MF_NAME is 'WOTask.fmw'
2020-08-12 14:22:50|   0.2|  0.0|INFORM|FME Configuration: FME_PRODUCT_NAME is 'FME(R) 2020.1.0.1'
2020-08-12 14:22:50|   0.2|  0.0|INFORM|System Status: 550.04 GB of disk space available in the FME temporary folder (/private/var/folders/pt/zfwxh6sj06391fhf65mgn2qm0000gp/T/wbrun_1597267353591_5160/fmetmp_1597267369615_5160)
2020-08-12 14:22:50|   0.2|  0.0|INFORM|System Status: 32.00 GB of physical memory available
2020-08-12 14:22:50|   0.2|  0.0|INFORM|System Status: 34.00 GB of virtual memory available
2020-08-12 14:22:50|   0.2|  0.0|INFORM|Operating System: Mac OS X Version 10.15.5 (Build 19F101)
2020-08-12 14:22:50|   0.2|  0.0|INFORM|FME Platform: macosx
2020-08-12 14:22:50|   0.2|  0.0|INFORM|Locale: en_CA
2020-08-12 14:22:50|   0.2|  0.0|INFORM|System Encoding: UTF-8
2020-08-12 14:22:50|   0.2|  0.0|INFORM|FME Configuration: Start freeing memory when the process exceeds 32.83 GB
2020-08-12 14:22:50|   0.2|  0.0|INFORM|FME Configuration: Stop freeing memory when the process is below 24.62 GB
2020-08-12 14:22:50|   0.3|  0.0|INFORM|Creating writer for format: 
2020-08-12 14:22:50|   0.3|  0.0|INFORM|Creating reader for format: 
2020-08-12 14:22:50|   0.3|  0.0|INFORM|MULTI_READER(MULTI_READER): Will fail with first member reader failure
2020-08-12 14:22:50|   0.3|  0.0|INFORM|Using Multi Reader with keyword `MULTI_READER' to read multiple datasets
2020-08-12 14:22:50|   0.3|  0.0|INFORM|Using MultiWriter with keyword `MULTI_WRITER' to output data (ID_ATTRIBUTE is `multi_writer_id')
2020-08-12 14:22:50|   0.3|  0.0|INFORM|Writer output will be ordered by value of multi_writer_id
2020-08-12 14:22:50|   0.3|  0.0|INFORM|DYLD_LIBRARY_PATH is not set
2020-08-12 14:22:50|   0.3|  0.0|INFORM|Loaded module 'Geometry_func' from file '/Library/FME/2020.1//plugins/geometry_func.so'
2020-08-12 14:22:50|   0.3|  0.0|INFORM|FME API version of module 'Geometry_func' matches current internal version (3.8 20200115)
2020-08-12 14:22:50|   0.3|  0.0|INFORM|Loaded module 'LogCount_func' from file '/Library/FME/2020.1//plugins/logcount_func.so'
2020-08-12 14:22:50|   0.3|  0.0|INFORM|FME API version of module 'LogCount_func' matches current internal version (3.8 20200115)
2020-08-12 14:22:50|   0.3|  0.0|INFORM|Loaded module 'JSONQueryFactory' from file '/Library/FME/2020.1//plugins/jsonqueryfactory.so'
2020-08-12 14:22:50|   0.3|  0.0|INFORM|FME API version of module 'JSONQueryFactory' matches current internal version (3.8 20200115)
2020-08-12 14:22:50|   0.3|  0.0|INFORM|Loaded module 'TextEncoderFactory' from file '/Library/FME/2020.1//plugins/textencoderfactory.so'
2020-08-12 14:22:50|   0.3|  0.0|INFORM|FME API version of module 'TextEncoderFactory' matches current internal version (3.8 20200115)
2020-08-12 14:22:50|   0.3|  0.0|INFORM|Loaded module 'HTTPFactory' from file '/Library/FME/2020.1//plugins/httpfactory.so'
2020-08-12 14:22:50|   0.3|  0.0|INFORM|FME API version of module 'HTTPFactory' matches current internal version (3.8 20200115)
2020-08-12 14:22:50|   0.3|  0.0|INFORM|Loaded module 'JSONFormatterFactory' from file '/Library/FME/2020.1//plugins/jsonformatterfactory.so'
2020-08-12 14:22:50|   0.3|  0.0|INFORM|FME API version of module 'JSONFormatterFactory' matches current internal version (3.8 20200115)
2020-08-12 14:22:50|   0.3|  0.0|INFORM|FME API version of module 'JSONQueryFactory' matches current internal version (3.8 20200115)
2020-08-12 14:22:50|   0.3|  0.0|INFORM|Emptying factory pipeline
2020-08-12 14:22:50|   0.3|  0.0|STATS |Storing feature(s) to FME feature store file `/private/var/folders/pt/zfwxh6sj06391fhf65mgn2qm0000gp/T/wb-cache-WOTask-DPbXWH/Main_Creator -1 2 fo 0 CREATED  0  51dca23d42fd6d1cb1bec609732d3928fca13296.ffsupdating'
2020-08-12 14:22:50|   0.3|  0.0|STATS |Storing feature(s) to FME feature store file `/private/var/folders/pt/zfwxh6sj06391fhf65mgn2qm0000gp/T/wb-cache-WOTask-DPbXWH/Main_ParameterFetcher -1 3 fo 0 OUTPUT  0  d0e86b6952114adf7c1f58daac67ce5e63433f66.ffsupdating'
2020-08-12 14:22:50|   0.3|  0.0|STATS |Storing feature(s) to FME feature store file `/private/var/folders/pt/zfwxh6sj06391fhf65mgn2qm0000gp/T/wb-cache-WOTask-DPbXWH/Main_JSONFlattener -1 7 fo 0 OUTPUT  0  5aa9d5ec89bd6e40f19229becbc506cca5afe9ac.ffsupdating'
2020-08-12 14:22:50|   0.4|  0.0|STATS |Storing feature(s) to FME feature store file `/private/var/folders/pt/zfwxh6sj06391fhf65mgn2qm0000gp/T/wb-cache-WOTask-DPbXWH/Main_TextDecoder -1 10 fo 0 OUTPUT  0  85e9eb35e6d08c69f0e93814168fb10f47b2d75b.ffsupdating'
2020-08-12 14:22:53|   0.4|  0.0|INFORM|HTTPCaller (HTTPFactory): Starting HTTP download from 'ec2-44-226-87-139.us-west-2.compute.amazonaws.com'. Expected transfer size: 329 bytes
2020-08-12 14:22:53|   0.4|  0.0|INFORM|HTTPCaller (HTTPFactory): HTTP Download: received 329 bytes
2020-08-12 14:22:53|   0.4|  0.0|INFORM|HTTPCaller (HTTPFactory): HTTP transfer summary - status code: 200, download size: '329 bytes', DNS lookup time: '0.024333 seconds', total transfer time: '3.033666 seconds', url: 'http://ec2-44-226-87-139.us-west-2.compute.amazonaws.com/cityworks/services/Ams/Tasks/Add?data=%7B%22WorkOrderId%22%3A%22295%22%2C%20%22WorkOrderSid%22%3A295%2C%22SequenceId%22%3A1%2C%22TaskSids%22%3A%5B4%5D%2C%22Comments%22%3A%221234%20Fake%20St.%22%7D&token=eyJFbXBsb3llZVNpZCI6OSwiRXhwaXJlcyI6bnVsbCwiSXNzdWVkVGltZSI6MTU5NzE4Mjk1MDA0NiwiTG9naW5OYW1lIjoiY3dhZG1pbiIsIlNpZ25hdHVyZSI6IjB5dlYrcm5GSFVUdEV6cEZYU2J3TEhrOTJqTFV6djhRckZlVE1pT2tXOXc9IiwiVG9rZW4iOiJkYmd3RnJXdS9GRWZ3VGJuR0FxRG9XYVgwNmlQdlovT0NQNTlkd2NwcHFvPSJ9'
2020-08-12 14:22:53|   0.4|  0.0|STATS |Storing feature(s) to FME feature store file `/private/var/folders/pt/zfwxh6sj06391fhf65mgn2qm0000gp/T/wb-cache-WOTask-DPbXWH/Main_HTTPCaller -1 9 fo 0 Output  0  68900180b78978639d4a33e244f76412dedaa25c.ffsupdating'
2020-08-12 14:22:53|   0.4|  0.0|STATS |Storing feature(s) to FME feature store file `/private/var/folders/pt/zfwxh6sj06391fhf65mgn2qm0000gp/T/wb-cache-WOTask-DPbXWH/Main_JSONFormatter -1 16 fo 0 OUTPUT  0  375e3e571fbf3b16f8e35916e1a91bbb167da6f1.ffsupdating'
2020-08-12 14:22:53|   0.4|  0.0|STATS |Storing feature(s) to FME feature store file `/private/var/folders/pt/zfwxh6sj06391fhf65mgn2qm0000gp/T/wb-cache-WOTask-DPbXWH/Main_JSONExtractor -1 14 fo 0 EVALUATED  0  a4d153863b1910c961947694988663ccbdd36d05.ffsupdating'
2020-08-12 14:22:53|   0.4|  0.0|STATS |Creator_XML_Creator (CreationFactory): Created 1 features
2020-08-12 14:22:53|   0.4|  0.0|STATS |Creator_Cloner (TeeFactory): Cloned 1 input feature(s) into 1 output feature(s)
2020-08-12 14:22:53|   0.4|  0.0|STATS |Creator_CREATED Feature Counter -1 4 (TeeFactory): Cloned 1 input feature(s) into 1 output feature(s)
2020-08-12 14:22:53|   0.4|  0.0|STATS |Creator_CREATED Brancher -1 4 (BranchingFactory): Branched 1 input feature -- 1 feature routed to the target factory, and 0 features routed to the fallback factory.
2020-08-12 14:22:53|   0.4|  0.0|STATS |_CREATOR_BRANCH_TARGET (TeeFactory): Cloned 1 input feature(s) into 1 output feature(s)
2020-08-12 14:22:53|   0.4|  0.0|STATS |ParameterFetcher (TeeFactory): Cloned 1 input feature(s) into 1 output feature(s)
2020-08-12 14:22:53|   0.4|  0.0|STATS |ParameterFetcher_OUTPUT Feature Counter -1 8 (TeeFactory): Cloned 1 input feature(s) into 1 output feature(s)
2020-08-12 14:22:53|   0.4|  0.0|STATS |JSONFlattener_OUTPUT Feature Counter -1 11 (TeeFactory): Cloned 1 input feature(s) into 1 output feature(s)
2020-08-12 14:22:53|   0.4|  0.0|STATS |JSONFlattener_<REJECTED> Feature Counter -1 2147680263 (TeeFactory): Cloned 0 input feature(s) into 0 output feature(s)
2020-08-12 14:22:53|   0.4|  0.0|STATS |TextDecoder_OUTPUT Feature Counter -1 12 (TeeFactory): Cloned 1 input feature(s) into 1 output feature(s)
2020-08-12 14:22:53|   0.4|  0.0|STATS |HTTPCaller_Output Feature Counter -1 19 (TeeFactory): Cloned 1 input feature(s) into 1 output feature(s)
2020-08-12 14:22:53|   0.4|  0.0|STATS |HTTPCaller_<REJECTED> Feature Counter -1 2147680265 (TeeFactory): Cloned 0 input feature(s) into 0 output feature(s)
2020-08-12 14:22:53|   0.4|  0.0|STATS |JSONFormatter_OUTPUT Feature Counter -1 20 (TeeFactory): Cloned 1 input feature(s) into 1 output feature(s)
2020-08-12 14:22:53|   0.4|  0.0|STATS |JSONFormatter_<REJECTED> Feature Counter -1 2147680272 (TeeFactory): Cloned 0 input feature(s) into 0 output feature(s)
2020-08-12 14:22:53|   0.4|  0.0|STATS |Stored 1 feature(s) to FME feature store file `/private/var/folders/pt/zfwxh6sj06391fhf65mgn2qm0000gp/T/wb-cache-WOTask-DPbXWH/Main_JSONExtractor -1 14 fo 0 EVALUATED  0  a4d153863b1910c961947694988663ccbdd36d05.ffsupdating'
2020-08-12 14:22:53|   0.4|  0.0|INFORM|Saving spatial index into file '/private/var/folders/pt/zfwxh6sj06391fhf65mgn2qm0000gp/T/wb-cache-WOTask-DPbXWH/Main_JSONExtractor -1 14 fo 0 EVALUATED  0  a4d153863b1910c961947694988663ccbdd36d05.fsi'
2020-08-12 14:22:53|   0.4|  0.0|INFORM|Finished saving spatial index into file '/private/var/folders/pt/zfwxh6sj06391fhf65mgn2qm0000gp/T/wb-cache-WOTask-DPbXWH/Main_JSONExtractor -1 14 fo 0 EVALUATED  0  a4d153863b1910c961947694988663ccbdd36d05.fsi'
2020-08-12 14:22:53|   0.4|  0.0|STATS |Stored 1 feature(s) to FME feature store file `/private/var/folders/pt/zfwxh6sj06391fhf65mgn2qm0000gp/T/wb-cache-WOTask-DPbXWH/Main_Creator -1 2 fo 0 CREATED  0  51dca23d42fd6d1cb1bec609732d3928fca13296.ffsupdating'
2020-08-12 14:22:53|   0.4|  0.0|INFORM|Saving spatial index into file '/private/var/folders/pt/zfwxh6sj06391fhf65mgn2qm0000gp/T/wb-cache-WOTask-DPbXWH/Main_Creator -1 2 fo 0 CREATED  0  51dca23d42fd6d1cb1bec609732d3928fca13296.fsi'
2020-08-12 14:22:53|   0.4|  0.0|INFORM|Finished saving spatial index into file '/private/var/folders/pt/zfwxh6sj06391fhf65mgn2qm0000gp/T/wb-cache-WOTask-DPbXWH/Main_Creator -1 2 fo 0 CREATED  0  51dca23d42fd6d1cb1bec609732d3928fca13296.fsi'
2020-08-12 14:22:53|   0.4|  0.0|STATS |Stored 1 feature(s) to FME feature store file `/private/var/folders/pt/zfwxh6sj06391fhf65mgn2qm0000gp/T/wb-cache-WOTask-DPbXWH/Main_HTTPCaller -1 9 fo 0 Output  0  68900180b78978639d4a33e244f76412dedaa25c.ffsupdating'
2020-08-12 14:22:53|   0.4|  0.0|INFORM|Saving spatial index into file '/private/var/folders/pt/zfwxh6sj06391fhf65mgn2qm0000gp/T/wb-cache-WOTask-DPbXWH/Main_HTTPCaller -1 9 fo 0 Output  0  68900180b78978639d4a33e244f76412dedaa25c.fsi'
2020-08-12 14:22:53|   0.4|  0.0|INFORM|Finished saving spatial index into file '/private/var/folders/pt/zfwxh6sj06391fhf65mgn2qm0000gp/T/wb-cache-WOTask-DPbXWH/Main_HTTPCaller -1 9 fo 0 Output  0  68900180b78978639d4a33e244f76412dedaa25c.fsi'
2020-08-12 14:22:53|   0.4|  0.0|STATS |Stored 1 feature(s) to FME feature store file `/private/var/folders/pt/zfwxh6sj06391fhf65mgn2qm0000gp/T/wb-cache-WOTask-DPbXWH/Main_JSONFormatter -1 16 fo 0 OUTPUT  0  375e3e571fbf3b16f8e35916e1a91bbb167da6f1.ffsupdating'
2020-08-12 14:22:53|   0.4|  0.0|INFORM|Saving spatial index into file '/private/var/folders/pt/zfwxh6sj06391fhf65mgn2qm0000gp/T/wb-cache-WOTask-DPbXWH/Main_JSONFormatter -1 16 fo 0 OUTPUT  0  375e3e571fbf3b16f8e35916e1a91bbb167da6f1.fsi'
2020-08-12 14:22:53|   0.4|  0.0|INFORM|Finished saving spatial index into file '/private/var/folders/pt/zfwxh6sj06391fhf65mgn2qm0000gp/T/wb-cache-WOTask-DPbXWH/Main_JSONFormatter -1 16 fo 0 OUTPUT  0  375e3e571fbf3b16f8e35916e1a91bbb167da6f1.fsi'
2020-08-12 14:22:53|   0.4|  0.0|STATS |Stored 1 feature(s) to FME feature store file `/private/var/folders/pt/zfwxh6sj06391fhf65mgn2qm0000gp/T/wb-cache-WOTask-DPbXWH/Main_JSONFlattener -1 7 fo 0 OUTPUT  0  5aa9d5ec89bd6e40f19229becbc506cca5afe9ac.ffsupdating'
2020-08-12 14:22:53|   0.4|  0.0|INFORM|Saving spatial index into file '/private/var/folders/pt/zfwxh6sj06391fhf65mgn2qm0000gp/T/wb-cache-WOTask-DPbXWH/Main_JSONFlattener -1 7 fo 0 OUTPUT  0  5aa9d5ec89bd6e40f19229becbc506cca5afe9ac.fsi'
2020-08-12 14:22:53|   0.4|  0.0|INFORM|Finished saving spatial index into file '/private/var/folders/pt/zfwxh6sj06391fhf65mgn2qm0000gp/T/wb-cache-WOTask-DPbXWH/Main_JSONFlattener -1 7 fo 0 OUTPUT  0  5aa9d5ec89bd6e40f19229becbc506cca5afe9ac.fsi'
2020-08-12 14:22:53|   0.4|  0.0|STATS |Stored 1 feature(s) to FME feature store file `/private/var/folders/pt/zfwxh6sj06391fhf65mgn2qm0000gp/T/wb-cache-WOTask-DPbXWH/Main_ParameterFetcher -1 3 fo 0 OUTPUT  0  d0e86b6952114adf7c1f58daac67ce5e63433f66.ffsupdating'
2020-08-12 14:22:53|   0.4|  0.0|INFORM|Saving spatial index into file '/private/var/folders/pt/zfwxh6sj06391fhf65mgn2qm0000gp/T/wb-cache-WOTask-DPbXWH/Main_ParameterFetcher -1 3 fo 0 OUTPUT  0  d0e86b6952114adf7c1f58daac67ce5e63433f66.fsi'
2020-08-12 14:22:53|   0.4|  0.0|INFORM|Finished saving spatial index into file '/private/var/folders/pt/zfwxh6sj06391fhf65mgn2qm0000gp/T/wb-cache-WOTask-DPbXWH/Main_ParameterFetcher -1 3 fo 0 OUTPUT  0  d0e86b6952114adf7c1f58daac67ce5e63433f66.fsi'
2020-08-12 14:22:53|   0.4|  0.0|STATS |Stored 1 feature(s) to FME feature store file `/private/var/folders/pt/zfwxh6sj06391fhf65mgn2qm0000gp/T/wb-cache-WOTask-DPbXWH/Main_TextDecoder -1 10 fo 0 OUTPUT  0  85e9eb35e6d08c69f0e93814168fb10f47b2d75b.ffsupdating'
2020-08-12 14:22:53|   0.4|  0.0|INFORM|Saving spatial index into file '/private/var/folders/pt/zfwxh6sj06391fhf65mgn2qm0000gp/T/wb-cache-WOTask-DPbXWH/Main_TextDecoder -1 10 fo 0 OUTPUT  0  85e9eb35e6d08c69f0e93814168fb10f47b2d75b.fsi'
2020-08-12 14:22:53|   0.4|  0.0|INFORM|Finished saving spatial index into file '/private/var/folders/pt/zfwxh6sj06391fhf65mgn2qm0000gp/T/wb-cache-WOTask-DPbXWH/Main_TextDecoder -1 10 fo 0 OUTPUT  0  85e9eb35e6d08c69f0e93814168fb10f47b2d75b.fsi'
2020-08-12 14:22:53|   0.4|  0.0|STATS |JSONExtractor_EVALUATED Feature Counter -1 18 (TeeFactory): Cloned 1 input feature(s) into 1 output feature(s)
2020-08-12 14:22:53|   0.4|  0.0|STATS |JSONExtractor_<REJECTED> Feature Counter -1 2147680270 (TeeFactory): Cloned 0 input feature(s) into 0 output feature(s)
2020-08-12 14:22:53|   0.4|  0.0|STATS |Destination Feature Type Routing Correlator (RoutingFactory): Tested 1 input feature(s), wrote 1 output feature(s): 0 matched merge filters, 1 were routed to output, 0 could not be routed.
2020-08-12 14:22:53|   0.4|  0.0|STATS |Final Output Nuker (TeeFactory): Cloned 1 input feature(s) into 0 output feature(s)
2020-08-12 14:22:53|   0.4|  0.0|STATS |=-=-=-=-=-=-=-=-=-=-=-=-=-=-=-=-=-=-=-=-=-=-=-=-=-=-=-=-=-=-=-=-=-=-=-=-=-=-=-
2020-08-12 14:22:53|   0.4|  0.0|STATS |                            Features Read Summary
2020-08-12 14:22:53|   0.4|  0.0|STATS |=-=-=-=-=-=-=-=-=-=-=-=-=-=-=-=-=-=-=-=-=-=-=-=-=-=-=-=-=-=-=-=-=-=-=-=-=-=-=-
2020-08-12 14:22:53|   0.4|  0.0|STATS |==============================================================================
2020-08-12 14:22:53|   0.4|  0.0|STATS |Total Features Read                                                          0
2020-08-12 14:22:53|   0.4|  0.0|STATS |=-=-=-=-=-=-=-=-=-=-=-=-=-=-=-=-=-=-=-=-=-=-=-=-=-=-=-=-=-=-=-=-=-=-=-=-=-=-=-
2020-08-12 14:22:53|   0.4|  0.0|STATS |=-=-=-=-=-=-=-=-=-=-=-=-=-=-=-=-=-=-=-=-=-=-=-=-=-=-=-=-=-=-=-=-=-=-=-=-=-=-=-
2020-08-12 14:22:53|   0.4|  0.0|STATS |                           Features Written Summary
2020-08-12 14:22:53|   0.4|  0.0|STATS |=-=-=-=-=-=-=-=-=-=-=-=-=-=-=-=-=-=-=-=-=-=-=-=-=-=-=-=-=-=-=-=-=-=-=-=-=-=-=-
2020-08-12 14:22:53|   0.4|  0.0|STATS |==============================================================================
2020-08-12 14:22:53|   0.4|  0.0|STATS |Total Features Written                                                       0
2020-08-12 14:22:53|   0.4|  0.0|STATS |=-=-=-=-=-=-=-=-=-=-=-=-=-=-=-=-=-=-=-=-=-=-=-=-=-=-=-=-=-=-=-=-=-=-=-=-=-=-=-
2020-08-12 14:22:53|   0.4|  0.0|WARN  |-~-~-~-~-~-~-~-~-~-~-~-~-~-~-~-~-~-~-~-~-~-~-~-~-~-~-~-~-~-~-~-~-~-~-~-~-~-~-~-~-
2020-08-12 14:22:53|   0.4|  0.0|WARN  |-~                                                                             ~-
2020-08-12 14:22:53|   0.4|  0.0|WARN  |-~    Feature caches have been recorded at every stage of the translation.     ~-
2020-08-12 14:22:53|   0.4|  0.0|WARN  |-~                      To inspect the recorded features,                      ~-
2020-08-12 14:22:53|   0.4|  0.0|WARN  |-~              click the feature cache icons next to the ports.               ~-
2020-08-12 14:22:53|   0.4|  0.0|WARN  |-~                                                                             ~-
2020-08-12 14:22:53|   0.4|  0.0|WARN  |-~-~-~-~-~-~-~-~-~-~-~-~-~-~-~-~-~-~-~-~-~-~-~-~-~-~-~-~-~-~-~-~-~-~-~-~-~-~-~-~-
2020-08-12 14:22:53|   0.4|  0.0|INFORM|Translation was SUCCESSFUL with 7 warning(s) (0 feature(s) output)
2020-08-12 14:22:53|   0.4|  0.0|INFORM|FME Session Duration: 3.7 seconds. (CPU: 0.1s user, 0.1s system)
2020-08-12 14:22:53|   0.4|  0.0|INFORM|END - ProcessID: 5204, peak process memory usage: 66816 kB, current process memory usage: 66816 kB
