2016-02-16 15:20:10|   0.0|  0.0|INFORM|FME 2016.0.1.0 (20160130 - Build 16174 - WIN32)
2016-02-16 15:20:10|   0.0|  0.0|INFORM|FME_HOME is 'C:\apps\FME2016.0\'
2016-02-16 15:20:10|   0.0|  0.0|INFORM|FME Desktop Smallworld Edition (floating)
2016-02-16 15:20:10|   0.0|  0.0|INFORM|Permanent License.
2016-02-16 15:20:10|   0.0|  0.0|INFORM|Machine host name is: vash
2016-02-16 15:20:10|   0.0|  0.0|INFORM|START - ProcessID: 15016, peak process memory usage: 33548 kB, current process memory usage: 33548 kB
2016-02-16 15:20:10|   0.0|  0.0|INFORM|FME Configuration: Command line arguments are `C:\apps\FME2016.0\fme.exe' `C:/Users/imark/Documents/Training/MaterialsAndData/FMEData/Workspaces/ServerAuthoring\wb-xlate-1455657604608_11128' `LOG_STANDARDOUT' `YES' `LogCountServerName' `{ec2eaf53-f36a-42dc-92e2-c9377333f789}'
2016-02-16 15:20:10|   0.1|  0.1|INFORM|Shared folders for formats are : C:\apps\FME2016.0\datasources;C:\Users\imark\AppData\Roaming\Safe Software\FME\FME Store\Formats;C:\Users\imark\Documents\FME\Formats
2016-02-16 15:20:10|   0.1|  0.0|INFORM|Shared folders for transformers are : C:\apps\FME2016.0\transformers;C:\Users\imark\AppData\Roaming\Safe Software\FME\FME Store\Transformers;C:\Users\imark\Documents\FME\Transformers
2016-02-16 15:20:10|   0.1|  0.0|INFORM|Shared folders for coordinate systems are : C:\Users\imark\Documents\FME\CoordinateSystems
2016-02-16 15:20:10|   0.1|  0.0|INFORM|Shared folders for coordinate system exceptions are : C:\Users\imark\Documents\FME\CoordinateSystemExceptions
2016-02-16 15:20:10|   0.1|  0.0|INFORM|Shared folders for coordinate system grid overrides are : C:\Users\imark\Documents\FME\CoordinateSystemGridOverrides
2016-02-16 15:20:10|   0.1|  0.0|INFORM|Shared folders for CS-MAP transformation exceptions are : C:\Users\imark\Documents\FME\CsmapTransformationExceptions
2016-02-16 15:20:10|   0.1|  0.0|INFORM|Shared folders for transformer categories are : C:\Users\imark\Documents\FME\TransformerCategories
2016-02-16 15:20:10|   0.1|  0.0|INFORM|FME Configuration: Reader Keyword is `MULTI_READER'
2016-02-16 15:20:10|   0.1|  0.0|INFORM|FME Configuration: Writer Keyword is `MULTI_WRITER'
2016-02-16 15:20:10|   0.1|  0.0|INFORM|FME Configuration: Writer Group Definition Keyword is `MULTI_WRITER_DEF'
2016-02-16 15:20:10|   0.1|  0.0|INFORM|FME Configuration: Reader type is `MULTI_READER'
2016-02-16 15:20:10|   0.1|  0.0|INFORM|FME Configuration: Writer type is `MULTI_WRITER'
2016-02-16 15:20:10|   0.1|  0.0|INFORM|FME Configuration: No destination coordinate system set
2016-02-16 15:20:10|   0.1|  0.0|INFORM|FME Configuration: Current working folder is `C:\Users\imark\Documents\Training\MaterialsAndData\FMEData\Workspaces\ServerAuthoring'
2016-02-16 15:20:10|   0.1|  0.0|INFORM|FME Configuration: Temporary folder is `C:\Users\imark\AppData\Local\Temp'
2016-02-16 15:20:10|   0.1|  0.0|INFORM|FME Configuration: FME_HOME is `C:\apps\FME2016.0\'
2016-02-16 15:20:10|   0.1|  0.0|INFORM|FME Configuration: FME_BASE is 'no'
2016-02-16 15:20:10|   0.1|  0.0|INFORM|FME Configuration: FME_MF_DIR is 'C:\Users\imark\Documents\Training\MaterialsAndData\FMEData\Workspaces\ServerAuthoring/'
2016-02-16 15:20:10|   0.1|  0.0|INFORM|FME Configuration: FME_MF_NAME is 'SelfServe-Ex5-Complete.fmw'
2016-02-16 15:20:10|   0.1|  0.0|INFORM|FME Configuration: FME_PRODUCT_NAME is 'FME(R) 2016.0.1.0'
2016-02-16 15:20:10|   0.1|  0.0|INFORM|System Status: 78.98 GB of disk space available in the FME temporary folder (C:\Users\imark\AppData\Local\Temp)
2016-02-16 15:20:10|   0.1|  0.0|INFORM|System Status: 4.00 GB of virtual memory available
2016-02-16 15:20:10|   0.1|  0.0|INFORM|Operating System: Microsoft Windows 7 64-bit Service Pack 1 (Build 7601)
2016-02-16 15:20:10|   0.1|  0.0|INFORM|FME Platform: WIN32
2016-02-16 15:20:10|   0.1|  0.0|INFORM|Locale: en_CA
2016-02-16 15:20:10|   0.1|  0.0|INFORM|Code Page: 1252  (ANSI - Latin I)
2016-02-16 15:20:10|   0.1|  0.0|INFORM|FME Configuration: Process limits are 24.00 GB of physical memory and 4.00 GB of address space
2016-02-16 15:20:10|   0.1|  0.0|INFORM|FME Configuration: Start freeing memory when process usage exceeds 2.83 GB of memory or 3.41 GB of address space
2016-02-16 15:20:10|   0.1|  0.0|INFORM|FME Configuration: Stop freeing memory when process usage is below 2.12 GB of memory and 2.56 GB of address space
2016-02-16 15:20:10|   0.2|  0.0|INFORM|Creating writer for format: 
2016-02-16 15:20:10|   0.2|  0.0|INFORM|Creating reader for format: 
2016-02-16 15:20:10|   0.2|  0.0|INFORM|MULTI_READER(MULTI_READER): Will fail with first member reader failure
2016-02-16 15:20:10|   0.2|  0.0|INFORM|MULTI_READER(MULTI_READER): Adding GEOTIFF Reader with keyword GEOTIFF_1
2016-02-16 15:20:10|   0.2|  0.0|INFORM|MULTI_READER(MULTI_READER): Adding DGNV8 Reader with keyword DGNV8_1
2016-02-16 15:20:10|   0.2|  0.0|INFORM|MULTI_READER(MULTI_READER): Adding OGCKML Reader with keyword OGCKML_1
2016-02-16 15:20:10|   0.2|  0.0|INFORM|Using Multi Reader $Revision$ ( $Date$ ) with keyword `MULTI_READER' to read multiple datasets
2016-02-16 15:20:10|   0.2|  0.0|INFORM|FME Configuration: Reading 40 dataset(s) with GEOTIFF reader identified by GEOTIFF_1
2016-02-16 15:20:10|   0.2|  0.0|INFORM|Creating reader for format: GeoTIFF (Geo-referenced Tagged Image File Format)
2016-02-16 15:20:10|   0.2|  0.0|INFORM|MULTI_READER(GEOTIFF_1): Will continue past member reader failures
2016-02-16 15:20:10|   0.2|  0.0|INFORM|MULTI_READER(GEOTIFF_1): Adding GEOTIFF Reader with keyword GEOTIFF_1
2016-02-16 15:20:10|   0.2|  0.0|INFORM|Using Multi Reader $Revision$ ( $Date$ ) with keyword `GEOTIFF_1' to read multiple datasets
2016-02-16 15:20:10|   0.2|  0.0|INFORM|Creating reader for format: GeoTIFF (Geo-referenced Tagged Image File Format)
2016-02-16 15:20:10|   0.2|  0.0|INFORM|Trying to find a DYNAMIC plugin for reader named `GEOTIFF'
2016-02-16 15:20:10|   0.2|  0.0|INFORM|Loaded module 'GEOTIFF' from file 'C:\apps\FME2016.0\plugins/GDAL.dll'
2016-02-16 15:20:10|   0.2|  0.0|INFORM|FME API version of module 'GEOTIFF' matches current internal version (3.8 20151127)
2016-02-16 15:20:10|   0.2|  0.0|INFORM|GEOTIFF reader: Directive '_READ_OFFSETS_IN_CS_UNITS' has the value 'No'
2016-02-16 15:20:10|   0.2|  0.0|INFORM|Using MultiWriter $Revision$ ( $Date$ ) with keyword `MULTI_WRITER' to output data (ID_ATTRIBUTE is `multi_writer_id')
2016-02-16 15:20:10|   0.2|  0.0|INFORM|Writer output will be ordered by value of multi_writer_id
2016-02-16 15:20:10|   0.2|  0.0|INFORM|Loaded module 'LogCount_func' from file 'C:\apps\FME2016.0\plugins/LogCount_func.dll'
2016-02-16 15:20:10|   0.2|  0.0|INFORM|FME API version of module 'LogCount_func' matches current internal version (3.8 20151127)
2016-02-16 15:20:10|   0.3|  0.0|INFORM|Creating writer for format: FME Feature Store (FFS)
2016-02-16 15:20:10|   0.3|  0.0|INFORM|FME Configuration: No destination coordinate system set
2016-02-16 15:20:10|   0.3|  0.0|INFORM|FME Configuration: Using FME Reprojection Engine
2016-02-16 15:20:10|   0.3|  0.0|INFORM|Loaded module 'ResampleRaster_func' from file 'C:\apps\FME2016.0\plugins/ResampleRaster_func.dll'
2016-02-16 15:20:10|   0.3|  0.0|INFORM|FME API version of module 'ResampleRaster_func' matches current internal version (3.8 20151127)
2016-02-16 15:20:10|   0.3|  0.0|INFORM|Loaded module 'RasterMosaicFactory' from file 'C:\apps\FME2016.0\plugins/RasterMosaicFactory.dll'
2016-02-16 15:20:10|   0.3|  0.0|INFORM|FME API version of module 'RasterMosaicFactory' matches current internal version (3.8 20151127)
2016-02-16 15:20:10|   0.3|  0.0|INFORM|Loaded module 'VectorToRasterFactory' from file 'C:\apps\FME2016.0\plugins/VectorToRasterFactory.dll'
2016-02-16 15:20:10|   0.3|  0.0|INFORM|FME API version of module 'VectorToRasterFactory' matches current internal version (3.8 20151127)
2016-02-16 15:20:10|   0.3|  0.0|INFORM|Loaded module 'RasterClippingFactory' from file 'C:\apps\FME2016.0\plugins/RasterClippingFactory.dll'
2016-02-16 15:20:10|   0.3|  0.0|INFORM|FME API version of module 'RasterClippingFactory' matches current internal version (3.8 20151127)
2016-02-16 15:20:10|   0.3|  0.0|INFORM|Loaded module 'SolidIntersectionFactory' from file 'C:\apps\FME2016.0\plugins/SolidIntersectionFactory.dll'
2016-02-16 15:20:10|   0.3|  0.0|INFORM|FME API version of module 'SolidIntersectionFactory' matches current internal version (3.8 20151127)
2016-02-16 15:20:10|   0.3|  0.0|INFORM|GEOTIFF reader: Directive '_APPLY_GCPS' has the value 'No'
2016-02-16 15:20:10|   0.4|  0.0|INFORM|Predefined coordinate system `UTM83-10' (UTM with NAD83 datum, Zone 10, Meter; Central Meridian 123d W) matches dataset coordinate system 
2016-02-16 15:20:10|   0.4|  0.0|INFORM|The OGC definition of the FME coordinate system 'UTM83-10' is 'PROJCS["NAD83 / UTM zone 10N",GEOGCS["NAD83",DATUM["North_American_Datum_1983",SPHEROID["GRS 1980",6378137,298.2572221008873,AUTHORITY["EPSG","7019"]],AUTHORITY["EPSG","6269"]],PRIMEM["Greenwich",0],UNIT["degree",0.0174532925199433],AUTHORITY["EPSG","4269"]],PROJECTION["Transverse_Mercator"],PARAMETER["latitude_of_origin",0],PARAMETER["central_meridian",-123],PARAMETER["scale_factor",0.9996],PARAMETER["false_easting",500000],PARAMETER["false_northing",0],UNIT["metre",1,AUTHORITY["EPSG","9001"]],AUTHORITY["EPSG","26910"]]'
2016-02-16 15:20:10|   0.4|  0.0|INFORM|FME Configuration: Source coordinate system for reader GEOTIFF_1[GEOTIFF] set to `UTM83-10' as read from input data
2016-02-16 15:20:10|   0.4|  0.0|INFORM|Coordinate System `UTM83-10' parameters: CS_NAME=`UTM83-10' DESC_NM=`UTM with NAD83 datum, Zone 10, Meter; Central Meridian 123d W' DT_NAME=`NAD83' GROUP=`UTM83' MAP_SCL=`1' MAX_LAT=`86.9333333333333' MAX_LNG=`-119.25' MIN_LAT=`25.4166666666667' MIN_LNG=`-126.75' PARM1=`-123' PROJ=`TM' QUAD=`1' SCL_RED=`0.9996' SOURCE=`Snyder, J.P, 1987, Map Projections - A Working Manual' UNIT=`METER' X_OFF=`500000.0' Y_OFF=`0.0' 
2016-02-16 15:20:10|   0.4|  0.0|INFORM|Creating reader for format: GeoTIFF (Geo-referenced Tagged Image File Format)
2016-02-16 15:20:10|   0.4|  0.0|INFORM|Trying to find a DYNAMIC plugin for reader named `GEOTIFF'
2016-02-16 15:20:10|   0.4|  0.0|INFORM|FME API version of module 'GEOTIFF' matches current internal version (3.8 20151127)
2016-02-16 15:20:10|   0.4|  0.0|INFORM|GEOTIFF reader: Directive '_READ_OFFSETS_IN_CS_UNITS' has the value 'No'
2016-02-16 15:20:10|   0.4|  0.0|INFORM|GEOTIFF reader: Directive '_APPLY_GCPS' has the value 'No'
2016-02-16 15:20:10|   0.4|  0.0|INFORM|FME Configuration: Source coordinate system for reader GEOTIFF_1[GEOTIFF] set to `UTM83-10' as read from input data
2016-02-16 15:20:10|   0.4|  0.0|INFORM|Coordinate System `UTM83-10' parameters: CS_NAME=`UTM83-10' DESC_NM=`UTM with NAD83 datum, Zone 10, Meter; Central Meridian 123d W' DT_NAME=`NAD83' GROUP=`UTM83' MAP_SCL=`1' MAX_LAT=`86.9333333333333' MAX_LNG=`-119.25' MIN_LAT=`25.4166666666667' MIN_LNG=`-126.75' PARM1=`-123' PROJ=`TM' QUAD=`1' SCL_RED=`0.9996' SOURCE=`Snyder, J.P, 1987, Map Projections - A Working Manual' UNIT=`METER' X_OFF=`500000.0' Y_OFF=`0.0' 
2016-02-16 15:20:10|   0.4|  0.0|INFORM|Creating reader for format: GeoTIFF (Geo-referenced Tagged Image File Format)
2016-02-16 15:20:10|   0.4|  0.0|INFORM|Trying to find a DYNAMIC plugin for reader named `GEOTIFF'
2016-02-16 15:20:10|   0.4|  0.0|INFORM|FME API version of module 'GEOTIFF' matches current internal version (3.8 20151127)
2016-02-16 15:20:10|   0.4|  0.0|INFORM|GEOTIFF reader: Directive '_READ_OFFSETS_IN_CS_UNITS' has the value 'No'
2016-02-16 15:20:10|   0.4|  0.0|INFORM|GEOTIFF reader: Directive '_APPLY_GCPS' has the value 'No'
2016-02-16 15:20:10|   0.4|  0.0|INFORM|FME Configuration: Source coordinate system for reader GEOTIFF_1[GEOTIFF] set to `UTM83-10' as read from input data
2016-02-16 15:20:10|   0.4|  0.0|INFORM|Coordinate System `UTM83-10' parameters: CS_NAME=`UTM83-10' DESC_NM=`UTM with NAD83 datum, Zone 10, Meter; Central Meridian 123d W' DT_NAME=`NAD83' GROUP=`UTM83' MAP_SCL=`1' MAX_LAT=`86.9333333333333' MAX_LNG=`-119.25' MIN_LAT=`25.4166666666667' MIN_LNG=`-126.75' PARM1=`-123' PROJ=`TM' QUAD=`1' SCL_RED=`0.9996' SOURCE=`Snyder, J.P, 1987, Map Projections - A Working Manual' UNIT=`METER' X_OFF=`500000.0' Y_OFF=`0.0' 
2016-02-16 15:20:10|   0.4|  0.0|INFORM|Creating reader for format: GeoTIFF (Geo-referenced Tagged Image File Format)
2016-02-16 15:20:10|   0.4|  0.0|INFORM|Trying to find a DYNAMIC plugin for reader named `GEOTIFF'
2016-02-16 15:20:10|   0.4|  0.0|INFORM|FME API version of module 'GEOTIFF' matches current internal version (3.8 20151127)
2016-02-16 15:20:10|   0.4|  0.0|INFORM|GEOTIFF reader: Directive '_READ_OFFSETS_IN_CS_UNITS' has the value 'No'
2016-02-16 15:20:10|   0.4|  0.0|INFORM|GEOTIFF reader: Directive '_APPLY_GCPS' has the value 'No'
2016-02-16 15:20:11|   0.4|  0.0|INFORM|FME Configuration: Source coordinate system for reader GEOTIFF_1[GEOTIFF] set to `UTM83-10' as read from input data
2016-02-16 15:20:11|   0.4|  0.0|INFORM|Coordinate System `UTM83-10' parameters: CS_NAME=`UTM83-10' DESC_NM=`UTM with NAD83 datum, Zone 10, Meter; Central Meridian 123d W' DT_NAME=`NAD83' GROUP=`UTM83' MAP_SCL=`1' MAX_LAT=`86.9333333333333' MAX_LNG=`-119.25' MIN_LAT=`25.4166666666667' MIN_LNG=`-126.75' PARM1=`-123' PROJ=`TM' QUAD=`1' SCL_RED=`0.9996' SOURCE=`Snyder, J.P, 1987, Map Projections - A Working Manual' UNIT=`METER' X_OFF=`500000.0' Y_OFF=`0.0' 
2016-02-16 15:20:11|   0.4|  0.0|INFORM|Creating reader for format: GeoTIFF (Geo-referenced Tagged Image File Format)
2016-02-16 15:20:11|   0.4|  0.0|INFORM|Trying to find a DYNAMIC plugin for reader named `GEOTIFF'
2016-02-16 15:20:11|   0.4|  0.0|INFORM|FME API version of module 'GEOTIFF' matches current internal version (3.8 20151127)
2016-02-16 15:20:11|   0.4|  0.0|INFORM|GEOTIFF reader: Directive '_READ_OFFSETS_IN_CS_UNITS' has the value 'No'
2016-02-16 15:20:11|   0.4|  0.0|INFORM|GEOTIFF reader: Directive '_APPLY_GCPS' has the value 'No'
2016-02-16 15:20:11|   0.4|  0.0|INFORM|FME Configuration: Source coordinate system for reader GEOTIFF_1[GEOTIFF] set to `UTM83-10' as read from input data
2016-02-16 15:20:11|   0.4|  0.0|INFORM|Coordinate System `UTM83-10' parameters: CS_NAME=`UTM83-10' DESC_NM=`UTM with NAD83 datum, Zone 10, Meter; Central Meridian 123d W' DT_NAME=`NAD83' GROUP=`UTM83' MAP_SCL=`1' MAX_LAT=`86.9333333333333' MAX_LNG=`-119.25' MIN_LAT=`25.4166666666667' MIN_LNG=`-126.75' PARM1=`-123' PROJ=`TM' QUAD=`1' SCL_RED=`0.9996' SOURCE=`Snyder, J.P, 1987, Map Projections - A Working Manual' UNIT=`METER' X_OFF=`500000.0' Y_OFF=`0.0' 
2016-02-16 15:20:11|   0.4|  0.0|INFORM|Creating reader for format: GeoTIFF (Geo-referenced Tagged Image File Format)
2016-02-16 15:20:11|   0.4|  0.0|INFORM|Trying to find a DYNAMIC plugin for reader named `GEOTIFF'
2016-02-16 15:20:11|   0.4|  0.0|INFORM|FME API version of module 'GEOTIFF' matches current internal version (3.8 20151127)
2016-02-16 15:20:11|   0.4|  0.0|INFORM|GEOTIFF reader: Directive '_READ_OFFSETS_IN_CS_UNITS' has the value 'No'
2016-02-16 15:20:11|   0.4|  0.0|INFORM|GEOTIFF reader: Directive '_APPLY_GCPS' has the value 'No'
2016-02-16 15:20:11|   0.4|  0.0|INFORM|FME Configuration: Source coordinate system for reader GEOTIFF_1[GEOTIFF] set to `UTM83-10' as read from input data
2016-02-16 15:20:11|   0.4|  0.0|INFORM|Coordinate System `UTM83-10' parameters: CS_NAME=`UTM83-10' DESC_NM=`UTM with NAD83 datum, Zone 10, Meter; Central Meridian 123d W' DT_NAME=`NAD83' GROUP=`UTM83' MAP_SCL=`1' MAX_LAT=`86.9333333333333' MAX_LNG=`-119.25' MIN_LAT=`25.4166666666667' MIN_LNG=`-126.75' PARM1=`-123' PROJ=`TM' QUAD=`1' SCL_RED=`0.9996' SOURCE=`Snyder, J.P, 1987, Map Projections - A Working Manual' UNIT=`METER' X_OFF=`500000.0' Y_OFF=`0.0' 
2016-02-16 15:20:11|   0.4|  0.0|INFORM|Creating reader for format: GeoTIFF (Geo-referenced Tagged Image File Format)
2016-02-16 15:20:11|   0.4|  0.0|INFORM|Trying to find a DYNAMIC plugin for reader named `GEOTIFF'
2016-02-16 15:20:11|   0.4|  0.0|INFORM|FME API version of module 'GEOTIFF' matches current internal version (3.8 20151127)
2016-02-16 15:20:11|   0.4|  0.0|INFORM|GEOTIFF reader: Directive '_READ_OFFSETS_IN_CS_UNITS' has the value 'No'
2016-02-16 15:20:11|   0.4|  0.0|INFORM|GEOTIFF reader: Directive '_APPLY_GCPS' has the value 'No'
2016-02-16 15:20:11|   0.4|  0.0|INFORM|FME Configuration: Source coordinate system for reader GEOTIFF_1[GEOTIFF] set to `UTM83-10' as read from input data
2016-02-16 15:20:11|   0.4|  0.0|INFORM|Coordinate System `UTM83-10' parameters: CS_NAME=`UTM83-10' DESC_NM=`UTM with NAD83 datum, Zone 10, Meter; Central Meridian 123d W' DT_NAME=`NAD83' GROUP=`UTM83' MAP_SCL=`1' MAX_LAT=`86.9333333333333' MAX_LNG=`-119.25' MIN_LAT=`25.4166666666667' MIN_LNG=`-126.75' PARM1=`-123' PROJ=`TM' QUAD=`1' SCL_RED=`0.9996' SOURCE=`Snyder, J.P, 1987, Map Projections - A Working Manual' UNIT=`METER' X_OFF=`500000.0' Y_OFF=`0.0' 
2016-02-16 15:20:11|   0.4|  0.0|INFORM|Creating reader for format: GeoTIFF (Geo-referenced Tagged Image File Format)
2016-02-16 15:20:11|   0.4|  0.0|INFORM|Trying to find a DYNAMIC plugin for reader named `GEOTIFF'
2016-02-16 15:20:11|   0.4|  0.0|INFORM|FME API version of module 'GEOTIFF' matches current internal version (3.8 20151127)
2016-02-16 15:20:11|   0.4|  0.0|INFORM|GEOTIFF reader: Directive '_READ_OFFSETS_IN_CS_UNITS' has the value 'No'
2016-02-16 15:20:11|   0.5|  0.0|INFORM|GEOTIFF reader: Directive '_APPLY_GCPS' has the value 'No'
2016-02-16 15:20:11|   0.5|  0.0|INFORM|FME Configuration: Source coordinate system for reader GEOTIFF_1[GEOTIFF] set to `UTM83-10' as read from input data
2016-02-16 15:20:11|   0.5|  0.0|INFORM|Coordinate System `UTM83-10' parameters: CS_NAME=`UTM83-10' DESC_NM=`UTM with NAD83 datum, Zone 10, Meter; Central Meridian 123d W' DT_NAME=`NAD83' GROUP=`UTM83' MAP_SCL=`1' MAX_LAT=`86.9333333333333' MAX_LNG=`-119.25' MIN_LAT=`25.4166666666667' MIN_LNG=`-126.75' PARM1=`-123' PROJ=`TM' QUAD=`1' SCL_RED=`0.9996' SOURCE=`Snyder, J.P, 1987, Map Projections - A Working Manual' UNIT=`METER' X_OFF=`500000.0' Y_OFF=`0.0' 
2016-02-16 15:20:11|   0.5|  0.0|INFORM|Creating reader for format: GeoTIFF (Geo-referenced Tagged Image File Format)
2016-02-16 15:20:11|   0.5|  0.0|INFORM|Trying to find a DYNAMIC plugin for reader named `GEOTIFF'
2016-02-16 15:20:11|   0.5|  0.0|INFORM|FME API version of module 'GEOTIFF' matches current internal version (3.8 20151127)
2016-02-16 15:20:11|   0.5|  0.0|INFORM|GEOTIFF reader: Directive '_READ_OFFSETS_IN_CS_UNITS' has the value 'No'
2016-02-16 15:20:11|   0.5|  0.0|INFORM|GEOTIFF reader: Directive '_APPLY_GCPS' has the value 'No'
2016-02-16 15:20:11|   0.5|  0.0|INFORM|FME Configuration: Source coordinate system for reader GEOTIFF_1[GEOTIFF] set to `UTM83-10' as read from input data
2016-02-16 15:20:11|   0.5|  0.0|INFORM|Coordinate System `UTM83-10' parameters: CS_NAME=`UTM83-10' DESC_NM=`UTM with NAD83 datum, Zone 10, Meter; Central Meridian 123d W' DT_NAME=`NAD83' GROUP=`UTM83' MAP_SCL=`1' MAX_LAT=`86.9333333333333' MAX_LNG=`-119.25' MIN_LAT=`25.4166666666667' MIN_LNG=`-126.75' PARM1=`-123' PROJ=`TM' QUAD=`1' SCL_RED=`0.9996' SOURCE=`Snyder, J.P, 1987, Map Projections - A Working Manual' UNIT=`METER' X_OFF=`500000.0' Y_OFF=`0.0' 
2016-02-16 15:20:11|   0.5|  0.0|INFORM|Creating reader for format: GeoTIFF (Geo-referenced Tagged Image File Format)
2016-02-16 15:20:11|   0.5|  0.0|INFORM|Trying to find a DYNAMIC plugin for reader named `GEOTIFF'
2016-02-16 15:20:11|   0.5|  0.0|INFORM|FME API version of module 'GEOTIFF' matches current internal version (3.8 20151127)
2016-02-16 15:20:11|   0.5|  0.0|INFORM|GEOTIFF reader: Directive '_READ_OFFSETS_IN_CS_UNITS' has the value 'No'
2016-02-16 15:20:11|   0.5|  0.0|INFORM|GEOTIFF reader: Directive '_APPLY_GCPS' has the value 'No'
2016-02-16 15:20:11|   0.5|  0.0|INFORM|FME Configuration: Source coordinate system for reader GEOTIFF_1[GEOTIFF] set to `UTM83-10' as read from input data
2016-02-16 15:20:11|   0.5|  0.0|INFORM|Coordinate System `UTM83-10' parameters: CS_NAME=`UTM83-10' DESC_NM=`UTM with NAD83 datum, Zone 10, Meter; Central Meridian 123d W' DT_NAME=`NAD83' GROUP=`UTM83' MAP_SCL=`1' MAX_LAT=`86.9333333333333' MAX_LNG=`-119.25' MIN_LAT=`25.4166666666667' MIN_LNG=`-126.75' PARM1=`-123' PROJ=`TM' QUAD=`1' SCL_RED=`0.9996' SOURCE=`Snyder, J.P, 1987, Map Projections - A Working Manual' UNIT=`METER' X_OFF=`500000.0' Y_OFF=`0.0' 
2016-02-16 15:20:11|   0.5|  0.0|INFORM|Creating reader for format: GeoTIFF (Geo-referenced Tagged Image File Format)
2016-02-16 15:20:11|   0.5|  0.0|INFORM|Trying to find a DYNAMIC plugin for reader named `GEOTIFF'
2016-02-16 15:20:11|   0.5|  0.0|INFORM|FME API version of module 'GEOTIFF' matches current internal version (3.8 20151127)
2016-02-16 15:20:11|   0.5|  0.0|INFORM|GEOTIFF reader: Directive '_READ_OFFSETS_IN_CS_UNITS' has the value 'No'
2016-02-16 15:20:11|   0.5|  0.0|INFORM|GEOTIFF reader: Directive '_APPLY_GCPS' has the value 'No'
2016-02-16 15:20:11|   0.5|  0.0|INFORM|FME Configuration: Source coordinate system for reader GEOTIFF_1[GEOTIFF] set to `UTM83-10' as read from input data
2016-02-16 15:20:11|   0.5|  0.0|INFORM|Coordinate System `UTM83-10' parameters: CS_NAME=`UTM83-10' DESC_NM=`UTM with NAD83 datum, Zone 10, Meter; Central Meridian 123d W' DT_NAME=`NAD83' GROUP=`UTM83' MAP_SCL=`1' MAX_LAT=`86.9333333333333' MAX_LNG=`-119.25' MIN_LAT=`25.4166666666667' MIN_LNG=`-126.75' PARM1=`-123' PROJ=`TM' QUAD=`1' SCL_RED=`0.9996' SOURCE=`Snyder, J.P, 1987, Map Projections - A Working Manual' UNIT=`METER' X_OFF=`500000.0' Y_OFF=`0.0' 
2016-02-16 15:20:11|   0.5|  0.0|INFORM|Creating reader for format: GeoTIFF (Geo-referenced Tagged Image File Format)
2016-02-16 15:20:11|   0.5|  0.0|INFORM|Trying to find a DYNAMIC plugin for reader named `GEOTIFF'
2016-02-16 15:20:11|   0.5|  0.0|INFORM|FME API version of module 'GEOTIFF' matches current internal version (3.8 20151127)
2016-02-16 15:20:11|   0.5|  0.0|INFORM|GEOTIFF reader: Directive '_READ_OFFSETS_IN_CS_UNITS' has the value 'No'
2016-02-16 15:20:11|   0.5|  0.0|INFORM|GEOTIFF reader: Directive '_APPLY_GCPS' has the value 'No'
2016-02-16 15:20:11|   0.5|  0.0|INFORM|FME Configuration: Source coordinate system for reader GEOTIFF_1[GEOTIFF] set to `UTM83-10' as read from input data
2016-02-16 15:20:11|   0.5|  0.0|INFORM|Coordinate System `UTM83-10' parameters: CS_NAME=`UTM83-10' DESC_NM=`UTM with NAD83 datum, Zone 10, Meter; Central Meridian 123d W' DT_NAME=`NAD83' GROUP=`UTM83' MAP_SCL=`1' MAX_LAT=`86.9333333333333' MAX_LNG=`-119.25' MIN_LAT=`25.4166666666667' MIN_LNG=`-126.75' PARM1=`-123' PROJ=`TM' QUAD=`1' SCL_RED=`0.9996' SOURCE=`Snyder, J.P, 1987, Map Projections - A Working Manual' UNIT=`METER' X_OFF=`500000.0' Y_OFF=`0.0' 
2016-02-16 15:20:11|   0.5|  0.0|INFORM|Creating reader for format: GeoTIFF (Geo-referenced Tagged Image File Format)
2016-02-16 15:20:11|   0.5|  0.0|INFORM|Trying to find a DYNAMIC plugin for reader named `GEOTIFF'
2016-02-16 15:20:11|   0.5|  0.0|INFORM|FME API version of module 'GEOTIFF' matches current internal version (3.8 20151127)
2016-02-16 15:20:11|   0.5|  0.0|INFORM|GEOTIFF reader: Directive '_READ_OFFSETS_IN_CS_UNITS' has the value 'No'
2016-02-16 15:20:11|   0.5|  0.0|INFORM|GEOTIFF reader: Directive '_APPLY_GCPS' has the value 'No'
2016-02-16 15:20:11|   0.5|  0.0|INFORM|FME Configuration: Source coordinate system for reader GEOTIFF_1[GEOTIFF] set to `UTM83-10' as read from input data
2016-02-16 15:20:11|   0.5|  0.0|INFORM|Coordinate System `UTM83-10' parameters: CS_NAME=`UTM83-10' DESC_NM=`UTM with NAD83 datum, Zone 10, Meter; Central Meridian 123d W' DT_NAME=`NAD83' GROUP=`UTM83' MAP_SCL=`1' MAX_LAT=`86.9333333333333' MAX_LNG=`-119.25' MIN_LAT=`25.4166666666667' MIN_LNG=`-126.75' PARM1=`-123' PROJ=`TM' QUAD=`1' SCL_RED=`0.9996' SOURCE=`Snyder, J.P, 1987, Map Projections - A Working Manual' UNIT=`METER' X_OFF=`500000.0' Y_OFF=`0.0' 
2016-02-16 15:20:11|   0.5|  0.0|INFORM|Creating reader for format: GeoTIFF (Geo-referenced Tagged Image File Format)
2016-02-16 15:20:11|   0.5|  0.0|INFORM|Trying to find a DYNAMIC plugin for reader named `GEOTIFF'
2016-02-16 15:20:11|   0.5|  0.0|INFORM|FME API version of module 'GEOTIFF' matches current internal version (3.8 20151127)
2016-02-16 15:20:11|   0.5|  0.0|INFORM|GEOTIFF reader: Directive '_READ_OFFSETS_IN_CS_UNITS' has the value 'No'
2016-02-16 15:20:11|   0.5|  0.0|INFORM|GEOTIFF reader: Directive '_APPLY_GCPS' has the value 'No'
2016-02-16 15:20:11|   0.5|  0.0|INFORM|FME Configuration: Source coordinate system for reader GEOTIFF_1[GEOTIFF] set to `UTM83-10' as read from input data
2016-02-16 15:20:11|   0.5|  0.0|INFORM|Coordinate System `UTM83-10' parameters: CS_NAME=`UTM83-10' DESC_NM=`UTM with NAD83 datum, Zone 10, Meter; Central Meridian 123d W' DT_NAME=`NAD83' GROUP=`UTM83' MAP_SCL=`1' MAX_LAT=`86.9333333333333' MAX_LNG=`-119.25' MIN_LAT=`25.4166666666667' MIN_LNG=`-126.75' PARM1=`-123' PROJ=`TM' QUAD=`1' SCL_RED=`0.9996' SOURCE=`Snyder, J.P, 1987, Map Projections - A Working Manual' UNIT=`METER' X_OFF=`500000.0' Y_OFF=`0.0' 
2016-02-16 15:20:11|   0.5|  0.0|INFORM|Creating reader for format: GeoTIFF (Geo-referenced Tagged Image File Format)
2016-02-16 15:20:11|   0.5|  0.0|INFORM|Trying to find a DYNAMIC plugin for reader named `GEOTIFF'
2016-02-16 15:20:11|   0.5|  0.0|INFORM|FME API version of module 'GEOTIFF' matches current internal version (3.8 20151127)
2016-02-16 15:20:11|   0.5|  0.0|INFORM|GEOTIFF reader: Directive '_READ_OFFSETS_IN_CS_UNITS' has the value 'No'
2016-02-16 15:20:11|   0.5|  0.0|INFORM|GEOTIFF reader: Directive '_APPLY_GCPS' has the value 'No'
2016-02-16 15:20:11|   0.5|  0.0|INFORM|FME Configuration: Source coordinate system for reader GEOTIFF_1[GEOTIFF] set to `UTM83-10' as read from input data
2016-02-16 15:20:11|   0.5|  0.0|INFORM|Coordinate System `UTM83-10' parameters: CS_NAME=`UTM83-10' DESC_NM=`UTM with NAD83 datum, Zone 10, Meter; Central Meridian 123d W' DT_NAME=`NAD83' GROUP=`UTM83' MAP_SCL=`1' MAX_LAT=`86.9333333333333' MAX_LNG=`-119.25' MIN_LAT=`25.4166666666667' MIN_LNG=`-126.75' PARM1=`-123' PROJ=`TM' QUAD=`1' SCL_RED=`0.9996' SOURCE=`Snyder, J.P, 1987, Map Projections - A Working Manual' UNIT=`METER' X_OFF=`500000.0' Y_OFF=`0.0' 
2016-02-16 15:20:11|   0.5|  0.0|INFORM|Creating reader for format: GeoTIFF (Geo-referenced Tagged Image File Format)
2016-02-16 15:20:11|   0.5|  0.0|INFORM|Trying to find a DYNAMIC plugin for reader named `GEOTIFF'
2016-02-16 15:20:11|   0.5|  0.0|INFORM|FME API version of module 'GEOTIFF' matches current internal version (3.8 20151127)
2016-02-16 15:20:11|   0.5|  0.0|INFORM|GEOTIFF reader: Directive '_READ_OFFSETS_IN_CS_UNITS' has the value 'No'
2016-02-16 15:20:11|   0.5|  0.0|INFORM|GEOTIFF reader: Directive '_APPLY_GCPS' has the value 'No'
2016-02-16 15:20:11|   0.5|  0.0|INFORM|FME Configuration: Source coordinate system for reader GEOTIFF_1[GEOTIFF] set to `UTM83-10' as read from input data
2016-02-16 15:20:11|   0.5|  0.0|INFORM|Coordinate System `UTM83-10' parameters: CS_NAME=`UTM83-10' DESC_NM=`UTM with NAD83 datum, Zone 10, Meter; Central Meridian 123d W' DT_NAME=`NAD83' GROUP=`UTM83' MAP_SCL=`1' MAX_LAT=`86.9333333333333' MAX_LNG=`-119.25' MIN_LAT=`25.4166666666667' MIN_LNG=`-126.75' PARM1=`-123' PROJ=`TM' QUAD=`1' SCL_RED=`0.9996' SOURCE=`Snyder, J.P, 1987, Map Projections - A Working Manual' UNIT=`METER' X_OFF=`500000.0' Y_OFF=`0.0' 
2016-02-16 15:20:11|   0.5|  0.0|INFORM|Creating reader for format: GeoTIFF (Geo-referenced Tagged Image File Format)
2016-02-16 15:20:11|   0.5|  0.0|INFORM|Trying to find a DYNAMIC plugin for reader named `GEOTIFF'
2016-02-16 15:20:11|   0.5|  0.0|INFORM|FME API version of module 'GEOTIFF' matches current internal version (3.8 20151127)
2016-02-16 15:20:11|   0.5|  0.0|INFORM|GEOTIFF reader: Directive '_READ_OFFSETS_IN_CS_UNITS' has the value 'No'
2016-02-16 15:20:11|   0.5|  0.0|INFORM|GEOTIFF reader: Directive '_APPLY_GCPS' has the value 'No'
2016-02-16 15:20:11|   0.5|  0.0|INFORM|FME Configuration: Source coordinate system for reader GEOTIFF_1[GEOTIFF] set to `UTM83-10' as read from input data
2016-02-16 15:20:11|   0.5|  0.0|INFORM|Coordinate System `UTM83-10' parameters: CS_NAME=`UTM83-10' DESC_NM=`UTM with NAD83 datum, Zone 10, Meter; Central Meridian 123d W' DT_NAME=`NAD83' GROUP=`UTM83' MAP_SCL=`1' MAX_LAT=`86.9333333333333' MAX_LNG=`-119.25' MIN_LAT=`25.4166666666667' MIN_LNG=`-126.75' PARM1=`-123' PROJ=`TM' QUAD=`1' SCL_RED=`0.9996' SOURCE=`Snyder, J.P, 1987, Map Projections - A Working Manual' UNIT=`METER' X_OFF=`500000.0' Y_OFF=`0.0' 
2016-02-16 15:20:11|   0.5|  0.0|INFORM|Creating reader for format: GeoTIFF (Geo-referenced Tagged Image File Format)
2016-02-16 15:20:11|   0.5|  0.0|INFORM|Trying to find a DYNAMIC plugin for reader named `GEOTIFF'
2016-02-16 15:20:11|   0.5|  0.0|INFORM|FME API version of module 'GEOTIFF' matches current internal version (3.8 20151127)
2016-02-16 15:20:11|   0.5|  0.0|INFORM|GEOTIFF reader: Directive '_READ_OFFSETS_IN_CS_UNITS' has the value 'No'
2016-02-16 15:20:11|   0.5|  0.0|INFORM|GEOTIFF reader: Directive '_APPLY_GCPS' has the value 'No'
2016-02-16 15:20:11|   0.5|  0.0|INFORM|FME Configuration: Source coordinate system for reader GEOTIFF_1[GEOTIFF] set to `UTM83-10' as read from input data
2016-02-16 15:20:11|   0.5|  0.0|INFORM|Coordinate System `UTM83-10' parameters: CS_NAME=`UTM83-10' DESC_NM=`UTM with NAD83 datum, Zone 10, Meter; Central Meridian 123d W' DT_NAME=`NAD83' GROUP=`UTM83' MAP_SCL=`1' MAX_LAT=`86.9333333333333' MAX_LNG=`-119.25' MIN_LAT=`25.4166666666667' MIN_LNG=`-126.75' PARM1=`-123' PROJ=`TM' QUAD=`1' SCL_RED=`0.9996' SOURCE=`Snyder, J.P, 1987, Map Projections - A Working Manual' UNIT=`METER' X_OFF=`500000.0' Y_OFF=`0.0' 
2016-02-16 15:20:11|   0.5|  0.0|INFORM|Creating reader for format: GeoTIFF (Geo-referenced Tagged Image File Format)
2016-02-16 15:20:11|   0.5|  0.0|INFORM|Trying to find a DYNAMIC plugin for reader named `GEOTIFF'
2016-02-16 15:20:11|   0.5|  0.0|INFORM|FME API version of module 'GEOTIFF' matches current internal version (3.8 20151127)
2016-02-16 15:20:11|   0.5|  0.0|INFORM|GEOTIFF reader: Directive '_READ_OFFSETS_IN_CS_UNITS' has the value 'No'
2016-02-16 15:20:11|   0.5|  0.0|INFORM|GEOTIFF reader: Directive '_APPLY_GCPS' has the value 'No'
2016-02-16 15:20:11|   0.5|  0.0|INFORM|FME Configuration: Source coordinate system for reader GEOTIFF_1[GEOTIFF] set to `UTM83-10' as read from input data
2016-02-16 15:20:11|   0.5|  0.0|INFORM|Coordinate System `UTM83-10' parameters: CS_NAME=`UTM83-10' DESC_NM=`UTM with NAD83 datum, Zone 10, Meter; Central Meridian 123d W' DT_NAME=`NAD83' GROUP=`UTM83' MAP_SCL=`1' MAX_LAT=`86.9333333333333' MAX_LNG=`-119.25' MIN_LAT=`25.4166666666667' MIN_LNG=`-126.75' PARM1=`-123' PROJ=`TM' QUAD=`1' SCL_RED=`0.9996' SOURCE=`Snyder, J.P, 1987, Map Projections - A Working Manual' UNIT=`METER' X_OFF=`500000.0' Y_OFF=`0.0' 
2016-02-16 15:20:11|   0.5|  0.0|INFORM|Creating reader for format: GeoTIFF (Geo-referenced Tagged Image File Format)
2016-02-16 15:20:11|   0.5|  0.0|INFORM|Trying to find a DYNAMIC plugin for reader named `GEOTIFF'
2016-02-16 15:20:11|   0.5|  0.0|INFORM|FME API version of module 'GEOTIFF' matches current internal version (3.8 20151127)
2016-02-16 15:20:11|   0.5|  0.0|INFORM|GEOTIFF reader: Directive '_READ_OFFSETS_IN_CS_UNITS' has the value 'No'
2016-02-16 15:20:11|   0.5|  0.0|INFORM|GEOTIFF reader: Directive '_APPLY_GCPS' has the value 'No'
2016-02-16 15:20:11|   0.5|  0.0|INFORM|FME Configuration: Source coordinate system for reader GEOTIFF_1[GEOTIFF] set to `UTM83-10' as read from input data
2016-02-16 15:20:11|   0.5|  0.0|INFORM|Coordinate System `UTM83-10' parameters: CS_NAME=`UTM83-10' DESC_NM=`UTM with NAD83 datum, Zone 10, Meter; Central Meridian 123d W' DT_NAME=`NAD83' GROUP=`UTM83' MAP_SCL=`1' MAX_LAT=`86.9333333333333' MAX_LNG=`-119.25' MIN_LAT=`25.4166666666667' MIN_LNG=`-126.75' PARM1=`-123' PROJ=`TM' QUAD=`1' SCL_RED=`0.9996' SOURCE=`Snyder, J.P, 1987, Map Projections - A Working Manual' UNIT=`METER' X_OFF=`500000.0' Y_OFF=`0.0' 
2016-02-16 15:20:11|   0.5|  0.0|INFORM|Creating reader for format: GeoTIFF (Geo-referenced Tagged Image File Format)
2016-02-16 15:20:11|   0.5|  0.0|INFORM|Trying to find a DYNAMIC plugin for reader named `GEOTIFF'
2016-02-16 15:20:11|   0.5|  0.0|INFORM|FME API version of module 'GEOTIFF' matches current internal version (3.8 20151127)
2016-02-16 15:20:11|   0.5|  0.0|INFORM|GEOTIFF reader: Directive '_READ_OFFSETS_IN_CS_UNITS' has the value 'No'
2016-02-16 15:20:11|   0.5|  0.0|INFORM|GEOTIFF reader: Directive '_APPLY_GCPS' has the value 'No'
2016-02-16 15:20:11|   0.5|  0.0|INFORM|FME Configuration: Source coordinate system for reader GEOTIFF_1[GEOTIFF] set to `UTM83-10' as read from input data
2016-02-16 15:20:11|   0.5|  0.0|INFORM|Coordinate System `UTM83-10' parameters: CS_NAME=`UTM83-10' DESC_NM=`UTM with NAD83 datum, Zone 10, Meter; Central Meridian 123d W' DT_NAME=`NAD83' GROUP=`UTM83' MAP_SCL=`1' MAX_LAT=`86.9333333333333' MAX_LNG=`-119.25' MIN_LAT=`25.4166666666667' MIN_LNG=`-126.75' PARM1=`-123' PROJ=`TM' QUAD=`1' SCL_RED=`0.9996' SOURCE=`Snyder, J.P, 1987, Map Projections - A Working Manual' UNIT=`METER' X_OFF=`500000.0' Y_OFF=`0.0' 
2016-02-16 15:20:11|   0.5|  0.0|INFORM|Creating reader for format: GeoTIFF (Geo-referenced Tagged Image File Format)
2016-02-16 15:20:11|   0.5|  0.0|INFORM|Trying to find a DYNAMIC plugin for reader named `GEOTIFF'
2016-02-16 15:20:11|   0.5|  0.0|INFORM|FME API version of module 'GEOTIFF' matches current internal version (3.8 20151127)
2016-02-16 15:20:11|   0.5|  0.0|INFORM|GEOTIFF reader: Directive '_READ_OFFSETS_IN_CS_UNITS' has the value 'No'
2016-02-16 15:20:11|   0.5|  0.0|INFORM|GEOTIFF reader: Directive '_APPLY_GCPS' has the value 'No'
2016-02-16 15:20:11|   0.5|  0.0|INFORM|FME Configuration: Source coordinate system for reader GEOTIFF_1[GEOTIFF] set to `UTM83-10' as read from input data
2016-02-16 15:20:11|   0.5|  0.0|INFORM|Coordinate System `UTM83-10' parameters: CS_NAME=`UTM83-10' DESC_NM=`UTM with NAD83 datum, Zone 10, Meter; Central Meridian 123d W' DT_NAME=`NAD83' GROUP=`UTM83' MAP_SCL=`1' MAX_LAT=`86.9333333333333' MAX_LNG=`-119.25' MIN_LAT=`25.4166666666667' MIN_LNG=`-126.75' PARM1=`-123' PROJ=`TM' QUAD=`1' SCL_RED=`0.9996' SOURCE=`Snyder, J.P, 1987, Map Projections - A Working Manual' UNIT=`METER' X_OFF=`500000.0' Y_OFF=`0.0' 
2016-02-16 15:20:11|   0.5|  0.0|INFORM|Creating reader for format: GeoTIFF (Geo-referenced Tagged Image File Format)
2016-02-16 15:20:11|   0.5|  0.0|INFORM|Trying to find a DYNAMIC plugin for reader named `GEOTIFF'
2016-02-16 15:20:11|   0.5|  0.0|INFORM|FME API version of module 'GEOTIFF' matches current internal version (3.8 20151127)
2016-02-16 15:20:11|   0.5|  0.0|INFORM|GEOTIFF reader: Directive '_READ_OFFSETS_IN_CS_UNITS' has the value 'No'
2016-02-16 15:20:11|   0.5|  0.0|INFORM|GEOTIFF reader: Directive '_APPLY_GCPS' has the value 'No'
2016-02-16 15:20:11|   0.5|  0.0|INFORM|FME Configuration: Source coordinate system for reader GEOTIFF_1[GEOTIFF] set to `UTM83-10' as read from input data
2016-02-16 15:20:11|   0.5|  0.0|INFORM|Coordinate System `UTM83-10' parameters: CS_NAME=`UTM83-10' DESC_NM=`UTM with NAD83 datum, Zone 10, Meter; Central Meridian 123d W' DT_NAME=`NAD83' GROUP=`UTM83' MAP_SCL=`1' MAX_LAT=`86.9333333333333' MAX_LNG=`-119.25' MIN_LAT=`25.4166666666667' MIN_LNG=`-126.75' PARM1=`-123' PROJ=`TM' QUAD=`1' SCL_RED=`0.9996' SOURCE=`Snyder, J.P, 1987, Map Projections - A Working Manual' UNIT=`METER' X_OFF=`500000.0' Y_OFF=`0.0' 
2016-02-16 15:20:11|   0.5|  0.0|INFORM|Creating reader for format: GeoTIFF (Geo-referenced Tagged Image File Format)
2016-02-16 15:20:11|   0.5|  0.0|INFORM|Trying to find a DYNAMIC plugin for reader named `GEOTIFF'
2016-02-16 15:20:11|   0.5|  0.0|INFORM|FME API version of module 'GEOTIFF' matches current internal version (3.8 20151127)
2016-02-16 15:20:11|   0.5|  0.0|INFORM|GEOTIFF reader: Directive '_READ_OFFSETS_IN_CS_UNITS' has the value 'No'
2016-02-16 15:20:11|   0.5|  0.0|INFORM|GEOTIFF reader: Directive '_APPLY_GCPS' has the value 'No'
2016-02-16 15:20:11|   0.5|  0.0|INFORM|FME Configuration: Source coordinate system for reader GEOTIFF_1[GEOTIFF] set to `UTM83-10' as read from input data
2016-02-16 15:20:11|   0.5|  0.0|INFORM|Coordinate System `UTM83-10' parameters: CS_NAME=`UTM83-10' DESC_NM=`UTM with NAD83 datum, Zone 10, Meter; Central Meridian 123d W' DT_NAME=`NAD83' GROUP=`UTM83' MAP_SCL=`1' MAX_LAT=`86.9333333333333' MAX_LNG=`-119.25' MIN_LAT=`25.4166666666667' MIN_LNG=`-126.75' PARM1=`-123' PROJ=`TM' QUAD=`1' SCL_RED=`0.9996' SOURCE=`Snyder, J.P, 1987, Map Projections - A Working Manual' UNIT=`METER' X_OFF=`500000.0' Y_OFF=`0.0' 
2016-02-16 15:20:11|   0.5|  0.0|INFORM|Creating reader for format: GeoTIFF (Geo-referenced Tagged Image File Format)
2016-02-16 15:20:11|   0.5|  0.0|INFORM|Trying to find a DYNAMIC plugin for reader named `GEOTIFF'
2016-02-16 15:20:11|   0.5|  0.0|INFORM|FME API version of module 'GEOTIFF' matches current internal version (3.8 20151127)
2016-02-16 15:20:11|   0.5|  0.0|INFORM|GEOTIFF reader: Directive '_READ_OFFSETS_IN_CS_UNITS' has the value 'No'
2016-02-16 15:20:11|   0.5|  0.0|INFORM|GEOTIFF reader: Directive '_APPLY_GCPS' has the value 'No'
2016-02-16 15:20:11|   0.5|  0.0|INFORM|FME Configuration: Source coordinate system for reader GEOTIFF_1[GEOTIFF] set to `UTM83-10' as read from input data
2016-02-16 15:20:11|   0.5|  0.0|INFORM|Coordinate System `UTM83-10' parameters: CS_NAME=`UTM83-10' DESC_NM=`UTM with NAD83 datum, Zone 10, Meter; Central Meridian 123d W' DT_NAME=`NAD83' GROUP=`UTM83' MAP_SCL=`1' MAX_LAT=`86.9333333333333' MAX_LNG=`-119.25' MIN_LAT=`25.4166666666667' MIN_LNG=`-126.75' PARM1=`-123' PROJ=`TM' QUAD=`1' SCL_RED=`0.9996' SOURCE=`Snyder, J.P, 1987, Map Projections - A Working Manual' UNIT=`METER' X_OFF=`500000.0' Y_OFF=`0.0' 
2016-02-16 15:20:11|   0.5|  0.0|INFORM|Creating reader for format: GeoTIFF (Geo-referenced Tagged Image File Format)
2016-02-16 15:20:11|   0.5|  0.0|INFORM|Trying to find a DYNAMIC plugin for reader named `GEOTIFF'
2016-02-16 15:20:11|   0.5|  0.0|INFORM|FME API version of module 'GEOTIFF' matches current internal version (3.8 20151127)
2016-02-16 15:20:11|   0.5|  0.0|INFORM|GEOTIFF reader: Directive '_READ_OFFSETS_IN_CS_UNITS' has the value 'No'
2016-02-16 15:20:11|   0.5|  0.0|INFORM|GEOTIFF reader: Directive '_APPLY_GCPS' has the value 'No'
2016-02-16 15:20:11|   0.5|  0.0|INFORM|FME Configuration: Source coordinate system for reader GEOTIFF_1[GEOTIFF] set to `UTM83-10' as read from input data
2016-02-16 15:20:11|   0.5|  0.0|INFORM|Coordinate System `UTM83-10' parameters: CS_NAME=`UTM83-10' DESC_NM=`UTM with NAD83 datum, Zone 10, Meter; Central Meridian 123d W' DT_NAME=`NAD83' GROUP=`UTM83' MAP_SCL=`1' MAX_LAT=`86.9333333333333' MAX_LNG=`-119.25' MIN_LAT=`25.4166666666667' MIN_LNG=`-126.75' PARM1=`-123' PROJ=`TM' QUAD=`1' SCL_RED=`0.9996' SOURCE=`Snyder, J.P, 1987, Map Projections - A Working Manual' UNIT=`METER' X_OFF=`500000.0' Y_OFF=`0.0' 
2016-02-16 15:20:11|   0.5|  0.0|INFORM|Creating reader for format: GeoTIFF (Geo-referenced Tagged Image File Format)
2016-02-16 15:20:11|   0.5|  0.0|INFORM|Trying to find a DYNAMIC plugin for reader named `GEOTIFF'
2016-02-16 15:20:11|   0.5|  0.0|INFORM|FME API version of module 'GEOTIFF' matches current internal version (3.8 20151127)
2016-02-16 15:20:11|   0.5|  0.0|INFORM|GEOTIFF reader: Directive '_READ_OFFSETS_IN_CS_UNITS' has the value 'No'
2016-02-16 15:20:11|   0.5|  0.0|INFORM|GEOTIFF reader: Directive '_APPLY_GCPS' has the value 'No'
2016-02-16 15:20:11|   0.5|  0.0|INFORM|FME Configuration: Source coordinate system for reader GEOTIFF_1[GEOTIFF] set to `UTM83-10' as read from input data
2016-02-16 15:20:11|   0.5|  0.0|INFORM|Coordinate System `UTM83-10' parameters: CS_NAME=`UTM83-10' DESC_NM=`UTM with NAD83 datum, Zone 10, Meter; Central Meridian 123d W' DT_NAME=`NAD83' GROUP=`UTM83' MAP_SCL=`1' MAX_LAT=`86.9333333333333' MAX_LNG=`-119.25' MIN_LAT=`25.4166666666667' MIN_LNG=`-126.75' PARM1=`-123' PROJ=`TM' QUAD=`1' SCL_RED=`0.9996' SOURCE=`Snyder, J.P, 1987, Map Projections - A Working Manual' UNIT=`METER' X_OFF=`500000.0' Y_OFF=`0.0' 
2016-02-16 15:20:11|   0.5|  0.0|INFORM|Creating reader for format: GeoTIFF (Geo-referenced Tagged Image File Format)
2016-02-16 15:20:11|   0.5|  0.0|INFORM|Trying to find a DYNAMIC plugin for reader named `GEOTIFF'
2016-02-16 15:20:11|   0.5|  0.0|INFORM|FME API version of module 'GEOTIFF' matches current internal version (3.8 20151127)
2016-02-16 15:20:11|   0.5|  0.0|INFORM|GEOTIFF reader: Directive '_READ_OFFSETS_IN_CS_UNITS' has the value 'No'
2016-02-16 15:20:11|   0.5|  0.0|INFORM|GEOTIFF reader: Directive '_APPLY_GCPS' has the value 'No'
2016-02-16 15:20:11|   0.5|  0.0|INFORM|FME Configuration: Source coordinate system for reader GEOTIFF_1[GEOTIFF] set to `UTM83-10' as read from input data
2016-02-16 15:20:11|   0.5|  0.0|INFORM|Coordinate System `UTM83-10' parameters: CS_NAME=`UTM83-10' DESC_NM=`UTM with NAD83 datum, Zone 10, Meter; Central Meridian 123d W' DT_NAME=`NAD83' GROUP=`UTM83' MAP_SCL=`1' MAX_LAT=`86.9333333333333' MAX_LNG=`-119.25' MIN_LAT=`25.4166666666667' MIN_LNG=`-126.75' PARM1=`-123' PROJ=`TM' QUAD=`1' SCL_RED=`0.9996' SOURCE=`Snyder, J.P, 1987, Map Projections - A Working Manual' UNIT=`METER' X_OFF=`500000.0' Y_OFF=`0.0' 
2016-02-16 15:20:11|   0.5|  0.0|INFORM|Creating reader for format: GeoTIFF (Geo-referenced Tagged Image File Format)
2016-02-16 15:20:11|   0.5|  0.0|INFORM|Trying to find a DYNAMIC plugin for reader named `GEOTIFF'
2016-02-16 15:20:11|   0.5|  0.0|INFORM|FME API version of module 'GEOTIFF' matches current internal version (3.8 20151127)
2016-02-16 15:20:11|   0.5|  0.0|INFORM|GEOTIFF reader: Directive '_READ_OFFSETS_IN_CS_UNITS' has the value 'No'
2016-02-16 15:20:11|   0.5|  0.0|INFORM|GEOTIFF reader: Directive '_APPLY_GCPS' has the value 'No'
2016-02-16 15:20:11|   0.5|  0.0|INFORM|FME Configuration: Source coordinate system for reader GEOTIFF_1[GEOTIFF] set to `UTM83-10' as read from input data
2016-02-16 15:20:11|   0.5|  0.0|INFORM|Coordinate System `UTM83-10' parameters: CS_NAME=`UTM83-10' DESC_NM=`UTM with NAD83 datum, Zone 10, Meter; Central Meridian 123d W' DT_NAME=`NAD83' GROUP=`UTM83' MAP_SCL=`1' MAX_LAT=`86.9333333333333' MAX_LNG=`-119.25' MIN_LAT=`25.4166666666667' MIN_LNG=`-126.75' PARM1=`-123' PROJ=`TM' QUAD=`1' SCL_RED=`0.9996' SOURCE=`Snyder, J.P, 1987, Map Projections - A Working Manual' UNIT=`METER' X_OFF=`500000.0' Y_OFF=`0.0' 
2016-02-16 15:20:11|   0.5|  0.0|INFORM|Creating reader for format: GeoTIFF (Geo-referenced Tagged Image File Format)
2016-02-16 15:20:11|   0.5|  0.0|INFORM|Trying to find a DYNAMIC plugin for reader named `GEOTIFF'
2016-02-16 15:20:11|   0.5|  0.0|INFORM|FME API version of module 'GEOTIFF' matches current internal version (3.8 20151127)
2016-02-16 15:20:11|   0.5|  0.0|INFORM|GEOTIFF reader: Directive '_READ_OFFSETS_IN_CS_UNITS' has the value 'No'
2016-02-16 15:20:11|   0.5|  0.0|INFORM|GEOTIFF reader: Directive '_APPLY_GCPS' has the value 'No'
2016-02-16 15:20:11|   0.5|  0.0|INFORM|FME Configuration: Source coordinate system for reader GEOTIFF_1[GEOTIFF] set to `UTM83-10' as read from input data
2016-02-16 15:20:11|   0.5|  0.0|INFORM|Coordinate System `UTM83-10' parameters: CS_NAME=`UTM83-10' DESC_NM=`UTM with NAD83 datum, Zone 10, Meter; Central Meridian 123d W' DT_NAME=`NAD83' GROUP=`UTM83' MAP_SCL=`1' MAX_LAT=`86.9333333333333' MAX_LNG=`-119.25' MIN_LAT=`25.4166666666667' MIN_LNG=`-126.75' PARM1=`-123' PROJ=`TM' QUAD=`1' SCL_RED=`0.9996' SOURCE=`Snyder, J.P, 1987, Map Projections - A Working Manual' UNIT=`METER' X_OFF=`500000.0' Y_OFF=`0.0' 
2016-02-16 15:20:11|   0.5|  0.0|INFORM|Creating reader for format: GeoTIFF (Geo-referenced Tagged Image File Format)
2016-02-16 15:20:11|   0.5|  0.0|INFORM|Trying to find a DYNAMIC plugin for reader named `GEOTIFF'
2016-02-16 15:20:11|   0.5|  0.0|INFORM|FME API version of module 'GEOTIFF' matches current internal version (3.8 20151127)
2016-02-16 15:20:11|   0.5|  0.0|INFORM|GEOTIFF reader: Directive '_READ_OFFSETS_IN_CS_UNITS' has the value 'No'
2016-02-16 15:20:11|   0.5|  0.0|INFORM|GEOTIFF reader: Directive '_APPLY_GCPS' has the value 'No'
2016-02-16 15:20:11|   0.5|  0.0|INFORM|FME Configuration: Source coordinate system for reader GEOTIFF_1[GEOTIFF] set to `UTM83-10' as read from input data
2016-02-16 15:20:11|   0.5|  0.0|INFORM|Coordinate System `UTM83-10' parameters: CS_NAME=`UTM83-10' DESC_NM=`UTM with NAD83 datum, Zone 10, Meter; Central Meridian 123d W' DT_NAME=`NAD83' GROUP=`UTM83' MAP_SCL=`1' MAX_LAT=`86.9333333333333' MAX_LNG=`-119.25' MIN_LAT=`25.4166666666667' MIN_LNG=`-126.75' PARM1=`-123' PROJ=`TM' QUAD=`1' SCL_RED=`0.9996' SOURCE=`Snyder, J.P, 1987, Map Projections - A Working Manual' UNIT=`METER' X_OFF=`500000.0' Y_OFF=`0.0' 
2016-02-16 15:20:11|   0.5|  0.0|INFORM|Creating reader for format: GeoTIFF (Geo-referenced Tagged Image File Format)
2016-02-16 15:20:11|   0.5|  0.0|INFORM|Trying to find a DYNAMIC plugin for reader named `GEOTIFF'
2016-02-16 15:20:11|   0.5|  0.0|INFORM|FME API version of module 'GEOTIFF' matches current internal version (3.8 20151127)
2016-02-16 15:20:11|   0.5|  0.0|INFORM|GEOTIFF reader: Directive '_READ_OFFSETS_IN_CS_UNITS' has the value 'No'
2016-02-16 15:20:11|   0.5|  0.0|INFORM|GEOTIFF reader: Directive '_APPLY_GCPS' has the value 'No'
2016-02-16 15:20:11|   0.5|  0.0|INFORM|FME Configuration: Source coordinate system for reader GEOTIFF_1[GEOTIFF] set to `UTM83-10' as read from input data
2016-02-16 15:20:11|   0.5|  0.0|INFORM|Coordinate System `UTM83-10' parameters: CS_NAME=`UTM83-10' DESC_NM=`UTM with NAD83 datum, Zone 10, Meter; Central Meridian 123d W' DT_NAME=`NAD83' GROUP=`UTM83' MAP_SCL=`1' MAX_LAT=`86.9333333333333' MAX_LNG=`-119.25' MIN_LAT=`25.4166666666667' MIN_LNG=`-126.75' PARM1=`-123' PROJ=`TM' QUAD=`1' SCL_RED=`0.9996' SOURCE=`Snyder, J.P, 1987, Map Projections - A Working Manual' UNIT=`METER' X_OFF=`500000.0' Y_OFF=`0.0' 
2016-02-16 15:20:11|   0.5|  0.0|INFORM|Creating reader for format: GeoTIFF (Geo-referenced Tagged Image File Format)
2016-02-16 15:20:11|   0.5|  0.0|INFORM|Trying to find a DYNAMIC plugin for reader named `GEOTIFF'
2016-02-16 15:20:11|   0.5|  0.0|INFORM|FME API version of module 'GEOTIFF' matches current internal version (3.8 20151127)
2016-02-16 15:20:11|   0.5|  0.0|INFORM|GEOTIFF reader: Directive '_READ_OFFSETS_IN_CS_UNITS' has the value 'No'
2016-02-16 15:20:11|   0.5|  0.0|INFORM|GEOTIFF reader: Directive '_APPLY_GCPS' has the value 'No'
2016-02-16 15:20:11|   0.5|  0.0|INFORM|FME Configuration: Source coordinate system for reader GEOTIFF_1[GEOTIFF] set to `UTM83-10' as read from input data
2016-02-16 15:20:11|   0.5|  0.0|INFORM|Coordinate System `UTM83-10' parameters: CS_NAME=`UTM83-10' DESC_NM=`UTM with NAD83 datum, Zone 10, Meter; Central Meridian 123d W' DT_NAME=`NAD83' GROUP=`UTM83' MAP_SCL=`1' MAX_LAT=`86.9333333333333' MAX_LNG=`-119.25' MIN_LAT=`25.4166666666667' MIN_LNG=`-126.75' PARM1=`-123' PROJ=`TM' QUAD=`1' SCL_RED=`0.9996' SOURCE=`Snyder, J.P, 1987, Map Projections - A Working Manual' UNIT=`METER' X_OFF=`500000.0' Y_OFF=`0.0' 
2016-02-16 15:20:11|   0.5|  0.0|INFORM|Creating reader for format: GeoTIFF (Geo-referenced Tagged Image File Format)
2016-02-16 15:20:11|   0.5|  0.0|INFORM|Trying to find a DYNAMIC plugin for reader named `GEOTIFF'
2016-02-16 15:20:11|   0.5|  0.0|INFORM|FME API version of module 'GEOTIFF' matches current internal version (3.8 20151127)
2016-02-16 15:20:11|   0.5|  0.0|INFORM|GEOTIFF reader: Directive '_READ_OFFSETS_IN_CS_UNITS' has the value 'No'
2016-02-16 15:20:11|   0.5|  0.0|INFORM|GEOTIFF reader: Directive '_APPLY_GCPS' has the value 'No'
2016-02-16 15:20:11|   0.5|  0.0|INFORM|FME Configuration: Source coordinate system for reader GEOTIFF_1[GEOTIFF] set to `UTM83-10' as read from input data
2016-02-16 15:20:11|   0.5|  0.0|INFORM|Coordinate System `UTM83-10' parameters: CS_NAME=`UTM83-10' DESC_NM=`UTM with NAD83 datum, Zone 10, Meter; Central Meridian 123d W' DT_NAME=`NAD83' GROUP=`UTM83' MAP_SCL=`1' MAX_LAT=`86.9333333333333' MAX_LNG=`-119.25' MIN_LAT=`25.4166666666667' MIN_LNG=`-126.75' PARM1=`-123' PROJ=`TM' QUAD=`1' SCL_RED=`0.9996' SOURCE=`Snyder, J.P, 1987, Map Projections - A Working Manual' UNIT=`METER' X_OFF=`500000.0' Y_OFF=`0.0' 
2016-02-16 15:20:11|   0.5|  0.0|INFORM|Creating reader for format: GeoTIFF (Geo-referenced Tagged Image File Format)
2016-02-16 15:20:11|   0.5|  0.0|INFORM|Trying to find a DYNAMIC plugin for reader named `GEOTIFF'
2016-02-16 15:20:11|   0.5|  0.0|INFORM|FME API version of module 'GEOTIFF' matches current internal version (3.8 20151127)
2016-02-16 15:20:11|   0.5|  0.0|INFORM|GEOTIFF reader: Directive '_READ_OFFSETS_IN_CS_UNITS' has the value 'No'
2016-02-16 15:20:11|   0.5|  0.0|INFORM|GEOTIFF reader: Directive '_APPLY_GCPS' has the value 'No'
2016-02-16 15:20:11|   0.5|  0.0|INFORM|FME Configuration: Source coordinate system for reader GEOTIFF_1[GEOTIFF] set to `UTM83-10' as read from input data
2016-02-16 15:20:11|   0.5|  0.0|INFORM|Coordinate System `UTM83-10' parameters: CS_NAME=`UTM83-10' DESC_NM=`UTM with NAD83 datum, Zone 10, Meter; Central Meridian 123d W' DT_NAME=`NAD83' GROUP=`UTM83' MAP_SCL=`1' MAX_LAT=`86.9333333333333' MAX_LNG=`-119.25' MIN_LAT=`25.4166666666667' MIN_LNG=`-126.75' PARM1=`-123' PROJ=`TM' QUAD=`1' SCL_RED=`0.9996' SOURCE=`Snyder, J.P, 1987, Map Projections - A Working Manual' UNIT=`METER' X_OFF=`500000.0' Y_OFF=`0.0' 
2016-02-16 15:20:11|   0.5|  0.0|INFORM|Creating reader for format: GeoTIFF (Geo-referenced Tagged Image File Format)
2016-02-16 15:20:11|   0.5|  0.0|INFORM|Trying to find a DYNAMIC plugin for reader named `GEOTIFF'
2016-02-16 15:20:11|   0.5|  0.0|INFORM|FME API version of module 'GEOTIFF' matches current internal version (3.8 20151127)
2016-02-16 15:20:11|   0.5|  0.0|INFORM|GEOTIFF reader: Directive '_READ_OFFSETS_IN_CS_UNITS' has the value 'No'
2016-02-16 15:20:11|   0.5|  0.0|INFORM|GEOTIFF reader: Directive '_APPLY_GCPS' has the value 'No'
2016-02-16 15:20:11|   0.5|  0.0|INFORM|FME Configuration: Source coordinate system for reader GEOTIFF_1[GEOTIFF] set to `UTM83-10' as read from input data
2016-02-16 15:20:11|   0.5|  0.0|INFORM|Coordinate System `UTM83-10' parameters: CS_NAME=`UTM83-10' DESC_NM=`UTM with NAD83 datum, Zone 10, Meter; Central Meridian 123d W' DT_NAME=`NAD83' GROUP=`UTM83' MAP_SCL=`1' MAX_LAT=`86.9333333333333' MAX_LNG=`-119.25' MIN_LAT=`25.4166666666667' MIN_LNG=`-126.75' PARM1=`-123' PROJ=`TM' QUAD=`1' SCL_RED=`0.9996' SOURCE=`Snyder, J.P, 1987, Map Projections - A Working Manual' UNIT=`METER' X_OFF=`500000.0' Y_OFF=`0.0' 
2016-02-16 15:20:11|   0.5|  0.0|INFORM|Creating reader for format: GeoTIFF (Geo-referenced Tagged Image File Format)
2016-02-16 15:20:11|   0.5|  0.0|INFORM|Trying to find a DYNAMIC plugin for reader named `GEOTIFF'
2016-02-16 15:20:11|   0.5|  0.0|INFORM|FME API version of module 'GEOTIFF' matches current internal version (3.8 20151127)
2016-02-16 15:20:11|   0.5|  0.0|INFORM|GEOTIFF reader: Directive '_READ_OFFSETS_IN_CS_UNITS' has the value 'No'
2016-02-16 15:20:11|   0.5|  0.0|INFORM|GEOTIFF reader: Directive '_APPLY_GCPS' has the value 'No'
2016-02-16 15:20:11|   0.5|  0.0|INFORM|FME Configuration: Source coordinate system for reader GEOTIFF_1[GEOTIFF] set to `UTM83-10' as read from input data
2016-02-16 15:20:11|   0.5|  0.0|INFORM|Coordinate System `UTM83-10' parameters: CS_NAME=`UTM83-10' DESC_NM=`UTM with NAD83 datum, Zone 10, Meter; Central Meridian 123d W' DT_NAME=`NAD83' GROUP=`UTM83' MAP_SCL=`1' MAX_LAT=`86.9333333333333' MAX_LNG=`-119.25' MIN_LAT=`25.4166666666667' MIN_LNG=`-126.75' PARM1=`-123' PROJ=`TM' QUAD=`1' SCL_RED=`0.9996' SOURCE=`Snyder, J.P, 1987, Map Projections - A Working Manual' UNIT=`METER' X_OFF=`500000.0' Y_OFF=`0.0' 
2016-02-16 15:20:11|   0.5|  0.0|INFORM|Creating reader for format: GeoTIFF (Geo-referenced Tagged Image File Format)
2016-02-16 15:20:11|   0.5|  0.0|INFORM|Trying to find a DYNAMIC plugin for reader named `GEOTIFF'
2016-02-16 15:20:11|   0.5|  0.0|INFORM|FME API version of module 'GEOTIFF' matches current internal version (3.8 20151127)
2016-02-16 15:20:11|   0.5|  0.0|INFORM|GEOTIFF reader: Directive '_READ_OFFSETS_IN_CS_UNITS' has the value 'No'
2016-02-16 15:20:11|   0.5|  0.0|INFORM|GEOTIFF reader: Directive '_APPLY_GCPS' has the value 'No'
2016-02-16 15:20:11|   0.5|  0.0|INFORM|FME Configuration: Source coordinate system for reader GEOTIFF_1[GEOTIFF] set to `UTM83-10' as read from input data
2016-02-16 15:20:11|   0.5|  0.0|INFORM|Coordinate System `UTM83-10' parameters: CS_NAME=`UTM83-10' DESC_NM=`UTM with NAD83 datum, Zone 10, Meter; Central Meridian 123d W' DT_NAME=`NAD83' GROUP=`UTM83' MAP_SCL=`1' MAX_LAT=`86.9333333333333' MAX_LNG=`-119.25' MIN_LAT=`25.4166666666667' MIN_LNG=`-126.75' PARM1=`-123' PROJ=`TM' QUAD=`1' SCL_RED=`0.9996' SOURCE=`Snyder, J.P, 1987, Map Projections - A Working Manual' UNIT=`METER' X_OFF=`500000.0' Y_OFF=`0.0' 
2016-02-16 15:20:11|   0.6|  0.0|INFORM|Creating reader for format: GeoTIFF (Geo-referenced Tagged Image File Format)
2016-02-16 15:20:11|   0.6|  0.0|INFORM|Trying to find a DYNAMIC plugin for reader named `GEOTIFF'
2016-02-16 15:20:11|   0.6|  0.0|INFORM|FME API version of module 'GEOTIFF' matches current internal version (3.8 20151127)
2016-02-16 15:20:11|   0.6|  0.0|INFORM|GEOTIFF reader: Directive '_READ_OFFSETS_IN_CS_UNITS' has the value 'No'
2016-02-16 15:20:11|   0.6|  0.0|INFORM|GEOTIFF reader: Directive '_APPLY_GCPS' has the value 'No'
2016-02-16 15:20:11|   0.6|  0.0|INFORM|FME Configuration: Source coordinate system for reader GEOTIFF_1[GEOTIFF] set to `UTM83-10' as read from input data
2016-02-16 15:20:11|   0.6|  0.0|INFORM|Coordinate System `UTM83-10' parameters: CS_NAME=`UTM83-10' DESC_NM=`UTM with NAD83 datum, Zone 10, Meter; Central Meridian 123d W' DT_NAME=`NAD83' GROUP=`UTM83' MAP_SCL=`1' MAX_LAT=`86.9333333333333' MAX_LNG=`-119.25' MIN_LAT=`25.4166666666667' MIN_LNG=`-126.75' PARM1=`-123' PROJ=`TM' QUAD=`1' SCL_RED=`0.9996' SOURCE=`Snyder, J.P, 1987, Map Projections - A Working Manual' UNIT=`METER' X_OFF=`500000.0' Y_OFF=`0.0' 
2016-02-16 15:20:11|   0.6|  0.0|INFORM|Creating reader for format: GeoTIFF (Geo-referenced Tagged Image File Format)
2016-02-16 15:20:11|   0.6|  0.0|INFORM|Trying to find a DYNAMIC plugin for reader named `GEOTIFF'
2016-02-16 15:20:11|   0.6|  0.0|INFORM|FME API version of module 'GEOTIFF' matches current internal version (3.8 20151127)
2016-02-16 15:20:11|   0.6|  0.0|INFORM|GEOTIFF reader: Directive '_READ_OFFSETS_IN_CS_UNITS' has the value 'No'
2016-02-16 15:20:11|   0.6|  0.0|INFORM|GEOTIFF reader: Directive '_APPLY_GCPS' has the value 'No'
2016-02-16 15:20:11|   0.6|  0.0|INFORM|FME Configuration: Source coordinate system for reader GEOTIFF_1[GEOTIFF] set to `UTM83-10' as read from input data
2016-02-16 15:20:11|   0.6|  0.0|INFORM|Coordinate System `UTM83-10' parameters: CS_NAME=`UTM83-10' DESC_NM=`UTM with NAD83 datum, Zone 10, Meter; Central Meridian 123d W' DT_NAME=`NAD83' GROUP=`UTM83' MAP_SCL=`1' MAX_LAT=`86.9333333333333' MAX_LNG=`-119.25' MIN_LAT=`25.4166666666667' MIN_LNG=`-126.75' PARM1=`-123' PROJ=`TM' QUAD=`1' SCL_RED=`0.9996' SOURCE=`Snyder, J.P, 1987, Map Projections - A Working Manual' UNIT=`METER' X_OFF=`500000.0' Y_OFF=`0.0' 
2016-02-16 15:20:11|   0.6|  0.0|INFORM|MULTI_READER(GEOTIFF_1): Done reading 40 features from 40 readers
2016-02-16 15:20:11|   0.6|  0.0|INFORM|Creating reader for format: Bentley MicroStation Design (V8)
2016-02-16 15:20:11|   0.6|  0.1|INFORM|Trying to find a DYNAMIC plugin for reader named `DGNV8'
2016-02-16 15:20:11|   0.6|  0.0|INFORM|Loaded module 'DGNV8' from file 'C:\apps\FME2016.0\plugins/DGNV8.dll'
2016-02-16 15:20:11|   0.6|  0.0|INFORM|FME API version of module 'DGNV8' matches current internal version (3.8 20151127)
2016-02-16 15:20:11|   0.6|  0.0|INFORM|DESIGN READER: Opening DGN V8 file 'C:\FMEData2016\Data\Transportation\RoadsDGN.dgn'
2016-02-16 15:20:11|   0.7|  0.0|INFORM|DESIGN READER: Using Enhanced geometry
2016-02-16 15:20:11|   0.7|  0.0|INFORM|DESIGN READER: Exploding cells into their component pieces 
2016-02-16 15:20:11|   0.7|  0.0|INFORM|DESIGN READER: Unnamed_cells are not being expanded -- Donuts may be formed if multiple intersecting polygons existed which may not retain their original color
2016-02-16 15:20:11|   0.7|  0.0|INFORM|DESIGN READER: Only centerline of multiline will be imported
2016-02-16 15:20:11|   0.7|  0.0|INFORM|DESIGN READER: Exploding dimension element into its pieces
2016-02-16 15:20:11|   0.7|  0.0|INFORM|DESIGN READER: While processing XREF files, their parent's model will not be used
2016-02-16 15:20:11|   0.7|  0.0|INFORM|DESIGN READER: Discarding cell insert points
2016-02-16 15:20:11|   0.7|  0.0|INFORM|DESIGN READER: Discarding unnamed cell (groups) insert points
2016-02-16 15:20:11|   0.7|  0.0|INFORM|DESIGN READER: Assuming that master units are not equal to working units
2016-02-16 15:20:11|   0.7|  0.0|INFORM|DESIGN READER: Model 'Default' Coordinate Information:
2016-02-16 15:20:11|   0.7|  0.0|INFORM|DESIGN READER:           10 UORs per subunit and 1 subunit per master unit
2016-02-16 15:20:11|   0.7|  0.0|INFORM|DESIGN READER:           Global origin X: 2147483648 Y: 2147483648 Z: 2147483648
2016-02-16 15:20:11|   0.7|  0.0|INFORM|DESIGN READER:           One FME Feature coordinate unit is equal to 10 UORs (Master Units)
2016-02-16 15:20:11|   0.9|  0.2|INFORM|Reading source feature # 2500
2016-02-16 15:20:11|   1.0|  0.1|INFORM|DESIGN READER: Closing DGN V8 file
2016-02-16 15:20:11|   1.0|  0.0|INFORM|Creating reader for format: Google KML
2016-02-16 15:20:11|   1.0|  0.0|INFORM|Trying to find a DYNAMIC plugin for reader named `OGCKML'
2016-02-16 15:20:11|   1.1|  0.1|INFORM|Loaded module 'OGCKML' from file 'C:\apps\FME2016.0\plugins/KML21.dll'
2016-02-16 15:20:11|   1.1|  0.0|INFORM|FME API version of module 'OGCKML' matches current internal version (3.8 20151127)
2016-02-16 15:20:11|   1.1|  0.0|INFORM|Creating reader for format: XML (Extensible Markup Language)
2016-02-16 15:20:11|   1.1|  0.0|INFORM|Trying to find a DYNAMIC plugin for reader named `XML'
2016-02-16 15:20:11|   1.2|  0.0|INFORM|Loaded module 'XML' from file 'C:\apps\FME2016.0\plugins/XML.dll'
2016-02-16 15:20:11|   1.2|  0.0|INFORM|FME API version of module 'XML' matches current internal version (3.8 20151127)
2016-02-16 15:20:11|   1.2|  0.0|INFORM|Opening the XML reader with source dataset 'C:\FMEData2016\Data\Boundaries\VancouverNeighborhoods.kml'
2016-02-16 15:20:11|   1.2|  0.0|INFORM|The XML Reader is using xfMap 'C:\apps\FME2016.0\plugins\kml21\kml21_Schema_elements.xmp'
2016-02-16 15:20:11|   1.2|  0.0|INFORM|The uri-map document 'C:\apps\FME2016.0\xml\urimap\gml_aixm.xml' is being used to map from URI to URI
2016-02-16 15:20:11|   1.2|  0.0|INFORM|The uri-map document 'C:\apps\FME2016.0\xml\urimap\gml_citygml.xml' is being used to map from URI to URI
2016-02-16 15:20:11|   1.2|  0.0|INFORM|The uri-map document 'C:\apps\FME2016.0\xml\urimap\gml_inspire.xml' is being used to map from URI to URI
2016-02-16 15:20:11|   1.2|  0.0|INFORM|The uri-map document 'C:\apps\FME2016.0\xml\urimap\gml_urimap.xml' is being used to map from URI to URI
2016-02-16 15:20:11|   1.2|  0.0|INFORM|Creating reader for format: XML (Extensible Markup Language)
2016-02-16 15:20:11|   1.2|  0.0|INFORM|Trying to find a DYNAMIC plugin for reader named `XML'
2016-02-16 15:20:11|   1.2|  0.0|INFORM|FME API version of module 'XML' matches current internal version (3.8 20151127)
2016-02-16 15:20:11|   1.2|  0.0|INFORM|XML Reader CONTINUE_ON_GEOM_ERROR is set to YES, the reader will continue upon encountering features with geometry error, these features will be output and tagged with a xml_geom_error boolean attribute
2016-02-16 15:20:11|   1.2|  0.0|INFORM|Opening the XML reader with source dataset 'C:\FMEData2016\Data\Boundaries\VancouverNeighborhoods.kml'
2016-02-16 15:20:11|   1.2|  0.0|INFORM|Pre-processing xfMap 'C:\Users\imark\AppData\Local\Temp\KML21_structure_1455657611804_15016.xmp' with macro stylesheet 'C:\apps\FME2016.0\xfmap\xfmap_macro.xslt' into 'C:\Users\imark\AppData\Local\Temp\NOMACRO_XFMAP_1455657611810_15016.xml'
2016-02-16 15:20:11|   1.2|  0.0|INFORM|The XML Reader is using xfMap 'C:\Users\imark\AppData\Local\Temp\NOMACRO_XFMAP_1455657611810_15016.xml'
2016-02-16 15:20:11|   1.3|  0.0|INFORM|The uri-map document 'C:\apps\FME2016.0\xml\urimap\gml_aixm.xml' is being used to map from URI to URI
2016-02-16 15:20:11|   1.3|  0.0|INFORM|The uri-map document 'C:\apps\FME2016.0\xml\urimap\gml_citygml.xml' is being used to map from URI to URI
2016-02-16 15:20:11|   1.3|  0.0|INFORM|The uri-map document 'C:\apps\FME2016.0\xml\urimap\gml_inspire.xml' is being used to map from URI to URI
2016-02-16 15:20:11|   1.3|  0.0|INFORM|The uri-map document 'C:\apps\FME2016.0\xml\urimap\gml_urimap.xml' is being used to map from URI to URI
2016-02-16 15:20:11|   1.3|  0.0|INFORM|FME Configuration: Source coordinate system for reader OGCKML_1[OGCKML] set to `LL84' as read from input data
2016-02-16 15:20:11|   1.3|  0.0|INFORM|Coordinate System `LL84' parameters: CS_NAME=`LL84' DESC_NM=`WGS84 datum, Latitude-Longitude; Degrees' DT_NAME=`WGS84' GROUP=`LL' MAP_SCL=`1' MAX_LAT=`90' MAX_LNG=`182' MIN_LAT=`-90' MIN_LNG=`-182' PROJ=`LL' QUAD=`1' SCL_RED=`1' SOURCE=`Mentor Software' UNIT=`DEGREE' 
2016-02-16 15:20:11|   1.3|  0.1|INFORM|CS-MAP Reprojector: Transformation will be automatically selected for 'LL84' -> 'UTM83-10', and is not guaranteed to remain the same in future releases of FME
2016-02-16 15:20:11|   1.4|  0.0|INFORM|Reprojector: Using transformation `NAD83_to_WGS84,Inverse(Null,EPSG:1188)' when reprojecting from LL84 to UTM83-10
2016-02-16 15:20:11|   1.4|  0.0|WARN  |Coordinate system of reader identified by keyword `OGCKML_1' has changed from `LL84' to `'
2016-02-16 15:20:11|   1.4|  0.0|INFORM|MULTI_READER(MULTI_READER): Done reading 4044 features from 3 readers
2016-02-16 15:20:11|   1.4|  0.0|INFORM|Emptying factory pipeline
2016-02-16 15:20:11|   1.4|  0.0|STATS |Router and Unexpected Input Remover(RoutingFactory): Tested 4044 input feature(s), wrote 4044 output feature(s): 4041 matched merge filters, 4041 were routed to output, 3 could not be routed.
2016-02-16 15:20:11|   1.4|  0.0|STATS |Unexpected Input Remover Nuker(TeeFactory): Cloned 3 input feature(s) into 0 output feature(s)
2016-02-16 15:20:11|   1.4|  0.0|STATS |06_07_LM (GEOTIFF_1) Splitter(TeeFactory): Cloned 40 input feature(s) into 40 output feature(s)
2016-02-16 15:20:11|   1.4|  0.0|STATS |06_07_LM_GEOTIFF_1 Feature Counter -1 9(TeeFactory): Cloned 40 input feature(s) into 40 output feature(s)
2016-02-16 15:20:11|   1.4|  0.0|STATS |Neighborhoods (OGCKML_1) Splitter(TeeFactory): Cloned 6 input feature(s) into 6 output feature(s)
2016-02-16 15:20:11|   1.4|  0.0|STATS |Neighborhoods_OGCKML_1 Feature Counter -1 18(TeeFactory): Cloned 6 input feature(s) into 6 output feature(s)
2016-02-16 15:20:11|   1.4|  0.0|STATS |Other (DGNV8_1) Splitter(TeeFactory): Cloned 3995 input feature(s) into 3995 output feature(s)
2016-02-16 15:20:11|   1.4|  0.0|STATS |Other_DGNV8_1 Feature Counter -1 14(TeeFactory): Cloned 3995 input feature(s) into 3995 output feature(s)
2016-02-16 15:20:11|   1.4|  0.0|STATS |Tester(TestFactory): Tested 6 input feature(s) -- 1 feature(s) passed and 5 feature(s) failed
2016-02-16 15:20:11|   1.4|  0.0|STATS |Tester_PASSED Feature Counter -1 20(TeeFactory): Cloned 1 input feature(s) into 1 output feature(s)
2016-02-16 15:20:11|   1.4|  0.0|STATS |CsmapReprojector(TeeFactory): Cloned 1 input feature(s) into 1 output feature(s)
2016-02-16 15:20:11|   1.4|  0.0|STATS |CsmapReprojector_REPROJECTED Feature Counter -1 22(TeeFactory): Cloned 1 input feature(s) into 1 output feature(s)
2016-02-16 15:20:11|   1.4|  0.0|STATS |RasterResampler(TeeFactory): Cloned 40 input feature(s) into 40 output feature(s)
2016-02-16 15:20:11|   1.4|  0.0|STATS |RasterResampler_RESAMPLED Feature Counter -1 10(TeeFactory): Cloned 40 input feature(s) into 40 output feature(s)
2016-02-16 15:20:11|   1.4|  0.0|STATS |RasterMosaicker_OUTPUT Feature Counter -1 7(TeeFactory): Cloned 1 input feature(s) into 1 output feature(s)
2016-02-16 15:20:11|   1.4|  0.0|STATS |VectorOnRasterOverlayer(VectorToRasterFactory): 3995 input feature(s) processed.  0 input feature(s) with invalid geometry discarded.  0 input feature(s) not compatible with the raster interpretation discarded.  1 raster(s) output
2016-02-16 15:20:11|   1.4|  0.0|STATS |VectorOnRasterOverlayer_RASTER Feature Counter -1 23(TeeFactory): Cloned 1 input feature(s) into 1 output feature(s)
2016-02-16 15:20:11|   1.4|  0.0|STATS |Clipper_ClipperCloner(TeeFactory): Cloned 1 input feature(s) into 2 output feature(s)
2016-02-16 15:20:11|   1.4|  0.0|STATS |Clipper_SolidClipperFilter(TestFactory): Tested 1 input feature(s) -- 0 feature(s) passed and 1 feature(s) failed
2016-02-16 15:20:11|   1.4|  0.0|STATS |Clipper_ClippeeFilter(TestFactory): Tested 1 input feature(s) -- 1 feature(s) passed and 0 feature(s) failed
2016-02-16 15:20:11|   1.4|  0.0|STATS |RasterClippingFactory_ClippingFactoryPipeline::CLIPPER(ClippingFactory): Processed 1 input feature(s), of which 0 feature(s) were clipped, 1 feature(s) were totally inside and 0 feature(s) were totally outside
2016-02-16 15:20:11|   1.4|  0.0|INFORM|FME API version of module 'VectorToRasterFactory' matches current internal version (3.8 20151127)
2016-02-16 15:20:11|   1.4|  0.0|INFORM|Loaded module 'RasterEvaluationFactory' from file 'C:\apps\FME2016.0\plugins/RasterEvaluationFactory.dll'
2016-02-16 15:20:11|   1.4|  0.0|INFORM|FME API version of module 'RasterEvaluationFactory' matches current internal version (3.8 20151127)
2016-02-16 15:20:11|   1.4|  0.0|STATS |RasterClippingFactoryPipeline::MaskRasterizer(VectorToRasterFactory): Group #0 complete.  1 input feature(s) processed.  0 input feature(s) with invalid geometry discarded.  0 input feature(s) not compatible with the raster interpretation discarded
2016-02-16 15:20:11|   1.4|  0.0|STATS |RasterClippingFactoryPipeline::MaskRasterizer(VectorToRasterFactory): 1 input feature(s) processed.  0 input feature(s) with invalid geometry discarded.  0 input feature(s) not compatible with the raster interpretation discarded.  1 raster(s) output
2016-02-16 15:20:11|   1.4|  0.0|INFORM|Reprojector: Reprojecting from source coordinate system 'UTM83-10' to destination coordinate system 'BCALB-83'
2016-02-16 15:20:11|   1.4|  0.0|INFORM|Reprojector: Recalculating raster number of rows and columns from (2088, 1832) to (2164, 1919)
2016-02-16 15:20:11|   1.4|  0.0|INFORM|Reprojector: Recalculating raster cell size from (1, 1) to (1.00122599232272, 0.999572679196913)
2016-02-16 15:20:11|   1.4|  0.0|INFORM|Reprojector: Recalculating raster extents from (489360.04, 5458116.137), (491192.04, 5460204.137) to (1207701.24586917, 477450.923742829), (1209622.59854844, 479613.999020611)
2016-02-16 15:20:12|   1.6|  0.1|INFORM|FME API version of module 'VectorToRasterFactory' matches current internal version (3.8 20151127)
2016-02-16 15:20:12|   1.6|  0.0|INFORM|FME API version of module 'RasterEvaluationFactory' matches current internal version (3.8 20151127)
2016-02-16 15:20:12|   1.6|  0.0|STATS |RasterClippingFactoryPipeline::MaskRasterizer(VectorToRasterFactory): 1 input feature(s) processed.  0 input feature(s) with invalid geometry discarded.  0 input feature(s) not compatible with the raster interpretation discarded.  1 raster(s) output
2016-02-16 15:20:12|   1.6|  0.1|STATS |Clipper_Vector(ClippingFactory): Processed 0 input feature(s), of which 0 feature(s) were clipped, 0 feature(s) were totally inside and 0 feature(s) were totally outside
2016-02-16 15:20:12|   1.6|  0.0|STATS |Clipper_Nuker(TeeFactory): Cloned 0 input feature(s) into 0 output feature(s)
2016-02-16 15:20:12|   1.6|  0.0|STATS |Clipper_INSIDE Feature Counter -1 15(TeeFactory): Cloned 1 input feature(s) into 1 output feature(s)
2016-02-16 15:20:12|   1.6|  0.0|STATS |Clipper_<REJECTED> Feature Counter -1 2147745813(TeeFactory): Cloned 0 input feature(s) into 0 output feature(s)
2016-02-16 15:20:12|   1.6|  0.0|STATS |Destination Feature Type Routing Correlator(RoutingFactory): Tested 1 input feature(s), wrote 1 output feature(s): 0 matched merge filters, 1 were routed to output, 0 could not be routed.
2016-02-16 15:20:12|   1.6|  0.0|STATS |Final Output Nuker(TeeFactory): Cloned 0 input feature(s) into 0 output feature(s)
2016-02-16 15:20:12|   1.6|  0.0|INFORM|=-=-=-=-=-=-=-=-=-=-=-=-=-=-=-=-=-=-=-=-=-=-=-=-=-=-=-=-=-=-=-=-=-=-=-=-=-=-=-
2016-02-16 15:20:12|   1.6|  0.0|INFORM|Feature output statistics for `FFS' writer using keyword `W_1':
2016-02-16 15:20:12|   1.6|  0.0|STATS |=-=-=-=-=-=-=-=-=-=-=-=-=-=-=-=-=-=-=-=-=-=-=-=-=-=-=-=-=-=-=-=-=-=-=-=-=-=-=-
2016-02-16 15:20:12|   1.6|  0.0|STATS |                               Features Written
2016-02-16 15:20:12|   1.6|  0.0|STATS |=-=-=-=-=-=-=-=-=-=-=-=-=-=-=-=-=-=-=-=-=-=-=-=-=-=-=-=-=-=-=-=-=-=-=-=-=-=-=-
2016-02-16 15:20:12|   1.6|  0.0|STATS |==============================================================================
2016-02-16 15:20:12|   1.6|  0.0|STATS |Total Features Written                                                       0
2016-02-16 15:20:12|   1.6|  0.0|STATS |=-=-=-=-=-=-=-=-=-=-=-=-=-=-=-=-=-=-=-=-=-=-=-=-=-=-=-=-=-=-=-=-=-=-=-=-=-=-=-
2016-02-16 15:20:12|   1.6|  0.0|INFORM|MULTI_WRITER: multi_writer_id `1': Started outputting features
2016-02-16 15:20:12|   1.7|  0.0|INFORM|Creating writer for format: Generic (Any Format)
2016-02-16 15:20:12|   1.7|  0.0|INFORM|Trying to find a DYNAMIC plugin for writer named `GENERIC'
2016-02-16 15:20:12|   1.8|  0.1|INFORM|Loaded module 'GENERIC' from file 'C:\apps\FME2016.0\plugins/GENERIC.dll'
2016-02-16 15:20:12|   1.8|  0.0|INFORM|FME API version of module 'GENERIC' matches current internal version (3.8 20151127)
2016-02-16 15:20:12|   1.8|  0.0|INFORM|FME Configuration: Destination coordinate system set to `BCALB-83'
2016-02-16 15:20:12|   1.8|  0.0|INFORM|Coordinate System `BCALB-83' parameters: CS_NAME=`BCALB-83' DESC_NM=`Albers Equal Area, Province of British Columbia, Canada' DT_NAME=`NAD83' GROUP=`CANADA' MAP_SCL=`1' ORG_LAT=`45' ORG_LNG=`-126' PARM1=`50' PARM2=`58.5' PROJ=`AE' QUAD=`1' SCL_RED=`1' UNIT=`METER' X_OFF=`1000000' 
2016-02-16 15:20:12|   1.8|  0.0|INFORM|FME API version of module 'GENERIC' matches current internal version (3.8 20151127)
2016-02-16 15:20:12|   1.8|  0.0|INFORM|Writer `GENERIC_1' of type `GENERIC' using group definition keyword `GENERIC_1_DEF'
2016-02-16 15:20:12|   1.8|  0.0|INFORM|FME API version of module 'GENERIC' matches current internal version (3.8 20151127)
2016-02-16 15:20:12|   1.8|  0.0|INFORM|Generic Writer: The JPEG Writer has its `COORDINATE_SYSTEM_GRANULARITY' setting specified with value `FEATURE'
2016-02-16 15:20:12|   1.8|  0.0|INFORM|Creating writer for format: JPEG (Joint Photographic Experts Group)
2016-02-16 15:20:12|   1.8|  0.0|INFORM|Trying to find a DYNAMIC plugin for writer named `JPEG'
2016-02-16 15:20:12|   1.8|  0.0|INFORM|FME API version of module 'JPEG' matches current internal version (3.8 20151127)
2016-02-16 15:20:12|   1.8|  0.0|INFORM|FME Configuration: No destination coordinate system set
2016-02-16 15:20:12|   1.9|  0.0|INFORM|Opening the GENERIC Writer on dataset `C:\FMEData2016\Output'
2016-02-16 15:20:12|   1.9|  0.0|INFORM|FME API version of module 'JPEG' matches current internal version (3.8 20151127)
2016-02-16 15:20:12|   1.9|  0.0|INFORM|FME API version of module 'JPEG' matches current internal version (3.8 20151127)
2016-02-16 15:20:12|   1.9|  0.0|INFORM|JPEG writer: Writing to destination dataset 'C:\FMEData2016\Output\GEOTIFF.jpg'
2016-02-16 15:20:17|   6.8|  4.9|INFORM|JPEG writer: Completed 13.45% of intermediate processing
2016-02-16 15:20:22|  11.9|  5.1|INFORM|JPEG writer: Completed 36.09% of intermediate processing
2016-02-16 15:20:27|  16.6|  4.8|INFORM|JPEG writer: Completed 50.42% of intermediate processing
2016-02-16 15:20:32|  21.8|  5.2|INFORM|JPEG writer: Completed 73.06% of intermediate processing
2016-02-16 15:20:37|  26.7|  4.9|INFORM|JPEG writer: Completed 95.19% of intermediate processing
2016-02-16 15:20:38|  28.4|  1.7|INFORM|MULTI_WRITER: multi_writer_id `1': Writing feature 0 
2016-02-16 15:20:38|  28.4|  0.0|INFORM|=-=-=-=-=-=-=-=-=-=-=-=-=-=-=-=-=-=-=-=-=-=-=-=-=-=-=-=-=-=-=-=-=-=-=-=-=-=-=-
2016-02-16 15:20:38|  28.4|  0.0|INFORM|Feature output statistics for `JPEG' writer using keyword `W_3':
2016-02-16 15:20:38|  28.4|  0.0|STATS |=-=-=-=-=-=-=-=-=-=-=-=-=-=-=-=-=-=-=-=-=-=-=-=-=-=-=-=-=-=-=-=-=-=-=-=-=-=-=-
2016-02-16 15:20:38|  28.4|  0.0|STATS |                               Features Written
2016-02-16 15:20:38|  28.4|  0.0|STATS |=-=-=-=-=-=-=-=-=-=-=-=-=-=-=-=-=-=-=-=-=-=-=-=-=-=-=-=-=-=-=-=-=-=-=-=-=-=-=-
2016-02-16 15:20:38|  28.4|  0.0|STATS |GEOTIFF                                                                      1
2016-02-16 15:20:38|  28.4|  0.0|STATS |==============================================================================
2016-02-16 15:20:38|  28.4|  0.0|STATS |Total Features Written                                                       1
2016-02-16 15:20:38|  28.4|  0.0|STATS |=-=-=-=-=-=-=-=-=-=-=-=-=-=-=-=-=-=-=-=-=-=-=-=-=-=-=-=-=-=-=-=-=-=-=-=-=-=-=-
2016-02-16 15:20:38|  28.4|  0.0|INFORM|Closing the GENERIC Writer
2016-02-16 15:20:38|  28.4|  0.0|INFORM|=-=-=-=-=-=-=-=-=-=-=-=-=-=-=-=-=-=-=-=-=-=-=-=-=-=-=-=-=-=-=-=-=-=-=-=-=-=-=-
2016-02-16 15:20:38|  28.4|  0.0|INFORM|Feature output statistics for `GENERIC' writer using keyword `GENERIC_1':
2016-02-16 15:20:38|  28.4|  0.0|STATS |=-=-=-=-=-=-=-=-=-=-=-=-=-=-=-=-=-=-=-=-=-=-=-=-=-=-=-=-=-=-=-=-=-=-=-=-=-=-=-
2016-02-16 15:20:38|  28.4|  0.0|STATS |                               Features Written
2016-02-16 15:20:38|  28.4|  0.0|STATS |=-=-=-=-=-=-=-=-=-=-=-=-=-=-=-=-=-=-=-=-=-=-=-=-=-=-=-=-=-=-=-=-=-=-=-=-=-=-=-
2016-02-16 15:20:38|  28.4|  0.0|STATS |GEOTIFF                                                                      1
2016-02-16 15:20:38|  28.4|  0.0|STATS |==============================================================================
2016-02-16 15:20:38|  28.4|  0.0|STATS |Total Features Written                                                       1
2016-02-16 15:20:38|  28.4|  0.0|STATS |=-=-=-=-=-=-=-=-=-=-=-=-=-=-=-=-=-=-=-=-=-=-=-=-=-=-=-=-=-=-=-=-=-=-=-=-=-=-=-
2016-02-16 15:20:38|  28.4|  0.0|INFORM|MULTI_WRITER: multi_writer_id `1': done writing 1 feature(s) 
2016-02-16 15:20:38|  28.4|  0.0|INFORM|^^^^^^^^^^^^^^^^^^^^^^^^^^^^^^^^^^^^^^^^^^^^^^^^^^^^^^^^^^^^^^^^^^^^^^^^^^^^^^
2016-02-16 15:20:38|  28.4|  0.0|STATS |=-=-=-=-=-=-=-=-=-=-=-=-=-=-=-=-=-=-=-=-=-=-=-=-=-=-=-=-=-=-=-=-=-=-=-=-=-=-=-
2016-02-16 15:20:38|  28.4|  0.0|STATS |                            Features Read Summary
2016-02-16 15:20:38|  28.4|  0.0|STATS |=-=-=-=-=-=-=-=-=-=-=-=-=-=-=-=-=-=-=-=-=-=-=-=-=-=-=-=-=-=-=-=-=-=-=-=-=-=-=-
2016-02-16 15:20:38|  28.4|  0.0|STATS |02_03_HI                                                                     1
2016-02-16 15:20:38|  28.4|  0.0|STATS |02_03_JK                                                                     1
2016-02-16 15:20:38|  28.4|  0.0|STATS |02_03_LM                                                                     1
2016-02-16 15:20:38|  28.4|  0.0|STATS |02_03_NO                                                                     1
2016-02-16 15:20:38|  28.4|  0.0|STATS |04_05_HI                                                                     1
2016-02-16 15:20:38|  28.4|  0.0|STATS |04_05_JK                                                                     1
2016-02-16 15:20:38|  28.4|  0.0|STATS |04_05_LM                                                                     1
2016-02-16 15:20:38|  28.4|  0.0|STATS |04_05_NO                                                                     1
2016-02-16 15:20:38|  28.4|  0.0|STATS |04_05_PQ                                                                     1
2016-02-16 15:20:38|  28.4|  0.0|STATS |04_05_RS                                                                     1
2016-02-16 15:20:38|  28.4|  0.0|STATS |06_07_HI                                                                     1
2016-02-16 15:20:38|  28.4|  0.0|STATS |06_07_JK                                                                     1
2016-02-16 15:20:38|  28.4|  0.0|STATS |06_07_LM                                                                     1
2016-02-16 15:20:38|  28.4|  0.0|STATS |06_07_NO                                                                     1
2016-02-16 15:20:38|  28.4|  0.0|STATS |06_07_PQ                                                                     1
2016-02-16 15:20:38|  28.4|  0.0|STATS |06_07_RS                                                                     1
2016-02-16 15:20:38|  28.4|  0.0|STATS |08_09_HI                                                                     1
2016-02-16 15:20:38|  28.4|  0.0|STATS |08_09_JK                                                                     1
2016-02-16 15:20:38|  28.4|  0.0|STATS |08_09_LM                                                                     1
2016-02-16 15:20:38|  28.4|  0.0|STATS |08_09_NO                                                                     1
2016-02-16 15:20:38|  28.4|  0.0|STATS |08_09_PQ                                                                     1
2016-02-16 15:20:38|  28.4|  0.0|STATS |08_09_RS                                                                     1
2016-02-16 15:20:38|  28.4|  0.0|STATS |10_11_HI                                                                     1
2016-02-16 15:20:38|  28.4|  0.0|STATS |10_11_JK                                                                     1
2016-02-16 15:20:38|  28.4|  0.0|STATS |10_11_LM                                                                     1
2016-02-16 15:20:38|  28.4|  0.0|STATS |10_11_NO                                                                     1
2016-02-16 15:20:38|  28.4|  0.0|STATS |10_11_PQ                                                                     1
2016-02-16 15:20:38|  28.4|  0.0|STATS |10_11_RS                                                                     1
2016-02-16 15:20:38|  28.4|  0.0|STATS |12_13_HI                                                                     1
2016-02-16 15:20:38|  28.4|  0.0|STATS |12_13_JK                                                                     1
2016-02-16 15:20:38|  28.4|  0.0|STATS |12_13_LM                                                                     1
2016-02-16 15:20:38|  28.4|  0.0|STATS |12_13_NO                                                                     1
2016-02-16 15:20:38|  28.4|  0.0|STATS |12_13_PQ                                                                     1
2016-02-16 15:20:38|  28.4|  0.0|STATS |12_13_RS                                                                     1
2016-02-16 15:20:38|  28.4|  0.0|STATS |14_15_HI                                                                     1
2016-02-16 15:20:38|  28.4|  0.0|STATS |14_15_JK                                                                     1
2016-02-16 15:20:38|  28.4|  0.0|STATS |14_15_LM                                                                     1
2016-02-16 15:20:38|  28.4|  0.0|STATS |14_15_NO                                                                     1
2016-02-16 15:20:38|  28.4|  0.0|STATS |14_15_PQ                                                                     1
2016-02-16 15:20:38|  28.4|  0.0|STATS |14_15_RS                                                                     1
2016-02-16 15:20:38|  28.4|  0.0|STATS |Arterial                                                                   957
2016-02-16 15:20:38|  28.4|  0.0|STATS |Collector                                                                    8
2016-02-16 15:20:38|  28.4|  0.0|STATS |Document                                                                     1
2016-02-16 15:20:38|  28.4|  0.0|STATS |Folder                                                                       1
2016-02-16 15:20:38|  28.4|  0.0|STATS |Neighborhoods                                                                6
2016-02-16 15:20:38|  28.4|  0.0|STATS |NonCity                                                                     26
2016-02-16 15:20:38|  28.4|  0.0|STATS |Other                                                                       43
2016-02-16 15:20:38|  28.4|  0.0|STATS |Private                                                                    191
2016-02-16 15:20:38|  28.4|  0.0|STATS |Residential                                                               2507
2016-02-16 15:20:38|  28.4|  0.0|STATS |Secondary                                                                  263
2016-02-16 15:20:38|  28.4|  0.0|STATS |Style                                                                        1
2016-02-16 15:20:38|  28.4|  0.0|STATS |==============================================================================
2016-02-16 15:20:38|  28.4|  0.0|STATS |Total Features Read                                                       4044
2016-02-16 15:20:38|  28.4|  0.0|STATS |=-=-=-=-=-=-=-=-=-=-=-=-=-=-=-=-=-=-=-=-=-=-=-=-=-=-=-=-=-=-=-=-=-=-=-=-=-=-=-
2016-02-16 15:20:38|  28.4|  0.0|STATS |=-=-=-=-=-=-=-=-=-=-=-=-=-=-=-=-=-=-=-=-=-=-=-=-=-=-=-=-=-=-=-=-=-=-=-=-=-=-=-
2016-02-16 15:20:38|  28.4|  0.0|STATS |                           Features Written Summary
2016-02-16 15:20:38|  28.4|  0.0|STATS |=-=-=-=-=-=-=-=-=-=-=-=-=-=-=-=-=-=-=-=-=-=-=-=-=-=-=-=-=-=-=-=-=-=-=-=-=-=-=-
2016-02-16 15:20:38|  28.4|  0.0|STATS |GEOTIFF                                                                      1
2016-02-16 15:20:38|  28.4|  0.0|STATS |==============================================================================
2016-02-16 15:20:38|  28.4|  0.0|STATS |Total Features Written                                                       1
2016-02-16 15:20:38|  28.4|  0.0|STATS |=-=-=-=-=-=-=-=-=-=-=-=-=-=-=-=-=-=-=-=-=-=-=-=-=-=-=-=-=-=-=-=-=-=-=-=-=-=-=-
2016-02-16 15:20:38|  28.4|  0.0|INFORM|Translation was SUCCESSFUL with 1 warning(s) (1 feature(s) output)
2016-02-16 15:20:38|  28.4|  0.0|INFORM|FME Session Duration: 28.3 seconds. (CPU: 27.6s user, 0.8s system)
2016-02-16 15:20:38|  28.4|  0.0|INFORM|END - ProcessID: 15016, peak process memory usage: 242848 kB, current process memory usage: 160972 kB
