2020-08-10 15:07:44|   0.0|  0.0|INFORM|FME 2020.1.0.1 (20200710 - Build 20596 - macosx)
2020-08-10 15:07:44|   0.0|  0.0|INFORM|FME_HOME is '/Library/FME/2020.1/'
2020-08-10 15:07:44|   0.0|  0.0|INFORM|FME Desktop Smallworld Edition (floating)
2020-08-10 15:07:44|   0.0|  0.0|INFORM|Permanent License.
2020-08-10 15:07:44|   0.0|  0.0|INFORM|Machine host name is: usidore
2020-08-10 15:07:44|   0.0|  0.0|INFORM|START - ProcessID: 8288, peak process memory usage: 56680 kB, current process memory usage: 56680 kB
2020-08-10 15:07:44|   0.0|  0.0|INFORM|FME Configuration: Command line arguments are `/Library/FME/2020.1/fme' `/Users/Nathan/Documents/Projects/Cityworks Training/Exercise1.1/wb-xlate-1597097264386_72647' `LOG_STANDARDOUT' `YES' `LogCountServerName' `{d5998c67-94c7-4438-b5e8-5c472c6b8538}' `LOG_TIMINGS' `Yes'
2020-08-10 15:07:44|   0.0|  0.0|INFORM|FME Configuration: Connection Storage: '/Users/Nathan/Library/Caches/Safe Software/FME/'
2020-08-10 15:07:45|   0.2|  0.2|INFORM|Shared folders for formats are : /Library/FME/2020.1/datasources;/Users/Nathan/Documents/FME/Formats;/Users/Nathan/Library/Application Support/FME/Formats
2020-08-10 15:07:45|   0.2|  0.0|INFORM|Shared folders for transformers are : /Users/Nathan/Library/Caches/Safe Software/FME/Packages/20596-macosx/transformers;/Library/FME/2020.1/transformers;/Users/Nathan/Documents/FME/Transformers;/Users/Nathan/Library/Caches/Safe Software/FME/FME Store/Transformers
2020-08-10 15:07:45|   0.2|  0.0|INFORM|Shared folders for coordinate systems are : /Users/Nathan/Documents/FME/CoordinateSystems;/Users/Nathan/Library/Application Support/FME/CoordinateSystems
2020-08-10 15:07:45|   0.2|  0.0|INFORM|Shared folders for coordinate system exceptions are : /Users/Nathan/Documents/FME/CoordinateSystemExceptions;/Users/Nathan/Library/Application Support/FME/CoordinateSystemExceptions
2020-08-10 15:07:45|   0.2|  0.0|INFORM|Shared folders for coordinate system grid overrides are : /Users/Nathan/Documents/FME/CoordinateSystemGridOverrides;/Users/Nathan/Library/Application Support/FME/CoordinateSystemGridOverrides
2020-08-10 15:07:45|   0.2|  0.0|INFORM|Shared folders for CS-MAP transformation exceptions are : /Users/Nathan/Documents/FME/CsmapTransformationExceptions;/Users/Nathan/Library/Application Support/FME/CsmapTransformationExceptions
2020-08-10 15:07:45|   0.2|  0.0|INFORM|Shared folders for transformer categories are : /Users/Nathan/Documents/FME/TransformerCategories;/Users/Nathan/Library/Application Support/FME/TransformerCategories
2020-08-10 15:07:45|   0.2|  0.0|INFORM|Mapping File Identifier is: CreateAWorkOrder
2020-08-10 15:07:45|   0.2|  0.0|INFORM|FME Configuration: Reader Keyword is `MULTI_READER'
2020-08-10 15:07:45|   0.2|  0.0|INFORM|FME Configuration: Writer Keyword is `MULTI_WRITER'
2020-08-10 15:07:45|   0.2|  0.0|INFORM|FME Configuration: Writer Group Definition Keyword is `MULTI_WRITER_DEF'
2020-08-10 15:07:45|   0.2|  0.0|INFORM|FME Configuration: Reader type is `MULTI_READER'
2020-08-10 15:07:45|   0.2|  0.0|INFORM|FME Configuration: Writer type is `MULTI_WRITER'
2020-08-10 15:07:45|   0.2|  0.0|INFORM|FME Configuration: No destination coordinate system set
2020-08-10 15:07:45|   0.2|  0.0|INFORM|FME Configuration: Current working folder is `/Users/Nathan/Documents/Projects/Cityworks Training/Exercise1.1'
2020-08-10 15:07:45|   0.2|  0.0|INFORM|FME Configuration: Temporary folder is `/private/var/folders/pt/zfwxh6sj06391fhf65mgn2qm0000gp/T/wbrun_1597072394405_72647/fmetmp_1597097264395_72647', set from environment variable `FME_TEMP'
2020-08-10 15:07:45|   0.2|  0.0|INFORM|FME Configuration: FME_HOME is `/Library/FME/2020.1/'
2020-08-10 15:07:45|   0.2|  0.0|INFORM|FME Configuration: FME_BASE is 'no'
2020-08-10 15:07:45|   0.2|  0.0|INFORM|FME Configuration: FME_MF_DIR is '/Users/Nathan/Documents/Projects/Cityworks Training/Exercise1.1/'
2020-08-10 15:07:45|   0.2|  0.0|INFORM|FME Configuration: FME_MF_NAME is 'CreateAWorkOrder.fmw'
2020-08-10 15:07:45|   0.2|  0.0|INFORM|FME Configuration: FME_PRODUCT_NAME is 'FME(R) 2020.1.0.1'
2020-08-10 15:07:45|   0.2|  0.0|INFORM|System Status: 492.29 GB of disk space available in the FME temporary folder (/private/var/folders/pt/zfwxh6sj06391fhf65mgn2qm0000gp/T/wbrun_1597072394405_72647/fmetmp_1597097264395_72647)
2020-08-10 15:07:45|   0.2|  0.0|INFORM|System Status: 32.00 GB of physical memory available
2020-08-10 15:07:45|   0.2|  0.0|INFORM|System Status: 40.00 GB of virtual memory available
2020-08-10 15:07:45|   0.2|  0.0|INFORM|Operating System: Mac OS X Version 10.15.5 (Build 19F101)
2020-08-10 15:07:45|   0.2|  0.0|INFORM|FME Platform: macosx
2020-08-10 15:07:45|   0.2|  0.0|INFORM|Locale: en_CA
2020-08-10 15:07:45|   0.2|  0.0|INFORM|System Encoding: UTF-8
2020-08-10 15:07:45|   0.2|  0.0|INFORM|FME Configuration: Start freeing memory when the process exceeds 38.83 GB
2020-08-10 15:07:45|   0.2|  0.0|INFORM|FME Configuration: Stop freeing memory when the process is below 29.12 GB
2020-08-10 15:07:45|   0.3|  0.0|INFORM|Creating writer for format: 
2020-08-10 15:07:45|   0.3|  0.0|INFORM|Creating reader for format: 
2020-08-10 15:07:45|   0.3|  0.0|INFORM|MULTI_READER(MULTI_READER): Will fail with first member reader failure
2020-08-10 15:07:45|   0.3|  0.0|INFORM|MULTI_READER(MULTI_READER): Adding XLSXR Reader with keyword XLSXR_1
2020-08-10 15:07:45|   0.3|  0.0|INFORM|Using Multi Reader with keyword `MULTI_READER' to read multiple datasets
2020-08-10 15:07:45|   0.3|  0.0|INFORM|Creating reader for format: Microsoft Excel
2020-08-10 15:07:45|   0.3|  0.0|INFORM|Trying to find a DYNAMIC plugin for reader named `XLSXR'
2020-08-10 15:07:45|   0.3|  0.0|INFORM|DYLD_LIBRARY_PATH is '/Library/FME/2020.1/plugins'
2020-08-10 15:07:45|   0.3|  0.0|INFORM|Loaded module 'XLSXR' from file '/Library/FME/2020.1//plugins/xlsx.so'
2020-08-10 15:07:45|   0.3|  0.0|INFORM|FME API version of module 'XLSXR' matches current internal version (3.8 20200115)
2020-08-10 15:07:45|   0.3|  0.0|INFORM|XLSXR reader: Building features into bulk mode features
2020-08-10 15:07:45|   0.3|  0.0|INFORM|Using MultiWriter with keyword `MULTI_WRITER' to output data (ID_ATTRIBUTE is `multi_writer_id')
2020-08-10 15:07:45|   0.3|  0.0|INFORM|Writer output will be ordered by value of multi_writer_id
2020-08-10 15:07:45|   0.3|  0.0|INFORM|Loaded module 'LogCount_func' from file '/Library/FME/2020.1//plugins/logcount_func.so'
2020-08-10 15:07:45|   0.3|  0.0|INFORM|FME API version of module 'LogCount_func' matches current internal version (3.8 20200115)
2020-08-10 15:07:45|   0.3|  0.0|INFORM|Loaded module 'PythonFactory' from file '/Library/FME/2020.1//plugins/pythonfactory.so'
2020-08-10 15:07:45|   0.3|  0.0|INFORM|FME API version of module 'PythonFactory' matches current internal version (3.8 20200115)
2020-08-10 15:07:45|   0.3|  0.0|INFORM|The workspace does not contain user Python. FME will attempt to use a Python 3.7+ interpreter
2020-08-10 15:07:45|   0.3|  0.0|INFORM|Using Python interpreter from `/Library/FME/2020.1/fmepython37/lib/libpython3.7m.dylib' with PYTHONHOME `/Library/FME/2020.1/fmepython37'
2020-08-10 15:07:45|   0.3|  0.0|INFORM|Python version 3.7 loaded successfully
2020-08-10 15:07:45|   0.4|  0.1|INFORM|FME Configuration: Using FME Reprojection Engine
2020-08-10 15:07:45|   0.4|  0.0|INFORM|Loaded module 'HTTPFactory' from file '/Library/FME/2020.1//plugins/httpfactory.so'
2020-08-10 15:07:45|   0.4|  0.0|INFORM|FME API version of module 'HTTPFactory' matches current internal version (3.8 20200115)
2020-08-10 15:07:45|   0.4|  0.0|INFORM|Loaded module 'JSONQueryFactory' from file '/Library/FME/2020.1//plugins/jsonqueryfactory.so'
2020-08-10 15:07:45|   0.4|  0.0|INFORM|FME API version of module 'JSONQueryFactory' matches current internal version (3.8 20200115)
2020-08-10 15:07:45|   0.4|  0.0|INFORM|FME API version of module 'PythonFactory' matches current internal version (3.8 20200115)
2020-08-10 15:07:45|   0.4|  0.0|INFORM|Excel Reader: Output cell formulas: 'false'
2020-08-10 15:07:45|   0.4|  0.0|INFORM|Excel Reader: Output cell formatting: 'false'
2020-08-10 15:07:45|   0.4|  0.0|INFORM|Excel Reader: Output cell comments: 'false'
2020-08-10 15:07:45|   0.4|  0.0|INFORM|Excel Reader: Force full datetime values: 'false'
2020-08-10 15:07:45|   0.4|  0.0|INFORM|Excel Reader: Opening dataset '/Users/Nathan/Documents/Projects/Cityworks Training/Exercise1.1/WorkOrderAddresses.xlsx'...
2020-08-10 15:07:45|   0.4|  0.0|INFORM|Excel Reader: Reading sheet 'WorkOrders'...
2020-08-10 15:07:45|   0.4|  0.0|INFORM|Excel Reader: Sheet 'WorkOrders' range: Start Row '2', Start Column 'A', End Row '11', End Column 'C'
2020-08-10 15:07:45|   0.4|  0.0|INFORM|fme-binary
2020-08-10 15:07:45|   0.4|  0.0|INFORM|... Last line repeated 2 times ...
2020-08-10 15:07:45|   0.4|  0.0|STATS |Storing feature(s) to FME feature store file `/private/var/folders/pt/zfwxh6sj06391fhf65mgn2qm0000gp/T/wb-cache--GhHCQd/Main_WorkOrders -1 11 -1  0  5708c31b953641ea379ecc8b79b2f8ef6364be0f.ffsupdating'
2020-08-10 15:07:45|   0.4|  0.0|INFORM|FFS writer: Writing 10 feature(s) to file '/private/var/folders/pt/zfwxh6sj06391fhf65mgn2qm0000gp/T/wb-cache--GhHCQd/Main_WorkOrders -1 11 -1  0  5708c31b953641ea379ecc8b79b2f8ef6364be0f.fts'
2020-08-10 15:07:45|   0.4|  0.0|INFORM|WorkOrderCreator_Geocoder_CALLER (PythonFactory): Splitting bulk mode features into features
2020-08-10 15:07:46|   1.5|  1.0|INFORM|CS-MAP Reprojector: Transformation will be automatically selected for 'LL84' -> 'EPSG:2267', and is not guaranteed to remain the same in future releases of FME
2020-08-10 15:07:46|   1.5|  0.0|INFORM|Reprojector: Using transformation `NAD83_to_WGS84,Inverse(Null,EPSG:1188)' when reprojecting from LL84 to EPSG:2267
2020-08-10 15:07:48|   1.5|  0.0|INFORM|WorkOrderCreator_CreateWorkOrder (HTTPFactory): Starting HTTP download from 'cloud01.cityworks.com'. Expected transfer size: 1034 bytes
2020-08-10 15:07:48|   1.5|  0.0|INFORM|WorkOrderCreator_CreateWorkOrder (HTTPFactory): HTTP Download: received 1034 bytes
2020-08-10 15:07:48|   1.5|  0.0|INFORM|WorkOrderCreator_CreateWorkOrder (HTTPFactory): HTTP transfer summary - status code: 200, download size: '1034 bytes', DNS lookup time: '0.115244 seconds', total transfer time: '2.338056 seconds', url: 'https://cloud01.cityworks.com/_PARTNER_KSMMS_CURRENT_SafeSoftware/Services/AMS/WorkOrder/Create?data=%7B%22EntityType%22%3A%22STREETS%22%2C%22WOTemplateId%22%3A%225554%22%2C%22X%22%3A%222133337.1600140613%22%2C%22Y%22%3A%22250235.86235655844%22%2C%22Address%22%3A%223108%20Ashelynne%20Ct%2C%20Edmond%2C%20OK%2073034%22%2C%22Priority%22%3A%223%22%7D&token=eyJFbXBsb3llZVNpZCI6ODExNSwiRXhwaXJlcyI6bnVsbCwiSXNzdWVkVGltZSI6MTU3MjAyMDAwMzc1MiwiTG9naW5OYW1lIjoicHdhZG1pbjEiLCJTaWduYXR1cmUiOiJUbDFHU3BpeEZiR1E2UUNxTmNtZTEvUjEyRFdMU1JjYTZkVWx5RzZTRUJ3PSIsIlRva2VuIjoieE16NDhRWVVKSk5DRCtCaDVONVBKdFdjSEcxLzhFcm9CRHB1MEs3RmNmST0ifQ%3D%3D'
2020-08-10 15:07:48|   1.5|  0.0|STATS |Storing feature(s) to FME feature store file `/private/var/folders/pt/zfwxh6sj06391fhf65mgn2qm0000gp/T/wb-cache--GhHCQd/Main_WorkOrderCreator -1 6 fo 0 Output  0  25660f286972680a2451b385fe4cb154d83ed503.ffsupdating'
2020-08-10 15:07:51|   1.8|  0.3|INFORM|WorkOrderCreator_CreateWorkOrder (HTTPFactory): Starting HTTP download from 'cloud01.cityworks.com'. Expected transfer size: 1078 bytes
2020-08-10 15:07:51|   1.8|  0.0|INFORM|WorkOrderCreator_CreateWorkOrder (HTTPFactory): HTTP Download: received 1078 bytes
2020-08-10 15:07:51|   1.8|  0.0|INFORM|WorkOrderCreator_CreateWorkOrder (HTTPFactory): HTTP transfer summary - status code: 200, download size: '1078 bytes', DNS lookup time: '3.2e-5 seconds', total transfer time: '2.918658 seconds', url: 'https://cloud01.cityworks.com/_PARTNER_KSMMS_CURRENT_SafeSoftware/Services/AMS/WorkOrder/Create?data=%7B%22EntityType%22%3A%22STREETS%22%2C%22WOTemplateId%22%3A%2212616%22%2C%22X%22%3A%222132937.5186867556%22%2C%22Y%22%3A%22250323.85670743883%22%2C%22Address%22%3A%222700%20Ashehollow%20Ln%2C%20Edmond%2C%20OK%2073034%22%2C%22Priority%22%3A%223%22%7D&token=eyJFbXBsb3llZVNpZCI6ODExNSwiRXhwaXJlcyI6bnVsbCwiSXNzdWVkVGltZSI6MTU3MjAyMDAwMzc1MiwiTG9naW5OYW1lIjoicHdhZG1pbjEiLCJTaWduYXR1cmUiOiJUbDFHU3BpeEZiR1E2UUNxTmNtZTEvUjEyRFdMU1JjYTZkVWx5RzZTRUJ3PSIsIlRva2VuIjoieE16NDhRWVVKSk5DRCtCaDVONVBKdFdjSEcxLzhFcm9CRHB1MEs3RmNmST0ifQ%3D%3D'
2020-08-10 15:07:51|   1.8|  0.0|INFORM|WorkOrderCreator_Geocoder_CALLER (PythonFactory): Processed 2 of 10 features
2020-08-10 15:07:54|   2.1|  0.3|INFORM|WorkOrderCreator_CreateWorkOrder (HTTPFactory): Starting HTTP download from 'cloud01.cityworks.com'. Expected transfer size: 1032 bytes
2020-08-10 15:07:54|   2.1|  0.0|INFORM|WorkOrderCreator_CreateWorkOrder (HTTPFactory): HTTP Download: received 1032 bytes
2020-08-10 15:07:54|   2.1|  0.0|INFORM|WorkOrderCreator_CreateWorkOrder (HTTPFactory): HTTP transfer summary - status code: 200, download size: '1032 bytes', DNS lookup time: '1.9e-5 seconds', total transfer time: '1.952461 seconds', url: 'https://cloud01.cityworks.com/_PARTNER_KSMMS_CURRENT_SafeSoftware/Services/AMS/WorkOrder/Create?data=%7B%22EntityType%22%3A%22STREETS%22%2C%22WOTemplateId%22%3A%22546%22%2C%22X%22%3A%222132964.1283894926%22%2C%22Y%22%3A%22252895.43005032837%22%2C%22Address%22%3A%222617%20Harness%20Creek%20Ct%2C%20Edmond%2C%20OK%2073034%22%2C%22Priority%22%3A%223%22%7D&token=eyJFbXBsb3llZVNpZCI6ODExNSwiRXhwaXJlcyI6bnVsbCwiSXNzdWVkVGltZSI6MTU3MjAyMDAwMzc1MiwiTG9naW5OYW1lIjoicHdhZG1pbjEiLCJTaWduYXR1cmUiOiJUbDFHU3BpeEZiR1E2UUNxTmNtZTEvUjEyRFdMU1JjYTZkVWx5RzZTRUJ3PSIsIlRva2VuIjoieE16NDhRWVVKSk5DRCtCaDVONVBKdFdjSEcxLzhFcm9CRHB1MEs3RmNmST0ifQ%3D%3D'
2020-08-10 15:07:56|   2.3|  0.3|INFORM|WorkOrderCreator_CreateWorkOrder (HTTPFactory): Starting HTTP download from 'cloud01.cityworks.com'. Expected transfer size: 1047 bytes
2020-08-10 15:07:56|   2.3|  0.0|INFORM|WorkOrderCreator_CreateWorkOrder (HTTPFactory): HTTP Download: received 1047 bytes
2020-08-10 15:07:56|   2.3|  0.0|INFORM|WorkOrderCreator_CreateWorkOrder (HTTPFactory): HTTP transfer summary - status code: 200, download size: '1047 bytes', DNS lookup time: '1.6e-5 seconds', total transfer time: '1.97305 seconds', url: 'https://cloud01.cityworks.com/_PARTNER_KSMMS_CURRENT_SafeSoftware/Services/AMS/WorkOrder/Create?data=%7B%22EntityType%22%3A%22STREETS%22%2C%22WOTemplateId%22%3A%225549%22%2C%22X%22%3A%222133139.6790060005%22%2C%22Y%22%3A%22254186.14724196494%22%2C%22Address%22%3A%222701%20Roaring%20Fork%20Trail%2C%20Edmond%2C%20OK%2073034%22%2C%22Priority%22%3A%223%22%7D&token=eyJFbXBsb3llZVNpZCI6ODExNSwiRXhwaXJlcyI6bnVsbCwiSXNzdWVkVGltZSI6MTU3MjAyMDAwMzc1MiwiTG9naW5OYW1lIjoicHdhZG1pbjEiLCJTaWduYXR1cmUiOiJUbDFHU3BpeEZiR1E2UUNxTmNtZTEvUjEyRFdMU1JjYTZkVWx5RzZTRUJ3PSIsIlRva2VuIjoieE16NDhRWVVKSk5DRCtCaDVONVBKdFdjSEcxLzhFcm9CRHB1MEs3RmNmST0ifQ%3D%3D'
2020-08-10 15:07:56|   2.3|  0.0|INFORM|WorkOrderCreator_Geocoder_CALLER (PythonFactory): Processed 4 of 10 features
2020-08-10 15:07:58|   2.6|  0.3|INFORM|WorkOrderCreator_CreateWorkOrder (HTTPFactory): Starting HTTP download from 'cloud01.cityworks.com'. Expected transfer size: 1038 bytes
2020-08-10 15:07:58|   2.6|  0.0|INFORM|WorkOrderCreator_CreateWorkOrder (HTTPFactory): HTTP Download: received 1038 bytes
2020-08-10 15:07:58|   2.6|  0.0|INFORM|WorkOrderCreator_CreateWorkOrder (HTTPFactory): HTTP transfer summary - status code: 200, download size: '1038 bytes', DNS lookup time: '1.5e-5 seconds', total transfer time: '2.401275 seconds', url: 'https://cloud01.cityworks.com/_PARTNER_KSMMS_CURRENT_SafeSoftware/Services/AMS/WorkOrder/Create?data=%7B%22EntityType%22%3A%22STREETS%22%2C%22WOTemplateId%22%3A%227860%22%2C%22X%22%3A%222131357.2678096583%22%2C%22Y%22%3A%22252274.75836655125%22%2C%22Address%22%3A%223617%20Derby%20Run%20Dr%2C%20Edmond%2C%20OK%2073034%22%2C%22Priority%22%3A%223%22%7D&token=eyJFbXBsb3llZVNpZCI6ODExNSwiRXhwaXJlcyI6bnVsbCwiSXNzdWVkVGltZSI6MTU3MjAyMDAwMzc1MiwiTG9naW5OYW1lIjoicHdhZG1pbjEiLCJTaWduYXR1cmUiOiJUbDFHU3BpeEZiR1E2UUNxTmNtZTEvUjEyRFdMU1JjYTZkVWx5RzZTRUJ3PSIsIlRva2VuIjoieE16NDhRWVVKSk5DRCtCaDVONVBKdFdjSEcxLzhFcm9CRHB1MEs3RmNmST0ifQ%3D%3D'
2020-08-10 15:07:59|   3.0|  0.4|INFORM|WorkOrderCreator_CreateWorkOrder (HTTPFactory): Starting HTTP download from 'cloud01.cityworks.com'. Expected transfer size: 283 bytes
2020-08-10 15:07:59|   3.0|  0.0|INFORM|WorkOrderCreator_CreateWorkOrder (HTTPFactory): HTTP Download: received 283 bytes
2020-08-10 15:07:59|   3.0|  0.0|INFORM|WorkOrderCreator_CreateWorkOrder (HTTPFactory): HTTP transfer summary - status code: 200, download size: '283 bytes', DNS lookup time: '5.2e-5 seconds', total transfer time: '0.540073 seconds', url: 'https://cloud01.cityworks.com/_PARTNER_KSMMS_CURRENT_SafeSoftware/Services/AMS/WorkOrder/Create?data=%7B%22EntityType%22%3A%22STREETS%22%2C%22WOTemplateId%22%3A%225553%22%2C%22X%22%3A%22-36873321.37287489%22%2C%22Y%22%3A%2223331769.69482539%22%2C%22Address%22%3A%22Pangil%20Bay%20Bridge%22%2C%22Priority%22%3A%223%22%7D&token=eyJFbXBsb3llZVNpZCI6ODExNSwiRXhwaXJlcyI6bnVsbCwiSXNzdWVkVGltZSI6MTU3MjAyMDAwMzc1MiwiTG9naW5OYW1lIjoicHdhZG1pbjEiLCJTaWduYXR1cmUiOiJUbDFHU3BpeEZiR1E2UUNxTmNtZTEvUjEyRFdMU1JjYTZkVWx5RzZTRUJ3PSIsIlRva2VuIjoieE16NDhRWVVKSk5DRCtCaDVONVBKdFdjSEcxLzhFcm9CRHB1MEs3RmNmST0ifQ%3D%3D'
2020-08-10 15:08:02|   3.4|  0.4|INFORM|WorkOrderCreator_CreateWorkOrder (HTTPFactory): Starting HTTP download from 'cloud01.cityworks.com'. Expected transfer size: 1032 bytes
2020-08-10 15:08:02|   3.4|  0.0|INFORM|WorkOrderCreator_CreateWorkOrder (HTTPFactory): HTTP Download: received 1032 bytes
2020-08-10 15:08:02|   3.4|  0.0|INFORM|WorkOrderCreator_CreateWorkOrder (HTTPFactory): HTTP transfer summary - status code: 200, download size: '1032 bytes', DNS lookup time: '1e-5 seconds', total transfer time: '2.187267 seconds', url: 'https://cloud01.cityworks.com/_PARTNER_KSMMS_CURRENT_SafeSoftware/Services/AMS/WorkOrder/Create?data=%7B%22EntityType%22%3A%22STREETS%22%2C%22WOTemplateId%22%3A%227861%22%2C%22X%22%3A%222128225.9921052153%22%2C%22Y%22%3A%22254125.37782996148%22%2C%22Address%22%3A%221424%20Bay%20Bridge%20Ct%2C%20Edmond%2C%20OK%2073034%22%2C%22Priority%22%3A%223%22%7D&token=eyJFbXBsb3llZVNpZCI6ODExNSwiRXhwaXJlcyI6bnVsbCwiSXNzdWVkVGltZSI6MTU3MjAyMDAwMzc1MiwiTG9naW5OYW1lIjoicHdhZG1pbjEiLCJTaWduYXR1cmUiOiJUbDFHU3BpeEZiR1E2UUNxTmNtZTEvUjEyRFdMU1JjYTZkVWx5RzZTRUJ3PSIsIlRva2VuIjoieE16NDhRWVVKSk5DRCtCaDVONVBKdFdjSEcxLzhFcm9CRHB1MEs3RmNmST0ifQ%3D%3D'
2020-08-10 15:08:02|   3.4|  0.0|INFORM|WorkOrderCreator_Geocoder_CALLER (PythonFactory): Processed 7 of 10 features
2020-08-10 15:08:04|   3.8|  0.5|INFORM|WorkOrderCreator_CreateWorkOrder (HTTPFactory): Starting HTTP download from 'cloud01.cityworks.com'. Expected transfer size: 1029 bytes
2020-08-10 15:08:04|   3.8|  0.0|INFORM|WorkOrderCreator_CreateWorkOrder (HTTPFactory): HTTP Download: received 1029 bytes
2020-08-10 15:08:04|   3.8|  0.0|INFORM|WorkOrderCreator_CreateWorkOrder (HTTPFactory): HTTP transfer summary - status code: 200, download size: '1029 bytes', DNS lookup time: '1.4e-5 seconds', total transfer time: '2.066535 seconds', url: 'https://cloud01.cityworks.com/_PARTNER_KSMMS_CURRENT_SafeSoftware/Services/AMS/WorkOrder/Create?data=%7B%22EntityType%22%3A%22STREETS%22%2C%22WOTemplateId%22%3A%225554%22%2C%22X%22%3A%222128565.953798094%22%2C%22Y%22%3A%22254666.00938599184%22%2C%22Address%22%3A%221417%20Narrows%20Bridge%20Cir%2C%20Edmond%2C%20OK%2073034%22%2C%22Priority%22%3A%223%22%7D&token=eyJFbXBsb3llZVNpZCI6ODExNSwiRXhwaXJlcyI6bnVsbCwiSXNzdWVkVGltZSI6MTU3MjAyMDAwMzc1MiwiTG9naW5OYW1lIjoicHdhZG1pbjEiLCJTaWduYXR1cmUiOiJUbDFHU3BpeEZiR1E2UUNxTmNtZTEvUjEyRFdMU1JjYTZkVWx5RzZTRUJ3PSIsIlRva2VuIjoieE16NDhRWVVKSk5DRCtCaDVONVBKdFdjSEcxLzhFcm9CRHB1MEs3RmNmST0ifQ%3D%3D'
2020-08-10 15:08:09|   4.3|  0.5|INFORM|WorkOrderCreator_CreateWorkOrder (HTTPFactory): Starting HTTP download from 'cloud01.cityworks.com'. Expected transfer size: 1067 bytes
2020-08-10 15:08:09|   4.3|  0.0|INFORM|WorkOrderCreator_CreateWorkOrder (HTTPFactory): HTTP Download: received 1067 bytes
2020-08-10 15:08:09|   4.3|  0.0|INFORM|WorkOrderCreator_CreateWorkOrder (HTTPFactory): HTTP transfer summary - status code: 200, download size: '1067 bytes', DNS lookup time: '1.6e-5 seconds', total transfer time: '3.637653 seconds', url: 'https://cloud01.cityworks.com/_PARTNER_KSMMS_CURRENT_SafeSoftware/Services/AMS/WorkOrder/Create?data=%7B%22EntityType%22%3A%22STREETS%22%2C%22WOTemplateId%22%3A%2212616%22%2C%22X%22%3A%222126952.783934865%22%2C%22Y%22%3A%22254222.096510645%22%2C%22Address%22%3A%22900%20Chartres%20Cir%2C%20Edmond%2C%20OK%2073034%22%2C%22Priority%22%3A%223%22%7D&token=eyJFbXBsb3llZVNpZCI6ODExNSwiRXhwaXJlcyI6bnVsbCwiSXNzdWVkVGltZSI6MTU3MjAyMDAwMzc1MiwiTG9naW5OYW1lIjoicHdhZG1pbjEiLCJTaWduYXR1cmUiOiJUbDFHU3BpeEZiR1E2UUNxTmNtZTEvUjEyRFdMU1JjYTZkVWx5RzZTRUJ3PSIsIlRva2VuIjoieE16NDhRWVVKSk5DRCtCaDVONVBKdFdjSEcxLzhFcm9CRHB1MEs3RmNmST0ifQ%3D%3D'
2020-08-10 15:08:09|   4.3|  0.0|INFORM|WorkOrderCreator_Geocoder_CALLER (PythonFactory): Processed 9 of 10 features
2020-08-10 15:08:09|   4.6|  0.3|INFORM|WorkOrderCreator_CreateWorkOrder (HTTPFactory): Starting HTTP download from 'cloud01.cityworks.com'. Expected transfer size: 280 bytes
2020-08-10 15:08:09|   4.6|  0.0|INFORM|WorkOrderCreator_CreateWorkOrder (HTTPFactory): HTTP Download: received 280 bytes
2020-08-10 15:08:09|   4.6|  0.0|INFORM|WorkOrderCreator_CreateWorkOrder (HTTPFactory): HTTP transfer summary - status code: 200, download size: '280 bytes', DNS lookup time: '1.5e-5 seconds', total transfer time: '0.450622 seconds', url: 'https://cloud01.cityworks.com/_PARTNER_KSMMS_CURRENT_SafeSoftware/Services/AMS/WorkOrder/Create?data=%7B%22EntityType%22%3A%22STREETS%22%2C%22WOTemplateId%22%3A%22546%22%2C%22X%22%3A%227048014.887693127%22%2C%22Y%22%3A%221286405.8142184466%22%2C%22Address%22%3A%223800%20High%20Ridge%20Pl%2C%20Blacksburg%2C%20VA%2024060%22%2C%22Priority%22%3A%223%22%7D&token=eyJFbXBsb3llZVNpZCI6ODExNSwiRXhwaXJlcyI6bnVsbCwiSXNzdWVkVGltZSI6MTU3MjAyMDAwMzc1MiwiTG9naW5OYW1lIjoicHdhZG1pbjEiLCJTaWduYXR1cmUiOiJUbDFHU3BpeEZiR1E2UUNxTmNtZTEvUjEyRFdMU1JjYTZkVWx5RzZTRUJ3PSIsIlRva2VuIjoieE16NDhRWVVKSk5DRCtCaDVONVBKdFdjSEcxLzhFcm9CRHB1MEs3RmNmST0ifQ%3D%3D'
2020-08-10 15:08:09|   4.6|  0.0|INFORM|WorkOrderCreator_Geocoder_CALLER (PythonFactory): Processed 10 of 10 features
2020-08-10 15:08:09|   4.7|  0.0|INFORM|Excel Reader: Closing dataset '/Users/Nathan/Documents/Projects/Cityworks Training/Exercise1.1/WorkOrderAddresses.xlsx'...
2020-08-10 15:08:09|   4.7|  0.0|INFORM|Styles created: 1
2020-08-10 15:08:09|   4.7|  0.0|INFORM|Excel Reader: Closing dataset '/Users/Nathan/Documents/Projects/Cityworks Training/Exercise1.1/WorkOrderAddresses.xlsx'...
2020-08-10 15:08:09|   4.7|  0.0|INFORM|MULTI_READER(MULTI_READER): Done reading 10 features from 1 readers
2020-08-10 15:08:09|   4.7|  0.0|INFORM|Emptying factory pipeline
2020-08-10 15:08:09|   4.7|  0.0|STATS |Router and Unexpected Input Remover (RoutingFactory): Tested 10 input feature(s), wrote 10 output feature(s): 10 matched merge filters, 10 were routed to output, 0 could not be routed.
2020-08-10 15:08:09|   4.7|  0.0|STATS |Unexpected Input Remover Nuker (TeeFactory): Cloned 0 input feature(s) into 0 output feature(s)
2020-08-10 15:08:09|   4.7|  0.0|STATS |WorkOrders_XLSXR_1 Splitter (TeeFactory): Cloned 10 input feature(s) into 10 output feature(s)
2020-08-10 15:08:09|   4.7|  0.0|STATS |WorkOrders_XLSXR_1 Feature Counter -1 10 (TeeFactory): Cloned 10 input feature(s) into 10 output feature(s)
2020-08-10 15:08:09|   4.7|  0.0|STATS |WorkOrderCreator Input Input Collector (TeeFactory): Cloned 10 input feature(s) into 10 output feature(s)
2020-08-10 15:08:09|   4.7|  0.0|STATS |WorkOrderCreator_Input1589477681 Input Splitter (TeeFactory): Cloned 10 input feature(s) into 10 output feature(s)
2020-08-10 15:08:09|   4.7|  0.0|STATS |WorkOrderCreator_ParameterFetcher_2 (TeeFactory): Cloned 10 input feature(s) into 10 output feature(s)
2020-08-10 15:08:09|   4.7|  0.0|STATS |WorkOrderCreator_Geocoder_CATCHER (TeeFactory): Cloned 10 input feature(s) into 10 output feature(s)
2020-08-10 15:08:09|   4.7|  0.0|STATS |WorkOrderCreator_Geocoder_ROUTER (TestFactory): Tested 10 input feature(s) -- 10 feature(s) passed and 0 feature(s) failed
2020-08-10 15:08:09|   4.7|  0.0|STATS |WorkOrderCreator_Reprojector (TeeFactory): Cloned 10 input feature(s) into 10 output feature(s)
2020-08-10 15:08:09|   4.7|  0.0|STATS |WorkOrderCreator_CoordinateExtractor_TESTZDEFAULT (TestFactory): Tested 10 input feature(s) -- 10 feature(s) passed and 0 feature(s) failed
2020-08-10 15:08:09|   4.7|  0.0|STATS |WorkOrderCreator_CoordinateExtractor_TESTMODE (TestFactory): Tested 10 input feature(s) -- 0 feature(s) passed and 10 feature(s) failed
2020-08-10 15:08:09|   4.7|  0.0|STATS |WorkOrderCreator_CoordinateExtractor_LIST (TestFactory): Tested 0 input feature(s) -- 0 feature(s) passed and 0 feature(s) failed
2020-08-10 15:08:09|   4.7|  0.0|STATS |WorkOrderCreator_CoordinateExtractor_SPECIFIC (TestFactory): Tested 10 input feature(s) -- 10 feature(s) passed and 0 feature(s) failed
2020-08-10 15:08:09|   4.7|  0.0|STATS |WorkOrderCreator_CoordinateExtractor_SPECIFIC_2D_3D (TestFactory): Tested 10 input feature(s) -- 10 feature(s) passed and 0 feature(s) failed
2020-08-10 15:08:09|   4.7|  0.0|STATS |WorkOrderCreator_CoordinateExtractor_SPECIFIC_2D (ExecuteFunctionFactory): Executed FME Functions on 10 input feature(s) -- 10 feature(s) completed and 0 feature(s) rejected
2020-08-10 15:08:09|   4.7|  0.0|STATS |WorkOrderCreator_CoordinateExtractor_SPECIFIC_3D (ExecuteFunctionFactory): Executed FME Functions on 0 input feature(s) -- 0 feature(s) completed and 0 feature(s) rejected
2020-08-10 15:08:09|   4.7|  0.0|STATS |WorkOrderCreator_AttributeKeeper (TeeFactory): Cloned 10 input feature(s) into 10 output feature(s)
2020-08-10 15:08:09|   4.7|  0.0|STATS |WorkOrderCreator_JSONExtractor <REJECTED> Transformer Output Nuker (TeeFactory): Cloned 0 input feature(s) into 0 output feature(s)
2020-08-10 15:08:09|   4.7|  0.0|STATS |WorkOrderCreator_Output1589477681 Output Collector (TeeFactory): Cloned 10 input feature(s) into 10 output feature(s)
2020-08-10 15:08:09|   4.7|  0.0|STATS |WorkOrderCreator_<Rejected>1589477681 Output Collector (TeeFactory): Cloned 0 input feature(s) into 0 output feature(s)
2020-08-10 15:08:09|   4.7|  0.0|STATS |WorkOrderCreator Output Output Renamer/Nuker (TeeFactory): Cloned 10 input feature(s) into 10 output feature(s)
2020-08-10 15:08:09|   4.7|  0.0|STATS |WorkOrderCreator <Rejected> Output Renamer/Nuker (TeeFactory): Cloned 0 input feature(s) into 0 output feature(s)
2020-08-10 15:08:09|   4.7|  0.0|STATS |WorkOrderCreator_Output Feature Counter -1 12 (TeeFactory): Cloned 10 input feature(s) into 10 output feature(s)
2020-08-10 15:08:09|   4.7|  0.0|STATS |WorkOrderCreator_<Rejected> Feature Counter -1 2147680262 (TeeFactory): Cloned 0 input feature(s) into 0 output feature(s)
2020-08-10 15:08:09|   4.7|  0.0|STATS |f_32 (TeeFactory): Cloned 10 input feature(s) into 10 output feature(s)
2020-08-10 15:08:09|   4.7|  0.0|STATS |Storing feature(s) to FME feature store file `/private/var/folders/pt/zfwxh6sj06391fhf65mgn2qm0000gp/T/wb-cache--GhHCQd/Main_HTMLReportGenerator -1 8 fo 0 OUTPUT  0  56d0a7444b1a9fac676ef32a7ac0844a008bf05c.ffsupdating'
2020-08-10 15:08:09|   4.7|  0.0|INFORM|Creating writer for format: HTML
2020-08-10 15:08:09|   4.7|  0.0|INFORM|Trying to find a DYNAMIC plugin for writer named `HTML'
2020-08-10 15:08:09|   4.7|  0.0|INFORM|Loaded module 'HTML' from file '/Library/FME/2020.1//plugins/textline.so'
2020-08-10 15:08:09|   4.7|  0.0|INFORM|FME API version of module 'HTML' matches current internal version (3.8 20200115)
2020-08-10 15:08:09|   4.7|  0.0|INFORM|FME Configuration: No destination coordinate system set
2020-08-10 15:08:09|   4.7|  0.0|INFORM|FME API version of module 'HTML' matches current internal version (3.8 20200115)
2020-08-10 15:08:09|   4.7|  0.0|INFORM|Writer `HTML_1' of type `HTML' using group definition keyword `HTML_DEF'
2020-08-10 15:08:09|   4.7|  0.0|INFORM|FME API version of module 'HTML' matches current internal version (3.8 20200115)
2020-08-10 15:08:09|   4.7|  0.0|INFORM|HTML File Writer: Opening the file '/Users/Nathan/Documents/Projects/Cityworks Training/Exercise1.1/WorkOrders.html\'
2020-08-10 15:08:09|   4.7|  0.0|INFORM|HTML File Writer: Line Termination: Unix
2020-08-10 15:08:09|   4.7|  0.0|INFORM|HTML File Writer: Write the final line termination character: yes
2020-08-10 15:08:09|   4.7|  0.0|INFORM|HTML File Writer: Character Encoding: 'UTF-8'
2020-08-10 15:08:09|   4.7|  0.0|INFORM|HTML File Writer: Write UTF-8 Byte Order Mark: yes
2020-08-10 15:08:09|   4.7|  0.0|STATS |Stored 1 feature(s) to FME feature store file `/private/var/folders/pt/zfwxh6sj06391fhf65mgn2qm0000gp/T/wb-cache--GhHCQd/Main_HTMLReportGenerator -1 8 fo 0 OUTPUT  0  56d0a7444b1a9fac676ef32a7ac0844a008bf05c.ffsupdating'
2020-08-10 15:08:09|   4.7|  0.0|INFORM|Saving spatial index into file '/private/var/folders/pt/zfwxh6sj06391fhf65mgn2qm0000gp/T/wb-cache--GhHCQd/Main_HTMLReportGenerator -1 8 fo 0 OUTPUT  0  56d0a7444b1a9fac676ef32a7ac0844a008bf05c.fsi'
2020-08-10 15:08:09|   4.7|  0.0|INFORM|Finished saving spatial index into file '/private/var/folders/pt/zfwxh6sj06391fhf65mgn2qm0000gp/T/wb-cache--GhHCQd/Main_HTMLReportGenerator -1 8 fo 0 OUTPUT  0  56d0a7444b1a9fac676ef32a7ac0844a008bf05c.fsi'
2020-08-10 15:08:09|   4.7|  0.0|STATS |Stored 10 feature(s) to FME feature store file `/private/var/folders/pt/zfwxh6sj06391fhf65mgn2qm0000gp/T/wb-cache--GhHCQd/Main_WorkOrderCreator -1 6 fo 0 Output  0  25660f286972680a2451b385fe4cb154d83ed503.ffsupdating'
2020-08-10 15:08:09|   4.7|  0.0|INFORM|Saving spatial index into file '/private/var/folders/pt/zfwxh6sj06391fhf65mgn2qm0000gp/T/wb-cache--GhHCQd/Main_WorkOrderCreator -1 6 fo 0 Output  0  25660f286972680a2451b385fe4cb154d83ed503.fsi'
2020-08-10 15:08:09|   4.7|  0.0|INFORM|Finished saving spatial index into file '/private/var/folders/pt/zfwxh6sj06391fhf65mgn2qm0000gp/T/wb-cache--GhHCQd/Main_WorkOrderCreator -1 6 fo 0 Output  0  25660f286972680a2451b385fe4cb154d83ed503.fsi'
2020-08-10 15:08:09|   4.7|  0.0|STATS |Stored 1 feature(s) to FME feature store file `/private/var/folders/pt/zfwxh6sj06391fhf65mgn2qm0000gp/T/wb-cache--GhHCQd/Main_WorkOrders -1 11 -1  0  5708c31b953641ea379ecc8b79b2f8ef6364be0f.ffsupdating'
2020-08-10 15:08:09|   4.7|  0.0|INFORM|Saving spatial index into file '/private/var/folders/pt/zfwxh6sj06391fhf65mgn2qm0000gp/T/wb-cache--GhHCQd/Main_WorkOrders -1 11 -1  0  5708c31b953641ea379ecc8b79b2f8ef6364be0f.fsi'
2020-08-10 15:08:09|   4.7|  0.0|INFORM|Finished saving spatial index into file '/private/var/folders/pt/zfwxh6sj06391fhf65mgn2qm0000gp/T/wb-cache--GhHCQd/Main_WorkOrders -1 11 -1  0  5708c31b953641ea379ecc8b79b2f8ef6364be0f.fsi'
2020-08-10 15:08:09|   4.7|  0.0|STATS |HTMLReportGenerator_OUTPUT Feature Counter -1 13 (TeeFactory): Cloned 1 input feature(s) into 1 output feature(s)
2020-08-10 15:08:09|   4.7|  0.0|STATS |Destination Feature Type Routing Correlator (RoutingFactory): Tested 1 input feature(s), wrote 1 output feature(s): 0 matched merge filters, 1 were routed to output, 0 could not be routed.
2020-08-10 15:08:09|   4.7|  0.0|STATS |Final Output Nuker (TeeFactory): Cloned 0 input feature(s) into 0 output feature(s)
2020-08-10 15:08:09|   4.7|  0.0|INFORM|HTML File Writer: Closing the file '/Users/Nathan/Documents/Projects/Cityworks Training/Exercise1.1/WorkOrders.html'
2020-08-10 15:08:09|   4.7|  0.0|INFORM|=-=-=-=-=-=-=-=-=-=-=-=-=-=-=-=-=-=-=-=-=-=-=-=-=-=-=-=-=-=-=-=-=-=-=-=-=-=-=-
2020-08-10 15:08:09|   4.7|  0.0|INFORM|Feature output statistics for `HTML' writer using keyword `HTML_1':
2020-08-10 15:08:09|   4.7|  0.0|STATS |=-=-=-=-=-=-=-=-=-=-=-=-=-=-=-=-=-=-=-=-=-=-=-=-=-=-=-=-=-=-=-=-=-=-=-=-=-=-=-
2020-08-10 15:08:09|   4.7|  0.0|STATS |                               Features Written
2020-08-10 15:08:09|   4.7|  0.0|STATS |=-=-=-=-=-=-=-=-=-=-=-=-=-=-=-=-=-=-=-=-=-=-=-=-=-=-=-=-=-=-=-=-=-=-=-=-=-=-=-
2020-08-10 15:08:09|   4.7|  0.0|STATS |HTML                                                                         1
2020-08-10 15:08:09|   4.7|  0.0|STATS |==============================================================================
2020-08-10 15:08:09|   4.7|  0.0|STATS |Total Features Written                                                       1
2020-08-10 15:08:09|   4.7|  0.0|STATS |=-=-=-=-=-=-=-=-=-=-=-=-=-=-=-=-=-=-=-=-=-=-=-=-=-=-=-=-=-=-=-=-=-=-=-=-=-=-=-
2020-08-10 15:08:09|   4.7|  0.0|STATS |=-=-=-=-=-=-=-=-=-=-=-=-=-=-=-=-=-=-=-=-=-=-=-=-=-=-=-=-=-=-=-=-=-=-=-=-=-=-=-
2020-08-10 15:08:09|   4.7|  0.0|STATS |                            Features Read Summary
2020-08-10 15:08:09|   4.7|  0.0|STATS |=-=-=-=-=-=-=-=-=-=-=-=-=-=-=-=-=-=-=-=-=-=-=-=-=-=-=-=-=-=-=-=-=-=-=-=-=-=-=-
2020-08-10 15:08:09|   4.7|  0.0|STATS |WorkOrders                                                                  10
2020-08-10 15:08:09|   4.7|  0.0|STATS |==============================================================================
2020-08-10 15:08:09|   4.7|  0.0|STATS |Total Features Read                                                         10
2020-08-10 15:08:09|   4.7|  0.0|STATS |=-=-=-=-=-=-=-=-=-=-=-=-=-=-=-=-=-=-=-=-=-=-=-=-=-=-=-=-=-=-=-=-=-=-=-=-=-=-=-
2020-08-10 15:08:09|   4.7|  0.0|STATS |=-=-=-=-=-=-=-=-=-=-=-=-=-=-=-=-=-=-=-=-=-=-=-=-=-=-=-=-=-=-=-=-=-=-=-=-=-=-=-
2020-08-10 15:08:09|   4.7|  0.0|STATS |                           Features Written Summary
2020-08-10 15:08:09|   4.7|  0.0|STATS |=-=-=-=-=-=-=-=-=-=-=-=-=-=-=-=-=-=-=-=-=-=-=-=-=-=-=-=-=-=-=-=-=-=-=-=-=-=-=-
2020-08-10 15:08:09|   4.7|  0.0|STATS |HTML                                                                         1
2020-08-10 15:08:09|   4.7|  0.0|STATS |==============================================================================
2020-08-10 15:08:09|   4.7|  0.0|STATS |Total Features Written                                                       1
2020-08-10 15:08:09|   4.7|  0.0|STATS |=-=-=-=-=-=-=-=-=-=-=-=-=-=-=-=-=-=-=-=-=-=-=-=-=-=-=-=-=-=-=-=-=-=-=-=-=-=-=-
2020-08-10 15:08:09|   4.7|  0.0|WARN  |-~-~-~-~-~-~-~-~-~-~-~-~-~-~-~-~-~-~-~-~-~-~-~-~-~-~-~-~-~-~-~-~-~-~-~-~-~-~-~-~-
2020-08-10 15:08:09|   4.7|  0.0|WARN  |-~                                                                             ~-
2020-08-10 15:08:09|   4.7|  0.0|WARN  |-~    Feature caches have been recorded at every stage of the translation.     ~-
2020-08-10 15:08:09|   4.7|  0.0|WARN  |-~                      To inspect the recorded features,                      ~-
2020-08-10 15:08:09|   4.7|  0.0|WARN  |-~              click the feature cache icons next to the ports.               ~-
2020-08-10 15:08:09|   4.7|  0.0|WARN  |-~                                                                             ~-
2020-08-10 15:08:09|   4.7|  0.0|WARN  |-~-~-~-~-~-~-~-~-~-~-~-~-~-~-~-~-~-~-~-~-~-~-~-~-~-~-~-~-~-~-~-~-~-~-~-~-~-~-~-~-
2020-08-10 15:08:09|   4.7|  0.0|INFORM|Translation was SUCCESSFUL with 7 warning(s) (1 feature(s) output)
2020-08-10 15:08:09|   4.7|  0.0|INFORM|FME Session Duration: 25.2 seconds. (CPU: 4.3s user, 0.2s system)
2020-08-10 15:08:09|   4.7|  0.0|INFORM|END - ProcessID: 8288, peak process memory usage: 152468 kB, current process memory usage: 152468 kB
