2020-08-16 09:19:54|   0.0|  0.0|INFORM|FME 2020.1.0.1 (20200710 - Build 20596 - macosx)
2020-08-16 09:19:54|   0.0|  0.0|INFORM|FME_HOME is '/Library/FME/2020.1/'
2020-08-16 09:19:54|   0.0|  0.0|INFORM|FME Desktop Smallworld Edition (floating)
2020-08-16 09:19:54|   0.0|  0.0|INFORM|Permanent License.
2020-08-16 09:19:54|   0.0|  0.0|INFORM|Machine host name is: usidore
2020-08-16 09:19:54|   0.0|  0.0|INFORM|START - ProcessID: 42770, peak process memory usage: 56656 kB, current process memory usage: 56656 kB
2020-08-16 09:19:54|   0.0|  0.0|INFORM|FME Configuration: Command line arguments are `/Library/FME/2020.1/fme' `/Users/Nathan/Documents/Projects/Cityworks Training/Exercise1.2/wb-xlate-1597594794403_38356' `LOG_STANDARDOUT' `YES' `LogCountServerName' `{9771fb81-f019-4a51-ab39-b35119dcefc5}' `LOG_TIMINGS' `Yes'
2020-08-16 09:19:54|   0.0|  0.0|INFORM|FME Configuration: Connection Storage: '/Users/Nathan/Library/Caches/Safe Software/FME/'
2020-08-16 09:19:55|   0.2|  0.2|INFORM|Shared folders for formats are : /Library/FME/2020.1/datasources;/Users/Nathan/Documents/FME/Formats;/Users/Nathan/Library/Application Support/FME/Formats
2020-08-16 09:19:55|   0.2|  0.0|INFORM|Shared folders for transformers are : /Users/Nathan/Library/Caches/Safe Software/FME/Packages/20596-macosx/transformers;/Library/FME/2020.1/transformers;/Users/Nathan/Documents/FME/Transformers;/Users/Nathan/Library/Caches/Safe Software/FME/FME Store/Transformers
2020-08-16 09:19:55|   0.2|  0.0|INFORM|Shared folders for coordinate systems are : /Users/Nathan/Documents/FME/CoordinateSystems;/Users/Nathan/Library/Application Support/FME/CoordinateSystems
2020-08-16 09:19:55|   0.2|  0.0|INFORM|Shared folders for coordinate system exceptions are : /Users/Nathan/Documents/FME/CoordinateSystemExceptions;/Users/Nathan/Library/Application Support/FME/CoordinateSystemExceptions
2020-08-16 09:19:55|   0.2|  0.0|INFORM|Shared folders for coordinate system grid overrides are : /Users/Nathan/Documents/FME/CoordinateSystemGridOverrides;/Users/Nathan/Library/Application Support/FME/CoordinateSystemGridOverrides
2020-08-16 09:19:55|   0.2|  0.0|INFORM|Shared folders for CS-MAP transformation exceptions are : /Users/Nathan/Documents/FME/CsmapTransformationExceptions;/Users/Nathan/Library/Application Support/FME/CsmapTransformationExceptions
2020-08-16 09:19:55|   0.2|  0.0|INFORM|Shared folders for transformer categories are : /Users/Nathan/Documents/FME/TransformerCategories;/Users/Nathan/Library/Application Support/FME/TransformerCategories
2020-08-16 09:19:55|   0.2|  0.0|INFORM|Mapping File Identifier is: CreateAWorkOrder
2020-08-16 09:19:55|   0.2|  0.0|INFORM|FME Configuration: Reader Keyword is `MULTI_READER'
2020-08-16 09:19:55|   0.2|  0.0|INFORM|FME Configuration: Writer Keyword is `MULTI_WRITER'
2020-08-16 09:19:55|   0.2|  0.0|INFORM|FME Configuration: Writer Group Definition Keyword is `MULTI_WRITER_DEF'
2020-08-16 09:19:55|   0.2|  0.0|INFORM|FME Configuration: Reader type is `MULTI_READER'
2020-08-16 09:19:55|   0.2|  0.0|INFORM|FME Configuration: Writer type is `MULTI_WRITER'
2020-08-16 09:19:55|   0.2|  0.0|INFORM|FME Configuration: No destination coordinate system set
2020-08-16 09:19:55|   0.2|  0.0|INFORM|FME Configuration: Current working folder is `/Users/Nathan/Documents/Projects/Cityworks Training/Exercise1.2'
2020-08-16 09:19:55|   0.2|  0.0|INFORM|FME Configuration: Temporary folder is `/private/var/folders/pt/zfwxh6sj06391fhf65mgn2qm0000gp/T/wbrun_1597520351326_38356/fmetmp_1597594794428_38356', set from environment variable `FME_TEMP'
2020-08-16 09:19:55|   0.2|  0.0|INFORM|FME Configuration: FME_HOME is `/Library/FME/2020.1/'
2020-08-16 09:19:55|   0.2|  0.0|INFORM|FME Configuration: FME_BASE is 'no'
2020-08-16 09:19:55|   0.2|  0.0|INFORM|FME Configuration: FME_MF_DIR is '/Users/Nathan/Documents/Projects/Cityworks Training/Exercise1.2/'
2020-08-16 09:19:55|   0.2|  0.0|INFORM|FME Configuration: FME_MF_NAME is 'CreateAWorkOrder_complete.fmw'
2020-08-16 09:19:55|   0.2|  0.0|INFORM|FME Configuration: FME_PRODUCT_NAME is 'FME(R) 2020.1.0.1'
2020-08-16 09:19:55|   0.2|  0.0|INFORM|System Status: 556.68 GB of disk space available in the FME temporary folder (/private/var/folders/pt/zfwxh6sj06391fhf65mgn2qm0000gp/T/wbrun_1597520351326_38356/fmetmp_1597594794428_38356)
2020-08-16 09:19:55|   0.2|  0.0|INFORM|System Status: 32.00 GB of physical memory available
2020-08-16 09:19:55|   0.2|  0.0|INFORM|System Status: 34.00 GB of virtual memory available
2020-08-16 09:19:55|   0.2|  0.0|INFORM|Operating System: Mac OS X Version 10.15.5 (Build 19F101)
2020-08-16 09:19:55|   0.2|  0.0|INFORM|FME Platform: macosx
2020-08-16 09:19:55|   0.2|  0.0|INFORM|Locale: en_CA
2020-08-16 09:19:55|   0.2|  0.0|INFORM|System Encoding: UTF-8
2020-08-16 09:19:55|   0.2|  0.0|INFORM|FME Configuration: Start freeing memory when the process exceeds 32.83 GB or address space exceeds 16777216.00 TB
2020-08-16 09:19:55|   0.2|  0.0|INFORM|FME Configuration: Stop freeing memory when the process is below 24.62 GB and address space is below 16777216.00 TB
2020-08-16 09:19:55|   0.2|  0.0|INFORM|FME Configuration: Logging ungrouped output features
2020-08-16 09:19:55|   0.2|  0.0|INFORM|FME Configuration: Logging uncorrelated input features
2020-08-16 09:19:55|   0.2|  0.0|INFORM|FME Configuration: Dumping mapping file
2020-08-16 09:19:55|   0.2|  0.0|INFORM|FME Temporary Folder: /private/var/folders/pt/zfwxh6sj06391fhf65mgn2qm0000gp/T/wbrun_1597520351326_38356/fmetmp_1597594794428_38356
2020-08-16 09:19:55|   0.2|  0.0|INFORM|mapping file Line 0: `FME_NAMES_UTF8' `NO'
2020-08-16 09:19:55|   0.2|  0.0|INFORM|mapping file Line 1: `FME_PYTHON_VERSION' `37'
2020-08-16 09:19:55|   0.2|  0.0|INFORM|mapping file Line 2: `GUI' `IGNORE' `SourceDataset_XLSXR_1,XLSXR_IN_MANYFILE_XLSXR_1,XLSXR_IN_ADVANCED_XLSXR_1,XLSXR_IN_SCAN_SCHEMA_IF_DYNAMIC_XLSXR_1,XLSXR_IN_READ_BLANK_AS_XLSXR_1,XLSXR_IN_EXPAND_MERGED_CELLS_XLSXR_1,XLSXR_IN_NETWORK_AUTHENTICATION_XLSXR_1,DestDataset_HTML_1'
2020-08-16 09:19:55|   0.2|  0.0|INFORM|mapping file Line 3: `GUI' `MULTIFILE' `SourceDataset_XLSXR' `Excel_Files(*.xlsx;*.xlsm;*.xls)|*.xlsx;*.xlsm;*.xls|Excel_Workbook_2007(*.xlsx)|*.xlsx|Excel_Macro_Workbook(*.xlsm)|*.xlsm|Excel_Workbook_Pre_2007(*.xls)|*.xls|Compressed_Files(*.bz2;*.gz)|*.bz2;*.gz|Archive_Files(*.7z;*.7zip;*.rar;*.rvz;*.tar;*.tar.bz2;*.tar.gz;*.tgz;*.zip;*.zipx)|*.7z;*.7zip;*.rar;*.rvz;*.tar;*.tar.bz2;*.tar.gz;*.tgz;*.zip;*.zipx|All_files(*)|*' `Source' `Microsoft' `Excel' `File(s):'
2020-08-16 09:19:55|   0.2|  0.0|INFORM|mapping file Line 4: `GUI' `FILENAME' `DestDataset_HTML' `HTML<space>Files(*.html)|*.html' `Destination' `Html' `File:'
2020-08-16 09:19:55|   0.2|  0.0|INFORM|mapping file Line 5: `GUI' `IGNORE' `OPTIONAL' `STRING' `FME_TOPIC' `FME' `Server' `Topic:'
2020-08-16 09:19:55|   0.2|  0.0|INFORM|mapping file Line 6: `GUI' `IGNORE' `OPTIONAL' `STRING' `FME_SERVER_HOST' `FME' `Server' `Host:'
2020-08-16 09:19:55|   0.2|  0.0|INFORM|mapping file Line 7: `GUI' `IGNORE' `OPTIONAL' `STRING' `FME_ENGINE' `FME' `Server' `Engine:'
2020-08-16 09:19:55|   0.2|  0.0|INFORM|mapping file Line 8: `GUI' `IGNORE' `OPTIONAL' `STRING' `FME_SECURITY_USER' `FME' `Server' `Security' `User:'
2020-08-16 09:19:55|   0.2|  0.0|INFORM|mapping file Line 9: `GUI' `IGNORE' `OPTIONAL' `DIRNAME_SRC' `FME_SHAREDRESOURCE_DATA' `FME' `Server' `Data' `Directory:'
2020-08-16 09:19:55|   0.2|  0.0|INFORM|mapping file Line 10: `GUI' `IGNORE' `OPTIONAL' `STRING' `FME_SERVER_REQUEST_HEADERS' `FME' `Server' `Request' `Headers:'
2020-08-16 09:19:55|   0.2|  0.0|INFORM|mapping file Line 11: `GUI' `IGNORE' `OPTIONAL' `DIRNAME_SRC' `FME_SHAREDRESOURCE_LOG' `FME' `Server' `Logs' `Directory:'
2020-08-16 09:19:55|   0.2|  0.0|INFORM|mapping file Line 12: `GUI' `IGNORE' `OPTIONAL' `DIRNAME_SRC' `FME_SERVER_DEST_DIR' `FME' `Server' `Destination' `Directory:'
2020-08-16 09:19:55|   0.2|  0.0|INFORM|mapping file Line 13: `GUI' `IGNORE' `OPTIONAL' `STRING' `FME_JOB_ID' `FME' `Server' `Job' `ID:'
2020-08-16 09:19:55|   0.2|  0.0|INFORM|mapping file Line 14: `GUI' `IGNORE' `OPTIONAL' `STRING' `FME_SECURITY_ROLES' `FME' `Server' `Security' `Roles:'
2020-08-16 09:19:55|   0.2|  0.0|INFORM|mapping file Line 15: `GUI' `IGNORE' `OPTIONAL' `STRING' `FME_SERVER_REQUEST_PARAMETERS' `FME' `Server' `Request' `Parameters:'
2020-08-16 09:19:55|   0.2|  0.0|INFORM|mapping file Line 16: `GUI' `IGNORE' `OPTIONAL' `STRING' `FME_DATA_REPOSITORY' `FME' `Server' `Data' `Repository:'
2020-08-16 09:19:55|   0.2|  0.0|INFORM|mapping file Line 17: `GUI' `IGNORE' `OPTIONAL' `STRING' `FME_SERVER_REQUEST_METHOD' `FME' `Server' `Request' `Method:'
2020-08-16 09:19:55|   0.2|  0.0|INFORM|mapping file Line 18: `GUI' `IGNORE' `OPTIONAL' `FILENAME_EXISTING' `FME_TOPIC_MESSAGE' `All_Files(*)|*' `FME' `Server' `Topic' `Message:'
2020-08-16 09:19:55|   0.2|  0.0|INFORM|mapping file Line 19: `GUI' `IGNORE' `OPTIONAL' `DIRNAME_SRC' `FME_SHAREDRESOURCE_BACKUP' `FME' `Server' `Backup' `Directory:'
2020-08-16 09:19:55|   0.2|  0.0|INFORM|mapping file Line 20: `GUI' `IGNORE' `OPTIONAL' `DIRNAME_SRC' `FME_SHAREDRESOURCE_TEMP' `FME' `Server' `Temporary' `Resource' `Directory:'
2020-08-16 09:19:55|   0.2|  0.0|INFORM|mapping file Line 21: `GUI' `IGNORE' `OPTIONAL' `DIRNAME_SRC' `FME_SHAREDRESOURCE_ENGINE' `FME' `Server' `Engine' `Directory:'
2020-08-16 09:19:55|   0.2|  0.0|INFORM|mapping file Line 22: `GUI' `IGNORE' `OPTIONAL' `DIRNAME_SRC' `FME_SHAREDRESOURCE_SYSTEM' `FME' `Server' `System' `Directory:'
2020-08-16 09:19:55|   0.2|  0.0|INFORM|mapping file Line 23: `GUI' `IGNORE' `OPTIONAL' `STRING' `FME_SERVER_WEB_URL' `FME' `Server' `Web' `URL:'
2020-08-16 09:19:55|   0.2|  0.0|INFORM|mapping file Line 24: `GUI' `IGNORE' `OPTIONAL' `STRING' `FME_SERVER_REQUEST_URI' `FME' `Server' `Request' `URI:'
2020-08-16 09:19:55|   0.2|  0.0|INFORM|mapping file Line 25: `GUI' `IGNORE' `OPTIONAL' `DIRNAME_SRC' `FME_SHAREDRESOURCE_DASHBOARD' `FME' `Server' `Dashboards' `Directory:'
2020-08-16 09:19:55|   0.2|  0.0|INFORM|mapping file Line 26: `GUI' `IGNORE' `OPTIONAL' `STRING' `FME_SERVER_PORT' `FME' `Server' `Port:'
2020-08-16 09:19:55|   0.2|  0.0|INFORM|mapping file Line 27: `READER_TYPE' `MULTI_READER'
2020-08-16 09:19:55|   0.2|  0.0|INFORM|mapping file Line 28: `MULTI_READER_TYPE{0}' `XLSXR'
2020-08-16 09:19:55|   0.2|  0.0|INFORM|mapping file Line 29: `MULTI_READER_KEYWORD{0}' `XLSXR_1'
2020-08-16 09:19:55|   0.2|  0.0|INFORM|mapping file Line 30: `MULTI_READER_GEN_DIRECTIVES{0}' `SCHEMA,WorkOrders<comma>0<lt>comma<gt>Address<lt>comma<gt>char<lt>comma<gt>24<lt>comma<gt><lt>comma<gt><lt>comma<gt>1<lt>comma<gt><lt>quote<gt>Entity<lt>space<gt>Type<lt>quote<gt><lt>comma<gt>char<lt>comma<gt>8<lt>comma<gt><lt>comma<gt><lt>comma<gt>2<lt>comma<gt><lt>quote<gt>Template<lt>space<gt>ID<lt>quote<gt><lt>comma<gt>number<lt>comma<gt>6<lt>comma<gt>0<lt>comma<gt><comma>1<lt>comma<gt><lt>comma<gt><lt>comma<gt><comma>NO<lt>comma<gt>NO<lt>comma<gt>1<lt>comma<gt><lt>quote<gt><lt>solidus<gt>Users<lt>solidus<gt>Nathan<lt>solidus<gt>Documents<lt>solidus<gt>Projects<lt>solidus<gt>Cityworks<lt>space<gt>Training<lt>solidus<gt>Exercise1.1<lt>solidus<gt>WorkOrderAddresses.xlsx<lt>quote<gt><lt>comma<gt><lt>quote<gt>0<lt>comma<gt>0<lt>comma<gt>2<lt>comma<gt>10<lt>quote<gt><lt>comma<gt><lt>comma<gt>NO<lt>comma<gt>NO,KEEP_SCHEMA_SETTINGS,YES,FORCE_DATETIME,NO,_MERGE_SCHEMAS,YES,UPDATE_FEATURE_TYPES,yes,SCAN_SCHEMA_IF_DYNAMIC,No,CONFIGURATION_DATASET,<solidus>Users<solidus>Nathan<solidus>Documents<solidus>Projects<solidus>Cityworks<space>Training<solidus>Exercise1.1<solidus>WorkOrderAddresses.xlsx,XLSXR_EXPOSE_FORMAT_ATTRS,,USE_SCHEMA_OTHER_FILES,No,QUERY_FEATURE_TYPES_FOR_MERGE_FILTERS,Yes,CASE_SENSITIVE_FEATURE_TYPES,YES,TABLELIST,WorkOrders,EXPAND_MERGED_CELLS,Yes,CREATE_FEATURE_TABLES_FROM_DATA,Yes,ALLOW_DOLLAR_SIGNS,YES,STRIP_SHEETNAME_SPACES,YES,EXCEL_COL_NAMES,YES,MANYFILE,,EXPOSE_ATTRS_GROUP,,ADVANCED,,READ_BLANK_AS,Missing'
2020-08-16 09:19:55|   0.2|  0.0|INFORM|mapping file Line 31: `WRITER_TYPE' `MULTI_WRITER'
2020-08-16 09:19:55|   0.2|  0.0|INFORM|mapping file Line 32: `MULTI_WRITER_DATASET_ORDER' `BY_ID'
2020-08-16 09:19:55|   0.2|  0.0|INFORM|mapping file Line 33: `MULTI_WRITER_FIRST_WRITER_ID' `0'
2020-08-16 09:19:55|   0.2|  0.0|INFORM|mapping file Line 34: `MULTI_WRITER_TYPE{0}' `HTML'
2020-08-16 09:19:55|   0.2|  0.0|INFORM|mapping file Line 35: `MULTI_WRITER_KEYWORD{0}' `HTML_1'
2020-08-16 09:19:55|   0.2|  0.0|INFORM|mapping file Line 36: `GUI' `MULTIFILE' `SourceDataset_XLSXR_1' `Excel_Files(*.xlsx;*.xlsm;*.xls)|*.xlsx;*.xlsm;*.xls|Excel_Workbook_2007(*.xlsx)|*.xlsx|Excel_Macro_Workbook(*.xlsm)|*.xlsm|Excel_Workbook_Pre_2007(*.xls)|*.xls|All_files(*)|*' `Source' `Microsoft' `Excel' `File(s):'
2020-08-16 09:19:55|   0.2|  0.0|INFORM|mapping file Line 37: `XLSXR_1_CONFIGURATION_DATASET' `/Users/Nathan/Documents/Projects/Cityworks Training/Exercise1.1/WorkOrderAddresses.xlsx'
2020-08-16 09:19:55|   0.2|  0.0|INFORM|mapping file Line 38: `XLSXR_1_EXCEL_COL_NAMES' `YES'
2020-08-16 09:19:55|   0.2|  0.0|INFORM|mapping file Line 39: `XLSXR_1_FORCE_DATETIME' `NO'
2020-08-16 09:19:55|   0.2|  0.0|INFORM|mapping file Line 40: `GUI' `OPTIONAL' `DISCLOSUREGROUP' `XLSXR_IN_MANYFILE_XLSXR_1' `XLSXR_IN_USE_SCHEMA_OTHER_FILES' `Multiple' `File' `Parameters'
2020-08-16 09:19:55|   0.2|  0.0|INFORM|mapping file Line 41: `XLSXR_1_USE_SCHEMA_OTHER_FILES' `No'
2020-08-16 09:19:55|   0.2|  0.0|INFORM|mapping file Line 42: `GUI' `OPTIONAL' `DISCLOSUREGROUP' `XLSXR_IN_ADVANCED_XLSXR_1' `XLSXR_IN_SCAN_SCHEMA_IF_DYNAMIC_XLSXR_1%XLSXR_IN_READ_BLANK_AS_XLSXR_1%XLSXR_IN_EXPAND_MERGED_CELLS_XLSXR_1' `Advanced'
2020-08-16 09:19:55|   0.2|  0.0|INFORM|mapping file Line 43: `XLSXR_1_SCAN_SCHEMA_IF_DYNAMIC' `No'
2020-08-16 09:19:55|   0.2|  0.0|INFORM|mapping file Line 44: `GUI' `OPTIONAL' `CHECKBOX' `XLSXR_IN_SCAN_SCHEMA_IF_DYNAMIC_XLSXR_1' `Yes%No' `Scan' `Schema' `in' `Dynamic' `Workflow:'
2020-08-16 09:19:55|   0.2|  0.0|INFORM|mapping file Line 45: `XLSXR_1_READ_BLANK_AS' `Missing'
2020-08-16 09:19:55|   0.2|  0.0|INFORM|mapping file Line 46: `GUI' `CHOICE' `XLSXR_IN_READ_BLANK_AS_XLSXR_1' `Missing%Null' `Read' `blank' `cells' `as:'
2020-08-16 09:19:55|   0.2|  0.0|INFORM|mapping file Line 47: `XLSXR_1_EXPAND_MERGED_CELLS' `Yes'
2020-08-16 09:19:55|   0.2|  0.0|INFORM|mapping file Line 48: `GUI' `OPTIONAL' `CHECKBOX' `XLSXR_IN_EXPAND_MERGED_CELLS_XLSXR_1' `Yes%No' `Expand' `Merged' `Cells:'
2020-08-16 09:19:55|   0.2|  0.0|INFORM|mapping file Line 49: `XLSXR_1_EXPOSE_ATTRS_GROUP' `'
2020-08-16 09:19:55|   0.2|  0.0|INFORM|mapping file Line 50: `XLSXR_1_QUERY_FEATURE_TYPES_FOR_MERGE_FILTERS' `Yes'
2020-08-16 09:19:55|   0.2|  0.0|INFORM|mapping file Line 51: `XLSXR_1_CASE_SENSITIVE_FEATURE_TYPES' `YES'
2020-08-16 09:19:55|   0.2|  0.0|INFORM|mapping file Line 52: `XLSXR_1_ALLOW_DOLLAR_SIGNS' `YES'
2020-08-16 09:19:55|   0.2|  0.0|INFORM|mapping file Line 53: `XLSXR_1_CREATE_FEATURE_TABLES_FROM_DATA' `Yes'
2020-08-16 09:19:55|   0.2|  0.0|INFORM|mapping file Line 54: `XLSXR_1_STRIP_SHEETNAME_SPACES' `YES'
2020-08-16 09:19:55|   0.2|  0.0|INFORM|mapping file Line 55: `XLSXR_1_KEEP_SCHEMA_SETTINGS' `YES'
2020-08-16 09:19:55|   0.2|  0.0|INFORM|mapping file Line 56: `XLSXR_1_NETWORK_AUTHENTICATION' `'
2020-08-16 09:19:55|   0.2|  0.0|INFORM|mapping file Line 57: `GUI' `OPTIONAL' `AUTHENTICATOR' `XLSXR_IN_NETWORK_AUTHENTICATION_XLSXR_1' `CONTAINER%GROUP%CONTAINER_TITLE%Network Authentication%PROMPT_TYPE%NETWORK' `Network' `Authentication'
2020-08-16 09:19:55|   0.2|  0.0|INFORM|mapping file Line 58: `XLSXR_1_ATTRIBUTE_READING' `DEFLINE'
2020-08-16 09:19:55|   0.2|  0.0|INFORM|mapping file Line 59: `XLSXR_1_GENERATE_FME_BUILD_NUM' `20596'
2020-08-16 09:19:55|   0.2|  0.0|INFORM|mapping file Line 60: `XLSXR_1_DATASET' `/Users/Nathan/Documents/Projects/Cityworks Training/Exercise1.2/WorkOrderAddresses.xlsx'
2020-08-16 09:19:55|   0.2|  0.0|INFORM|mapping file Line 61: `GUI' `FILENAME' `DestDataset_HTML_1' `HTML<space>Files(*.html)|*.html' `Destination' `Html' `File:'
2020-08-16 09:19:55|   0.2|  0.0|INFORM|mapping file Line 62: `HTML_1_OVERWRITE_FILE' `YES'
2020-08-16 09:19:55|   0.2|  0.0|INFORM|mapping file Line 63: `HTML_1_END_OF_LINE' `System'
2020-08-16 09:19:55|   0.2|  0.0|INFORM|mapping file Line 64: `HTML_1_WRITE_LAST_EOL' `YES'
2020-08-16 09:19:55|   0.2|  0.0|INFORM|mapping file Line 65: `HTML_1_ENCODING' `UTF8'
2020-08-16 09:19:55|   0.2|  0.0|INFORM|mapping file Line 66: `HTML_1_WRITE_UTF8_BOM' `YES'
2020-08-16 09:19:55|   0.2|  0.0|INFORM|mapping file Line 67: `HTML_1_MIME_TYPE' `text/html'
2020-08-16 09:19:55|   0.2|  0.0|INFORM|mapping file Line 68: `HTML_1_DESTINATION_DATASETTYPE_VALIDATION' `Yes'
2020-08-16 09:19:55|   0.2|  0.0|INFORM|mapping file Line 69: `HTML_1_COORDINATE_SYSTEM_GRANULARITY' `FEATURE'
2020-08-16 09:19:55|   0.2|  0.0|INFORM|mapping file Line 70: `HTML_1_GENERATE_FME_BUILD_NUM' `20218'
2020-08-16 09:19:55|   0.2|  0.0|INFORM|mapping file Line 71: `HTML_1_DATASET' `/Users/Nathan/Documents/Projects/Cityworks Training/Exercise1.2/WorkOrders.html'
2020-08-16 09:19:55|   0.2|  0.0|INFORM|mapping file Line 72: `LOG_END_BANNER'
2020-08-16 09:19:55|   0.2|  0.0|INFORM|mapping file Line 73: `LOG_END_BANNER' `Feature' `caches' `have' `been' `recorded' `at' `every' `stage' `of' `the' `translation.'
2020-08-16 09:19:55|   0.2|  0.0|INFORM|mapping file Line 74: `LOG_END_BANNER' `To' `inspect' `the' `recorded' `features,'
2020-08-16 09:19:55|   0.2|  0.0|INFORM|mapping file Line 75: `LOG_END_BANNER' `click' `the' `feature' `cache' `icons' `next' `to' `the' `ports.'
2020-08-16 09:19:55|   0.2|  0.0|INFORM|mapping file Line 76: `LOG_END_BANNER'
2020-08-16 09:19:55|   0.2|  0.0|INFORM|mapping file Line 77: `LOG_FILENAME' `/Users/Nathan/Documents/Projects/Cityworks Training/Exercise1.2/CreateAWorkOrder_complete.log'
2020-08-16 09:19:55|   0.2|  0.0|INFORM|mapping file Line 78: `LOG_APPEND' `NO'
2020-08-16 09:19:55|   0.2|  0.0|INFORM|mapping file Line 79: `FME_DEBUG' `MAPPING_FILE' `BADNEWS' `FME_STACK_TRACE' `UNGROUPED' `UNCORRELATED' `DUMP_SCHEMA' `XSD_VERBOSE' `HTTP_DEBUG' `FTP_DEBUG' `FME_DEBUG' `STASH'
2020-08-16 09:19:55|   0.2|  0.0|INFORM|mapping file Line 80: `LOG_FILTER_MASK' `-1'
2020-08-16 09:19:55|   0.2|  0.0|INFORM|mapping file Line 81: `LOG_MAX_FEATURES' `200'
2020-08-16 09:19:55|   0.2|  0.0|INFORM|mapping file Line 82: `LOG_MAX_RECORDED_FEATURES' `200'
2020-08-16 09:19:55|   0.2|  0.0|INFORM|mapping file Line 83: `FME_REPROJECTION_ENGINE' `FME'
2020-08-16 09:19:55|   0.2|  0.0|INFORM|mapping file Line 84: `FME_IMPLICIT_CSMAP_REPROJECTION_MODE' `Auto'
2020-08-16 09:19:55|   0.2|  0.0|INFORM|mapping file Line 85: `FME_GEOMETRY_HANDLING' `Enhanced'
2020-08-16 09:19:55|   0.2|  0.0|INFORM|mapping file Line 86: `FME_STROKE_MAX_DEVIATION' `0'
2020-08-16 09:19:55|   0.2|  0.0|INFORM|mapping file Line 87: `MAPPING_FILE_ID' `CreateAWorkOrder'
2020-08-16 09:19:55|   0.2|  0.0|INFORM|mapping file Line 88: `XLSXR_1_READER_META_ATTRIBUTES' `fme_feature_type'
2020-08-16 09:19:55|   0.2|  0.0|INFORM|mapping file Line 89: `MULTI_READER_CONTINUE_ON_READER_FAILURE' `No'
2020-08-16 09:19:55|   0.2|  0.0|INFORM|mapping file Line 90: `FACTORY_DEF' `*' `RoutingFactory' `FACTORY_NAME' `Router and Unexpected Input Remover' `COMMAND_PARM_EVALUATION' `SINGLE_PASS' `MULTI_READER_KEYWORD' `XLSXR_1' `INPUT' `FEATURE_TYPE' `*' `ROUTE' `XLSXR' `XLSXR_1::WorkOrders' `multi_reader_keyword,XLSXR_1' `TO' `FME_GENERIC' `::WorkOrders' `ALIAS_GEOMETRY' `MERGE_INPUT' `Yes' `OUTPUT' `ROUTED' `FEATURE_TYPE' `*' `OUTPUT' `NOT_ROUTED' `FEATURE_TYPE' `*' `@LogCount(UnexpectedInput @FeatureType())' `@FeatureType(__TO_REMOVE__)'
2020-08-16 09:19:55|   0.2|  0.0|INFORM|mapping file Line 91: `FACTORY_DEF' `*' `TeeFactory' `FACTORY_NAME' `Unexpected Input Remover Nuker' `INPUT' `FEATURE_TYPE' `__TO_REMOVE__'
2020-08-16 09:19:55|   0.2|  0.0|INFORM|mapping file Line 92: `XLSXR_1_MERGE_DEF' `XLSXR_1::WorkOrders' `EXACT' `WorkOrders' `DEFLINE' `xlsx_start_row,,xlsx_end_row,,xlsx_schema_end_col,0,xlsx_schema_end_row,0,xlsx_schema_start_row,1,xlsx_schema_start_col,0,xlsx_header_row,0,fme_attribute_reading,defined,Address,char<openparen>24<closeparen>,Entity<space>Type,char<openparen>8<closeparen>,Template<space>ID,number<openparen>6<comma>0<closeparen>'
2020-08-16 09:19:55|   0.2|  0.0|INFORM|mapping file Line 93: `FACTORY_DEF' `{*}' `RecorderFactory' `FACTORY_NAME' `WorkOrders Feature Recorder -1 2147549195' `INPUT' `FEATURE_TYPE' `WorkOrders' `FEATURE_FILE' `{' `/private/var/folders/pt/zfwxh6sj06391fhf65mgn2qm0000gp/T/wb-cache-CreateAWorkOrder_complete-uHEBzT/Main_WorkOrders -1 11 -1  0  5708c31b953641ea379ecc8b79b2f8ef6364be0f.ffsupdating' `}' `MODE' `RECORD_PASS_THROUGH' `STORE_SCANNED_SCHEMA' `YES' `NORMALIZE_LIST_ATTRIBUTES_ON_SCHEMA' `YES' `CREATE_SPATIAL_INDEX' `YES' `INSPECTOR' `YES' `RECORD_DIRECTLY_TO_DISK' `YES' `FSC_SCHEMA' `{' `Address,varchar<openparen>24<closeparen>,Entity<space>Type,varchar<openparen>8<closeparen>,Template<space>ID,number<openparen>6<comma>0<closeparen>' `}' `FEAT_TYPE_DISPLAY_NAME' `{' `WorkOrders' `}' `STORE_SCANNED_METADATA' `PASS_THROUGH_FME_TYPE' `OUTPUT' `RECORDED' `FEATURE_TYPE' `*'
2020-08-16 09:19:55|   0.2|  0.0|INFORM|mapping file Line 94: `FACTORY_DEF' `*' `TeeFactory' `FACTORY_NAME' `WorkOrders_XLSXR_1 Splitter' `INPUT' `FEATURE_TYPE' `WorkOrders' `OUTPUT' `FEATURE_TYPE' `WorkOrders_XLSXR_1'
2020-08-16 09:19:55|   0.2|  0.0|INFORM|mapping file Line 95: `FACTORY_DEF' `*' `TeeFactory' `FACTORY_NAME' `WorkOrders_XLSXR_1 Feature Counter -1 10' `INPUT' `FEATURE_TYPE' `WorkOrders_XLSXR_1' `OUTPUT' `FEATURE_TYPE' `*' `@LogCount(LINK -1 10)'
2020-08-16 09:19:55|   0.2|  0.0|INFORM|mapping file Line 96: `FACTORY_DEF' `*' `TeeFactory' `FACTORY_NAME' `WorkOrderCreator Input Input Collector' `INPUT' `FEATURE_TYPE' `WorkOrders_XLSXR_1' `OUTPUT' `FEATURE_TYPE' `WorkOrderCreator_Input'
2020-08-16 09:19:55|   0.2|  0.0|INFORM|mapping file Line 97: `FACTORY_DEF' `*' `TeeFactory' `FACTORY_NAME' `WorkOrderCreator_Input1597594387 Input Splitter' `INPUT' `FEATURE_TYPE' `WorkOrderCreator_Input' `OUTPUT' `FEATURE_TYPE' `WorkOrderCreator_Input'
2020-08-16 09:19:55|   0.2|  0.0|INFORM|mapping file Line 98: `Tcl2' `proc' `WorkOrderCreator_ParameterFetcher_doFetch' `{}' `{' `foreach' `{name' `val}' `{_entity_type {<at>Value<openparen>Entity<space>Type<closeparen>} _address {<at>Value<openparen>Address<closeparen>} _request_params {<quote>Priority<quote>:<quote>3<quote>} _authentication {Nathan<space>Cityworks<space>Training} _instance {http:<solidus><solidus>ec2-44-226-87-139.us-west-2.compute.amazonaws.com<solidus>cityworks} _wo_template_id {<at>Value<openparen>Template<space>ID<closeparen>}}' `{' `if' `{' `[string' `match' `{*<at>*}' `$val]' `==' `1' `}' `{' `set' `val' `[FME_Execute' `EvaluateExpression' `{STRING}' `$val' `{WorkOrderCreator_ParameterFetcher}];' `}' `elseif' `{[string' `match' `{*FME_CONDITIONAL*}' `$val]' `==' `1}' `{' `set' `val' `[FME_Execute' `EvaluateExpression' `{STRING}' `$val' `{WorkOrderCreator_ParameterFetcher}];' `}' `else' `{' `set' `val' `[FME_DecodeTextOrAttr' `$val];' `};' `FME_SetAttribute' `[FME_DecodeText' `$name]' `$val' `}' `}'
2020-08-16 09:19:55|   0.2|  0.0|INFORM|mapping file Line 99: `FACTORY_DEF' `*' `TeeFactory' `FACTORY_NAME' `WorkOrderCreator_ParameterFetcher' `INPUT' `FEATURE_TYPE' `WorkOrderCreator_Input' `OUTPUT' `FEATURE_TYPE' `WorkOrderCreator_ParameterFetcher_OUTPUT' `@Tcl2(WorkOrderCreator_ParameterFetcher_doFetch)'
2020-08-16 09:19:55|   0.2|  0.0|INFORM|mapping file Line 100: `FACTORY_DEF' `{*}' `AttributeKeeperFactory' `FACTORY_NAME' `WorkOrderCreator_AttributeKeeper' `INPUT' `FEATURE_TYPE' `WorkOrderCreator_ParameterFetcher_OUTPUT' `KEEP_ATTRS' `{' `_address,_entity_type,_instance,_request_params,_wo_template_id,_authentication' `}' `KEEP_LISTS' `{' `}' `KEEP_FME_ATTRIBUTES' `Yes' `BUILD_FEATURE_TABLES' `{' `NO' `}' `OUTPUT_ON_ATTRIBUTE_CHANGE' `{' `<Unused>' `}' `OUTPUT' `{' `OUTPUT' `FEATURE_TYPE' `WorkOrderCreator_AttributeKeeper_OUTPUT' `}'
2020-08-16 09:19:55|   0.2|  0.0|INFORM|mapping file Line 101: `FACTORY_DEF' `*' `HTTPFactory' `FACTORY_NAME' `WorkOrderCreator_CreateWorkOrder' `INPUT' `FEATURE_TYPE' `WorkOrderCreator_AttributeKeeper_OUTPUT' `TARGET_URL' `@EvaluateExpression(FDIV,STRING_ENCODED,<at>Value<openparen>_instance<closeparen><solidus>Services<solidus>AMS<solidus>WorkOrder<solidus>Create?,WorkOrderCreator_CreateWorkOrder)' `HTTP_METHOD' `GET' `SAVE_FILE' `NO' `OUTPUT_FILENAME' `<Unused>' `OUTPUT_DIRECTORY' `<Unused>' `FILE_EXTENSION' `<Unused>' `TARGET_ATTR' `_response_body' `FILE_PATH_ATTR' `<Unused>' `UPLOAD_FILE' `<Unused>' `UPLOAD_BODY' `<Unused>' `MULTIPART_UPLOAD' `<Unused>' `UPLOAD_CONTENT_TYPE' `<Unused>' `COMBINED_MULTIPART_TABLE' `REQUEST_HEADER_TABLE' `ADDITIONAL_URL_PARAMETERS' `data;@EvaluateExpression(FDIV,STRING_ENCODED,<opencurly><quote>EntityType<quote>:<quote><at>Value<openparen>_entity_type<closeparen><quote><comma><quote>WOTemplateId<quote>:<quote><at>Value<openparen>_wo_template_id<closeparen><quote><comma><quote>Address<quote>:<quote><at>Value<openparen>_address<closeparen><quote><comma><at>Value<openparen>_request_params<closeparen><closecurly>,WorkOrderCreator_CreateWorkOrder)' `AUTH_USERNAME' `<Unused>' `AUTH_PASSWORD' `<Unused>' `AUTH_METHOD' `NC' `TARGET_ATTRIBUTE_ENCODING' `auto-detect' `RESPONSE_HEADER_LIST_ATTR' `' `STATUS_CODE_ATTR' `_http_status_code' `ERROR_ATTR' `_error' `CONNECTION_TIMEOUT_LENGTH' `60' `TRANSFER_TIMEOUT_LENGTH' `90' `FOLLOW_REDIRECTS' `FOLLOW_WITH_ORIGINAL_METHOD' `REDIRECT_AUTH' `ORIGINAL_DOMAIN_ONLY' `VERIFY_SSL_CERTIFICATES' `Yes' `NAMED_CONNECTION' `@EvaluateExpression(FDIV,STRING_ENCODED,<at>Value<openparen>_authentication<closeparen>,WorkOrderCreator_CreateWorkOrder)' `USE_COOKIES' `No' `OUTPUT' `OUTPUT' `FEATURE_TYPE' `WorkOrderCreator_CreateWorkOrder_Output' `OUTPUT' `REJECTED' `FEATURE_TYPE' `WorkOrderCreator_CreateWorkOrder_<REJECTED>'
2020-08-16 09:19:55|   0.2|  0.0|INFORM|mapping file Line 102: `FACTORY_DEF' `*' `JSONQueryFactory' `FACTORY_NAME' `WorkOrderCreator_JSONExtractor' `INPUT' `FEATURE_TYPE' `WorkOrderCreator_CreateWorkOrder_Output' `MODE' `EXTRACT' `JSON_DOCUMENT' `@EvaluateExpression(FDIV,STRING_ENCODED,<at>Value<openparen>_response_body<closeparen>,WorkOrderCreator_JSONExtractor)' `READ_FROM_FILE' `NO' `FILEPATH_OR_URL' `<Unused>' `QUERIES' `_work_order_id' `json<openbracket><quote>Value<quote><closebracket><openbracket>0<closebracket><openbracket><quote>WorkOrderId<quote><closebracket>' `OUTPUT' `EVALUATED' `FEATURE_TYPE' `WorkOrderCreator_JSONExtractor_EVALUATED' `OUTPUT' `REJECTED' `FEATURE_TYPE' `WorkOrderCreator_JSONExtractor_<REJECTED>'
2020-08-16 09:19:55|   0.2|  0.0|INFORM|mapping file Line 103: `FACTORY_DEF' `*' `TeeFactory' `FACTORY_NAME' `WorkOrderCreator_JSONExtractor <REJECTED> Transformer Output Nuker' `INPUT' `FEATURE_TYPE' `WorkOrderCreator_JSONExtractor_<REJECTED>'
2020-08-16 09:19:55|   0.2|  0.0|INFORM|mapping file Line 104: `FACTORY_DEF' `{*}' `AttrSetFactory' `COMMAND_PARM_EVALUATION' `SINGLE_PASS' `FACTORY_NAME' `WorkOrderCreator_AttributeManager' `INPUT' `FEATURE_TYPE' `WorkOrderCreator_JSONExtractor_EVALUATED' `MULTI_FEATURE_MODE' `NO' `NULL_ATTR_MODE' `NO_OP' `ATTRSET_CREATE_DIRECTIVES' `_PROPAGATE_MISSING_FDIV' `ACTION_COLUMN' `3' `DEF_VAL_COLUMN' `2' `ATTR_ACTION' `{' `_http_status_code' `_http_status_code' `' `REMOVE' `}' `OUTPUT' `OUTPUT' `FEATURE_TYPE' `WorkOrderCreator_AttributeManager_OUTPUT'
2020-08-16 09:19:55|   0.2|  0.0|INFORM|mapping file Line 105: `FACTORY_DEF' `*' `TeeFactory' `FACTORY_NAME' `WorkOrderCreator_Output1597594387 Output Collector' `INPUT' `FEATURE_TYPE' `WorkOrderCreator_AttributeManager_OUTPUT' `OUTPUT' `FEATURE_TYPE' `WorkOrderCreator_Output'
2020-08-16 09:19:55|   0.2|  0.0|INFORM|mapping file Line 106: `FACTORY_DEF' `*' `TeeFactory' `FACTORY_NAME' `WorkOrderCreator_<Rejected>1597594387 Output Collector' `INPUT' `FEATURE_TYPE' `WorkOrderCreator_CreateWorkOrder_<REJECTED>' `OUTPUT' `FEATURE_TYPE' `WorkOrderCreator_<Rejected>'
2020-08-16 09:19:55|   0.2|  0.0|INFORM|mapping file Line 107: `FACTORY_DEF' `*' `TeeFactory' `FACTORY_NAME' `WorkOrderCreator Output Output Renamer/Nuker' `INPUT' `FEATURE_TYPE' `WorkOrderCreator_Output' `OUTPUT' `FEATURE_TYPE' `WorkOrderCreator_Output'
2020-08-16 09:19:55|   0.2|  0.0|INFORM|mapping file Line 108: `FACTORY_DEF' `*' `TeeFactory' `FACTORY_NAME' `WorkOrderCreator <Rejected> Output Renamer/Nuker' `INPUT' `FEATURE_TYPE' `WorkOrderCreator_<Rejected>' `OUTPUT' `FEATURE_TYPE' `WorkOrderCreator_<Rejected>'
2020-08-16 09:19:55|   0.2|  0.0|INFORM|mapping file Line 109: `FACTORY_DEF' `{*}' `RecorderFactory' `FACTORY_NAME' `WorkOrderCreator_Output Feature Recorder -1 2147614726' `INPUT' `FEATURE_TYPE' `WorkOrderCreator_Output' `FEATURE_FILE' `{' `/private/var/folders/pt/zfwxh6sj06391fhf65mgn2qm0000gp/T/wb-cache-CreateAWorkOrder_complete-uHEBzT/Main_WorkOrderCreator -1 6 fo 0 Output  0  46351f974de27bc434fe7dde0aeb8bdcb85a5333.ffsupdating' `}' `MODE' `RECORD_PASS_THROUGH' `STORE_SCANNED_SCHEMA' `YES' `NORMALIZE_LIST_ATTRIBUTES_ON_SCHEMA' `YES' `CREATE_SPATIAL_INDEX' `YES' `INSPECTOR' `YES' `RECORD_DIRECTLY_TO_DISK' `YES' `FSC_SCHEMA' `{' `_response_body,varchar<openparen>200<closeparen>,_work_order_id,varchar<openparen>200<closeparen>,_wo_template_id,buffer,_entity_type,buffer,_address,buffer,_request_params,buffer,_instance,buffer,_authentication,buffer' `}' `FEAT_TYPE_DISPLAY_NAME' `{' `WorkOrderCreator_Output' `}' `STORE_SCANNED_METADATA' `PASS_THROUGH_FME_TYPE' `OUTPUT' `RECORDED' `FEATURE_TYPE' `*'
2020-08-16 09:19:55|   0.2|  0.0|INFORM|mapping file Line 110: `FACTORY_DEF' `{*}' `RecorderFactory' `FACTORY_NAME' `WorkOrderCreator_<Rejected> Feature Recorder -1 2147680262' `INPUT' `FEATURE_TYPE' `WorkOrderCreator_<Rejected>' `FEATURE_FILE' `{' `/private/var/folders/pt/zfwxh6sj06391fhf65mgn2qm0000gp/T/wb-cache-CreateAWorkOrder_complete-uHEBzT/Main_WorkOrderCreator -1 6 fo 1 _lt_Rejected_gt_  0  dcc0c364347a250047dc7a386cc1eb756ca59da7.ffsupdating' `}' `MODE' `RECORD_PASS_THROUGH' `STORE_SCANNED_SCHEMA' `YES' `NORMALIZE_LIST_ATTRIBUTES_ON_SCHEMA' `YES' `CREATE_SPATIAL_INDEX' `YES' `INSPECTOR' `YES' `RECORD_DIRECTLY_TO_DISK' `YES' `FSC_SCHEMA' `{' `_entity_type,buffer,_address,buffer,_request_params,buffer,_authentication,buffer,_instance,buffer,_wo_template_id,buffer,_error,varchar<openparen>200<closeparen>,fme_rejection_code,buffer,_response_body,varchar<openparen>200<closeparen>,_http_status_code,buffer' `}' `FEAT_TYPE_DISPLAY_NAME' `{' `WorkOrderCreator_<lt>Rejected<gt>' `}' `STORE_SCANNED_METADATA' `PASS_THROUGH_FME_TYPE' `OUTPUT' `RECORDED' `FEATURE_TYPE' `*'
2020-08-16 09:19:55|   0.2|  0.0|INFORM|mapping file Line 111: `FACTORY_DEF' `*' `TeeFactory' `FACTORY_NAME' `WorkOrderCreator_Output Feature Counter -1 12' `INPUT' `FEATURE_TYPE' `WorkOrderCreator_Output' `OUTPUT' `FEATURE_TYPE' `*' `@LogCount(LINK -1 12)'
2020-08-16 09:19:55|   0.2|  0.0|INFORM|mapping file Line 112: `FACTORY_DEF' `*' `TeeFactory' `FACTORY_NAME' `WorkOrderCreator_<Rejected> Feature Counter -1 2147680262' `INPUT' `FEATURE_TYPE' `WorkOrderCreator_<Rejected>' `@LogCount(PORT -1 2147680262)'
2020-08-16 09:19:55|   0.2|  0.0|INFORM|mapping file Line 113: `FACTORY_DEF' `{*}' `TeeFactory' `INPUT' `FEATURE_TYPE' `WorkOrderCreator_Output' `OUTPUT' `{' `FEATURE_TYPE' `HTMLReportGenerator_PROCESSED' `fme_html5_title' `' `fme_html5_config' `TABLE{{STYLE;DEFAULT;TABLE;_work_order_id|Work<space>Order<space>ID/_address|Address' `fme_html5_group_by' `' `fme_html5_xformer_name' `HTMLReportGenerator' `}'
2020-08-16 09:19:55|   0.2|  0.0|INFORM|mapping file Line 114: `FACTORY_DEF' `*' `PythonFactory' `FACTORY_NAME' `HTMLReportGenerator' `INPUT' `FEATURE_TYPE' `HTMLReportGenerator_PROCESSED' `PYTHON_NAMESPACE' `FMEOBJECTS' `SYMBOL_NAME' `reportgenerator.html5assembler.HTML5Assembler' `OUTPUT' `PYOUTPUT' `FEATURE_TYPE' `HTMLReportGenerator_OUTPUT'
2020-08-16 09:19:55|   0.2|  0.0|INFORM|mapping file Line 115: `FACTORY_DEF' `{*}' `RecorderFactory' `FACTORY_NAME' `HTMLReportGenerator_OUTPUT Feature Recorder -1 2147614728' `INPUT' `FEATURE_TYPE' `HTMLReportGenerator_OUTPUT' `FEATURE_FILE' `{' `/private/var/folders/pt/zfwxh6sj06391fhf65mgn2qm0000gp/T/wb-cache-CreateAWorkOrder_complete-uHEBzT/Main_HTMLReportGenerator -1 8 fo 0 OUTPUT  0  d14a31de71635a401b51133a72fcdbf1a411ec3b.ffsupdating' `}' `MODE' `RECORD_PASS_THROUGH' `STORE_SCANNED_SCHEMA' `YES' `NORMALIZE_LIST_ATTRIBUTES_ON_SCHEMA' `YES' `CREATE_SPATIAL_INDEX' `YES' `INSPECTOR' `YES' `RECORD_DIRECTLY_TO_DISK' `YES' `FSC_SCHEMA' `{' `html_content,varchar<openparen>200<closeparen>' `}' `FEAT_TYPE_DISPLAY_NAME' `{' `HTMLReportGenerator_Output' `}' `STORE_SCANNED_METADATA' `PASS_THROUGH_FME_TYPE' `OUTPUT' `RECORDED' `FEATURE_TYPE' `*'
2020-08-16 09:19:55|   0.2|  0.0|INFORM|mapping file Line 116: `FACTORY_DEF' `*' `TeeFactory' `FACTORY_NAME' `HTMLReportGenerator_OUTPUT Feature Counter -1 13' `INPUT' `FEATURE_TYPE' `HTMLReportGenerator_OUTPUT' `OUTPUT' `FEATURE_TYPE' `*' `@LogCount(LINK -1 13)'
2020-08-16 09:19:55|   0.2|  0.0|INFORM|mapping file Line 117: `FACTORY_DEF' `*' `RoutingFactory' `FACTORY_NAME' `Destination Feature Type Routing Correlator' `COMMAND_PARM_EVALUATION' `SINGLE_PASS' `INPUT' `FEATURE_TYPE' `*' `ROUTE' `FME_GENERIC' `HTMLReportGenerator_OUTPUT' `TO' `HTML' `__GO_TO_FINAL_OUTPUT_ROUTER__' `multi_writer_id,0,<at>SupplyAttributes<openparen>ENCODED<comma>__wb_out_feat_type__<comma>HTML<closeparen>' `GEOMETRY' `FEATURE_TYPE_ATTRIBUTE' `__wb_out_feat_type__' `OUTPUT' `ROUTED' `FEATURE_TYPE' `*' `OUTPUT' `NOT_ROUTED' `FEATURE_TYPE' `__nuke_me__' `@Tcl2(FME_StatMessage 818059 [FME_GetAttribute fme_template_feature_type] 818060 818061 fme_warn)'
2020-08-16 09:19:55|   0.2|  0.0|INFORM|mapping file Line 118: `FACTORY_DEF' `*' `TeeFactory' `FACTORY_NAME' `Final Output Nuker' `INPUT' `FEATURE_TYPE' `__nuke_me__'
2020-08-16 09:19:55|   0.2|  0.0|INFORM|mapping file Line 119: `FME_USER_PYTHON' `No'
2020-08-16 09:19:55|   0.2|  0.0|INFORM|mapping file Line 120: `LOG_STANDARDOUT' `YES'
2020-08-16 09:19:55|   0.2|  0.0|INFORM|mapping file Line 121: `LogCountServerName' `{9771fb81-f019-4a51-ab39-b35119dcefc5}'
2020-08-16 09:19:55|   0.2|  0.0|INFORM|mapping file Line 122: `LOG_TIMINGS' `Yes'
2020-08-16 09:19:55|   0.2|  0.0|INFORM|mapping file Line 123: `LOG_ENCODING' `UTF-8'
2020-08-16 09:19:55|   0.2|  0.0|INFORM|mapping file Line 124: `FME_HOME' `/Library/FME/2020.1/'
2020-08-16 09:19:55|   0.2|  0.0|INFORM|mapping file Keyword: `LOG_MAX_RECORDED_FEATURES'              occurs 1 time(s)
2020-08-16 09:19:55|   0.2|  0.0|INFORM|mapping file Keyword: `LOG_FILTER_MASK'                        occurs 1 time(s)
2020-08-16 09:19:55|   0.2|  0.0|INFORM|mapping file Keyword: `XLSXR_1_ALLOW_DOLLAR_SIGNS'             occurs 1 time(s)
2020-08-16 09:19:55|   0.2|  0.0|INFORM|mapping file Keyword: `MULTI_WRITER_KEYWORD{0}'                occurs 1 time(s)
2020-08-16 09:19:55|   0.2|  0.0|INFORM|mapping file Keyword: `MAPPING_FILE_ID'                        occurs 1 time(s)
2020-08-16 09:19:55|   0.2|  0.0|INFORM|mapping file Keyword: `XLSXR_1_CONFIGURATION_DATASET'          occurs 1 time(s)
2020-08-16 09:19:55|   0.2|  0.0|INFORM|mapping file Keyword: `XLSXR_1_FORCE_DATETIME'                 occurs 1 time(s)
2020-08-16 09:19:55|   0.2|  0.0|INFORM|mapping file Keyword: `LOG_FILENAME'                           occurs 1 time(s)
2020-08-16 09:19:55|   0.2|  0.0|INFORM|mapping file Keyword: `GUI'                                    occurs 33 time(s)
2020-08-16 09:19:55|   0.2|  0.0|INFORM|mapping file Keyword: `MULTI_WRITER_DATASET_ORDER'             occurs 1 time(s)
2020-08-16 09:19:55|   0.2|  0.0|INFORM|mapping file Keyword: `MULTI_WRITER_TYPE{0}'                   occurs 1 time(s)
2020-08-16 09:19:55|   0.2|  0.0|INFORM|mapping file Keyword: `FME_STROKE_MAX_DEVIATION'               occurs 1 time(s)
2020-08-16 09:19:55|   0.2|  0.0|INFORM|mapping file Keyword: `XLSXR_1_QUERY_FEATURE_TYPES_FOR_MERGE_FILTERS' occurs 1 time(s)
2020-08-16 09:19:55|   0.2|  0.0|INFORM|mapping file Keyword: `HTML_1_COORDINATE_SYSTEM_GRANULARITY'   occurs 1 time(s)
2020-08-16 09:19:55|   0.2|  0.0|INFORM|mapping file Keyword: `WRITER_TYPE'                            occurs 1 time(s)
2020-08-16 09:19:55|   0.2|  0.0|INFORM|mapping file Keyword: `XLSXR_1_EXPAND_MERGED_CELLS'            occurs 1 time(s)
2020-08-16 09:19:55|   0.2|  0.0|INFORM|mapping file Keyword: `LOG_STANDARDOUT'                        occurs 1 time(s)
2020-08-16 09:19:55|   0.2|  0.0|INFORM|mapping file Keyword: `XLSXR_1_READ_BLANK_AS'                  occurs 1 time(s)
2020-08-16 09:19:55|   0.2|  0.0|INFORM|mapping file Keyword: `LOG_TIMINGS'                            occurs 1 time(s)
2020-08-16 09:19:55|   0.2|  0.0|INFORM|mapping file Keyword: `XLSXR_1_USE_SCHEMA_OTHER_FILES'         occurs 1 time(s)
2020-08-16 09:19:55|   0.2|  0.0|INFORM|mapping file Keyword: `XLSXR_1_EXPOSE_ATTRS_GROUP'             occurs 1 time(s)
2020-08-16 09:19:55|   0.2|  0.0|INFORM|mapping file Keyword: `FME_IMPLICIT_CSMAP_REPROJECTION_MODE'   occurs 1 time(s)
2020-08-16 09:19:55|   0.2|  0.0|INFORM|mapping file Keyword: `MULTI_READER_CONTINUE_ON_READER_FAILURE' occurs 1 time(s)
2020-08-16 09:19:55|   0.2|  0.0|INFORM|mapping file Keyword: `LogCountServerName'                     occurs 1 time(s)
2020-08-16 09:19:55|   0.2|  0.0|INFORM|mapping file Keyword: `MULTI_WRITER_FIRST_WRITER_ID'           occurs 1 time(s)
2020-08-16 09:19:55|   0.2|  0.0|INFORM|mapping file Keyword: `FME_NAMES_UTF8'                         occurs 1 time(s)
2020-08-16 09:19:55|   0.2|  0.0|INFORM|mapping file Keyword: `HTML_1_WRITE_LAST_EOL'                  occurs 1 time(s)
2020-08-16 09:19:55|   0.2|  0.0|INFORM|mapping file Keyword: `HTML_1_GENERATE_FME_BUILD_NUM'          occurs 1 time(s)
2020-08-16 09:19:55|   0.2|  0.0|INFORM|mapping file Keyword: `XLSXR_1_STRIP_SHEETNAME_SPACES'         occurs 1 time(s)
2020-08-16 09:19:55|   0.2|  0.0|INFORM|mapping file Keyword: `FME_GEOMETRY_HANDLING'                  occurs 1 time(s)
2020-08-16 09:19:55|   0.2|  0.0|INFORM|mapping file Keyword: `XLSXR_1_GENERATE_FME_BUILD_NUM'         occurs 1 time(s)
2020-08-16 09:19:55|   0.2|  0.0|INFORM|mapping file Keyword: `FME_DEBUG'                              occurs 1 time(s)
2020-08-16 09:19:55|   0.2|  0.0|INFORM|mapping file Keyword: `XLSXR_1_EXCEL_COL_NAMES'                occurs 1 time(s)
2020-08-16 09:19:55|   0.2|  0.0|INFORM|mapping file Keyword: `HTML_1_DATASET'                         occurs 1 time(s)
2020-08-16 09:19:55|   0.2|  0.0|INFORM|mapping file Keyword: `XLSXR_1_READER_META_ATTRIBUTES'         occurs 1 time(s)
2020-08-16 09:19:55|   0.2|  0.0|INFORM|mapping file Keyword: `LOG_END_BANNER'                         occurs 5 time(s)
2020-08-16 09:19:55|   0.2|  0.0|INFORM|mapping file Keyword: `HTML_1_DESTINATION_DATASETTYPE_VALIDATION' occurs 1 time(s)
2020-08-16 09:19:55|   0.2|  0.0|INFORM|mapping file Keyword: `FME_REPROJECTION_ENGINE'                occurs 1 time(s)
2020-08-16 09:19:55|   0.2|  0.0|INFORM|mapping file Keyword: `HTML_1_ENCODING'                        occurs 1 time(s)
2020-08-16 09:19:55|   0.2|  0.0|INFORM|mapping file Keyword: `FME_USER_PYTHON'                        occurs 1 time(s)
2020-08-16 09:19:55|   0.2|  0.0|INFORM|mapping file Keyword: `XLSXR_1_CASE_SENSITIVE_FEATURE_TYPES'   occurs 1 time(s)
2020-08-16 09:19:55|   0.2|  0.0|INFORM|mapping file Keyword: `HTML_1_END_OF_LINE'                     occurs 1 time(s)
2020-08-16 09:19:55|   0.2|  0.0|INFORM|mapping file Keyword: `FACTORY_DEF'                            occurs 27 time(s)
2020-08-16 09:19:55|   0.2|  0.0|INFORM|mapping file Keyword: `LOG_ENCODING'                           occurs 1 time(s)
2020-08-16 09:19:55|   0.2|  0.0|INFORM|mapping file Keyword: `READER_TYPE'                            occurs 1 time(s)
2020-08-16 09:19:55|   0.2|  0.0|INFORM|mapping file Keyword: `XLSXR_1_DATASET'                        occurs 1 time(s)
2020-08-16 09:19:55|   0.2|  0.0|INFORM|mapping file Keyword: `XLSXR_1_ATTRIBUTE_READING'              occurs 1 time(s)
2020-08-16 09:19:55|   0.2|  0.0|INFORM|mapping file Keyword: `HTML_1_MIME_TYPE'                       occurs 1 time(s)
2020-08-16 09:19:55|   0.2|  0.0|INFORM|mapping file Keyword: `XLSXR_1_KEEP_SCHEMA_SETTINGS'           occurs 1 time(s)
2020-08-16 09:19:55|   0.2|  0.0|INFORM|mapping file Keyword: `XLSXR_1_SCAN_SCHEMA_IF_DYNAMIC'         occurs 1 time(s)
2020-08-16 09:19:55|   0.2|  0.0|INFORM|mapping file Keyword: `FME_HOME'                               occurs 1 time(s)
2020-08-16 09:19:55|   0.2|  0.0|INFORM|mapping file Keyword: `HTML_1_WRITE_UTF8_BOM'                  occurs 1 time(s)
2020-08-16 09:19:55|   0.2|  0.0|INFORM|mapping file Keyword: `FME_PYTHON_VERSION'                     occurs 1 time(s)
2020-08-16 09:19:55|   0.2|  0.0|INFORM|mapping file Keyword: `LOG_APPEND'                             occurs 1 time(s)
2020-08-16 09:19:55|   0.2|  0.0|INFORM|mapping file Keyword: `XLSXR_1_MERGE_DEF'                      occurs 1 time(s)
2020-08-16 09:19:55|   0.2|  0.0|INFORM|mapping file Keyword: `XLSXR_1_NETWORK_AUTHENTICATION'         occurs 1 time(s)
2020-08-16 09:19:55|   0.2|  0.0|INFORM|mapping file Keyword: `MULTI_READER_GEN_DIRECTIVES{0}'         occurs 1 time(s)
2020-08-16 09:19:55|   0.2|  0.0|INFORM|mapping file Keyword: `LOG_MAX_FEATURES'                       occurs 1 time(s)
2020-08-16 09:19:55|   0.2|  0.0|INFORM|mapping file Keyword: `MULTI_READER_KEYWORD{0}'                occurs 1 time(s)
2020-08-16 09:19:55|   0.2|  0.0|INFORM|mapping file Keyword: `XLSXR_1_CREATE_FEATURE_TABLES_FROM_DATA' occurs 1 time(s)
2020-08-16 09:19:55|   0.2|  0.0|INFORM|mapping file Keyword: `Tcl2'                                   occurs 1 time(s)
2020-08-16 09:19:55|   0.2|  0.0|INFORM|mapping file Keyword: `MULTI_READER_TYPE{0}'                   occurs 1 time(s)
2020-08-16 09:19:55|   0.2|  0.0|INFORM|mapping file Keyword: `HTML_1_OVERWRITE_FILE'                  occurs 1 time(s)
2020-08-16 09:19:55|   0.3|  0.0|INFORM|Creating writer for format: 
2020-08-16 09:19:55|   0.3|  0.0|INFORM|Creating reader for format: 
2020-08-16 09:19:55|   0.3|  0.0|INFORM|MULTI_READER(MULTI_READER): Will fail with first member reader failure
2020-08-16 09:19:55|   0.3|  0.0|INFORM|MULTI_READER(MULTI_READER): Adding XLSXR Reader with keyword XLSXR_1
2020-08-16 09:19:55|   0.3|  0.0|INFORM|Using Multi Reader with keyword `MULTI_READER' to read multiple datasets
2020-08-16 09:19:55|   0.3|  0.0|INFORM|Creating reader for format: Microsoft Excel
2020-08-16 09:19:55|   0.3|  0.0|INFORM|Trying to find a DYNAMIC plugin for reader named `XLSXR'
2020-08-16 09:19:55|   0.3|  0.0|INFORM|DYLD_LIBRARY_PATH is '/Library/FME/2020.1/plugins'
2020-08-16 09:19:55|   0.3|  0.0|INFORM|Loaded module 'XLSXR' from file '/Library/FME/2020.1//plugins/xlsx.so'
2020-08-16 09:19:55|   0.3|  0.0|INFORM|FME API version of module 'XLSXR' matches current internal version (3.8 20200115)
2020-08-16 09:19:55|   0.3|  0.0|INFORM|XLSXR reader: Building features into bulk mode features
2020-08-16 09:19:55|   0.3|  0.0|INFORM|Using MultiWriter with keyword `MULTI_WRITER' to output data (ID_ATTRIBUTE is `multi_writer_id')
2020-08-16 09:19:55|   0.3|  0.0|INFORM|Writer output will be ordered by value of multi_writer_id
2020-08-16 09:19:55|   0.3|  0.0|INFORM|Loaded module 'LogCount_func' from file '/Library/FME/2020.1//plugins/logcount_func.so'
2020-08-16 09:19:55|   0.3|  0.0|INFORM|FME API version of module 'LogCount_func' matches current internal version (3.8 20200115)
2020-08-16 09:19:55|   0.3|  0.0|INFORM|Loaded module 'AttributeKeeperFactory' from file '/Library/FME/2020.1//plugins/attributekeeperfactory.so'
2020-08-16 09:19:55|   0.3|  0.0|INFORM|FME API version of module 'AttributeKeeperFactory' matches current internal version (3.8 20200115)
2020-08-16 09:19:55|   0.3|  0.0|INFORM|Loaded module 'HTTPFactory' from file '/Library/FME/2020.1//plugins/httpfactory.so'
2020-08-16 09:19:55|   0.3|  0.0|INFORM|FME API version of module 'HTTPFactory' matches current internal version (3.8 20200115)
2020-08-16 09:19:55|   0.3|  0.0|INFORM|Loaded module 'JSONQueryFactory' from file '/Library/FME/2020.1//plugins/jsonqueryfactory.so'
2020-08-16 09:19:55|   0.3|  0.0|INFORM|FME API version of module 'JSONQueryFactory' matches current internal version (3.8 20200115)
2020-08-16 09:19:55|   0.4|  0.0|INFORM|Loaded module 'PythonFactory' from file '/Library/FME/2020.1//plugins/pythonfactory.so'
2020-08-16 09:19:55|   0.4|  0.0|INFORM|FME API version of module 'PythonFactory' matches current internal version (3.8 20200115)
2020-08-16 09:19:55|   0.4|  0.0|INFORM|The workspace does not contain user Python. FME will attempt to use a Python 3.7+ interpreter
2020-08-16 09:19:55|   0.4|  0.0|INFORM|Using Python interpreter from `/Library/FME/2020.1/fmepython37/lib/libpython3.7m.dylib' with PYTHONHOME `/Library/FME/2020.1/fmepython37'
2020-08-16 09:19:55|   0.4|  0.0|INFORM|Python version 3.7 loaded successfully
2020-08-16 09:19:55|   0.4|  0.1|INFORM|Excel Reader: Output cell formulas: 'false'
2020-08-16 09:19:55|   0.4|  0.0|INFORM|Excel Reader: Output cell formatting: 'false'
2020-08-16 09:19:55|   0.4|  0.0|INFORM|Excel Reader: Output cell comments: 'false'
2020-08-16 09:19:55|   0.4|  0.0|INFORM|Excel Reader: Force full datetime values: 'false'
2020-08-16 09:19:55|   0.4|  0.0|INFORM|Excel Reader: Opening dataset '/Users/Nathan/Documents/Projects/Cityworks Training/Exercise1.2/WorkOrderAddresses.xlsx'...
2020-08-16 09:19:55|   0.4|  0.0|INFORM|Excel Reader: Reading sheet 'WorkOrders'...
2020-08-16 09:19:55|   0.4|  0.0|INFORM|Excel Reader: Sheet 'WorkOrders' range: Start Row '2', Start Column 'A', End Row '9', End Column 'C'
2020-08-16 09:19:55|   0.4|  0.0|INFORM|fme-binary
2020-08-16 09:19:55|   0.4|  0.0|INFORM|... Last line repeated 2 times ...
2020-08-16 09:19:55|   0.4|  0.0|STATS |Storing feature(s) to FME feature store file `/private/var/folders/pt/zfwxh6sj06391fhf65mgn2qm0000gp/T/wb-cache-CreateAWorkOrder_complete-uHEBzT/Main_WorkOrders -1 11 -1  0  5708c31b953641ea379ecc8b79b2f8ef6364be0f.ffsupdating'
2020-08-16 09:19:55|   0.4|  0.0|INFORM|FFS writer: Writing 8 feature(s) to file '/private/var/folders/pt/zfwxh6sj06391fhf65mgn2qm0000gp/T/wb-cache-CreateAWorkOrder_complete-uHEBzT/Main_WorkOrders -1 11 -1  0  5708c31b953641ea379ecc8b79b2f8ef6364be0f.fts'
2020-08-16 09:19:55|   0.5|  0.0|INFORM|WorkOrderCreator_CreateWorkOrder (HTTPFactory): Splitting bulk mode features into features
2020-08-16 09:19:55|   0.5|  0.0|WARN  |Current time: 1597594795 , Expiry time: 0
2020-08-16 09:19:55|   0.5|  0.0|INFORM|WorkOrderCreator_CreateWorkOrder (HTTPFactory): HTTP info:   Trying 44.226.87.139:80...
2020-08-16 09:19:55|   0.5|  0.0|INFORM|WorkOrderCreator_CreateWorkOrder (HTTPFactory): HTTP info: TCP_NODELAY set
2020-08-16 09:19:55|   0.5|  0.0|INFORM|WorkOrderCreator_CreateWorkOrder (HTTPFactory): HTTP info: Connected to ec2-44-226-87-139.us-west-2.compute.amazonaws.com (44.226.87.139) port 80 (#0)
2020-08-16 09:19:55|   0.5|  0.0|INFORM|WorkOrderCreator_CreateWorkOrder (HTTPFactory): HTTP request header: GET /cityworks/Services/AMS/WorkOrder/Create?data=%7B%22EntityType%22%3A%22SCLEANOUTSTRUCTURE%22%2C%22WOTemplateId%22%3A%2210%22%2C%22Address%22%3A%221738%20N%20GEETA%20RD%22%2C%22Priority%22%3A%223%22%7D&token=eyJFbXBsb3llZVNpZCI6OSwiRXhwaXJlcyI6bnVsbCwiSXNzdWVkVGltZSI6MTU5NzUxNDc0MjUyOSwiTG9naW5OYW1lIjoiY3dhZG1pbiIsIlNpZ25hdHVyZSI6ImVMMCt6YytBVWNVcTFtemk0VmpUN0JUS3Z6bHhmQ2FxaWwvbStoT2RrRFU9IiwiVG9rZW4iOiJkRFNGaWZhSmp5dkx6VU9WMmtHUXUzaGovUFZEM0ZyM013bHNxNlBFWGY0PSJ9 HTTP/1.1
Host: ec2-44-226-87-139.us-west-2.compute.amazonaws.com
User-Agent: FME/2020.7.39.20596  libcurl/7.65.2 SecureTransport zlib/1.2.11 libidn2/2.3.0 libssh2/1.9.0 nghttp2/1.38.0
Accept: */*
Accept-Encoding: deflate, gzip
2020-08-16 09:19:58|   0.5|  0.0|INFORM|WorkOrderCreator_CreateWorkOrder (HTTPFactory): HTTP info: Mark bundle as not supporting multiuse
2020-08-16 09:19:58|   0.5|  0.0|INFORM|WorkOrderCreator_CreateWorkOrder (HTTPFactory): HTTP response header: HTTP/1.1 200 OK
2020-08-16 09:19:58|   0.5|  0.0|INFORM|WorkOrderCreator_CreateWorkOrder (HTTPFactory): HTTP response header: Cache-Control: private
2020-08-16 09:19:58|   0.5|  0.0|INFORM|WorkOrderCreator_CreateWorkOrder (HTTPFactory): HTTP response header: Content-Type: application/json; charset=utf-8
2020-08-16 09:19:58|   0.5|  0.0|INFORM|WorkOrderCreator_CreateWorkOrder (HTTPFactory): HTTP response header: Content-Encoding: deflate
2020-08-16 09:19:58|   0.5|  0.0|INFORM|WorkOrderCreator_CreateWorkOrder (HTTPFactory): HTTP response header: Expires: Mon, 26 Jul 1997 05:00:00 GMT
2020-08-16 09:19:58|   0.5|  0.0|INFORM|WorkOrderCreator_CreateWorkOrder (HTTPFactory): HTTP response header: Vary: Content-Encoding
2020-08-16 09:19:58|   0.5|  0.0|INFORM|WorkOrderCreator_CreateWorkOrder (HTTPFactory): HTTP response header: Server: Microsoft-IIS/10.0
2020-08-16 09:19:58|   0.5|  0.0|INFORM|WorkOrderCreator_CreateWorkOrder (HTTPFactory): HTTP response header: Set-Cookie: ASP.NET_SessionId=gicptghd0offh1itkzjmncya; path=/; HttpOnly; SameSite=Lax
2020-08-16 09:19:58|   0.5|  0.0|INFORM|WorkOrderCreator_CreateWorkOrder (HTTPFactory): HTTP response header: X-AspNetMvc-Version: 5.2
2020-08-16 09:19:58|   0.5|  0.0|INFORM|WorkOrderCreator_CreateWorkOrder (HTTPFactory): HTTP response header: X-AspNet-Version: 4.0.30319
2020-08-16 09:19:58|   0.5|  0.0|INFORM|WorkOrderCreator_CreateWorkOrder (HTTPFactory): HTTP response header: X-Powered-By: ASP.NET
2020-08-16 09:19:58|   0.5|  0.0|INFORM|WorkOrderCreator_CreateWorkOrder (HTTPFactory): HTTP response header: Date: Sun, 16 Aug 2020 16:19:58 GMT
2020-08-16 09:19:58|   0.5|  0.0|INFORM|WorkOrderCreator_CreateWorkOrder (HTTPFactory): HTTP response header: Content-Length: 996
2020-08-16 09:19:58|   0.5|  0.0|INFORM|WorkOrderCreator_CreateWorkOrder (HTTPFactory): HTTP response header: 
2020-08-16 09:19:58|   0.5|  0.0|INFORM|WorkOrderCreator_CreateWorkOrder (HTTPFactory): Starting HTTP download from 'ec2-44-226-87-139.us-west-2.compute.amazonaws.com'. Expected transfer size: 996 bytes
2020-08-16 09:19:58|   0.5|  0.0|INFORM|WorkOrderCreator_CreateWorkOrder (HTTPFactory): HTTP Download: received 996 bytes
2020-08-16 09:19:58|   0.5|  0.0|INFORM|WorkOrderCreator_CreateWorkOrder (HTTPFactory): HTTP info: Connection #0 to host ec2-44-226-87-139.us-west-2.compute.amazonaws.com left intact
2020-08-16 09:19:58|   0.5|  0.0|INFORM|WorkOrderCreator_CreateWorkOrder (HTTPFactory): HTTP transfer summary - status code: 200, download size: '996 bytes', DNS lookup time: '0.000588 seconds', total transfer time: '2.475133 seconds', url: 'http://ec2-44-226-87-139.us-west-2.compute.amazonaws.com/cityworks/Services/AMS/WorkOrder/Create?data=%7B%22EntityType%22%3A%22SCLEANOUTSTRUCTURE%22%2C%22WOTemplateId%22%3A%2210%22%2C%22Address%22%3A%221738%20N%20GEETA%20RD%22%2C%22Priority%22%3A%223%22%7D&token=eyJFbXBsb3llZVNpZCI6OSwiRXhwaXJlcyI6bnVsbCwiSXNzdWVkVGltZSI6MTU5NzUxNDc0MjUyOSwiTG9naW5OYW1lIjoiY3dhZG1pbiIsIlNpZ25hdHVyZSI6ImVMMCt6YytBVWNVcTFtemk0VmpUN0JUS3Z6bHhmQ2FxaWwvbStoT2RrRFU9IiwiVG9rZW4iOiJkRFNGaWZhSmp5dkx6VU9WMmtHUXUzaGovUFZEM0ZyM013bHNxNlBFWGY0PSJ9'
2020-08-16 09:19:58|   0.5|  0.0|STATS |Storing feature(s) to FME feature store file `/private/var/folders/pt/zfwxh6sj06391fhf65mgn2qm0000gp/T/wb-cache-CreateAWorkOrder_complete-uHEBzT/Main_WorkOrderCreator -1 6 fo 0 Output  0  46351f974de27bc434fe7dde0aeb8bdcb85a5333.ffsupdating'
2020-08-16 09:19:58|   0.5|  0.0|WARN  |Current time: 1597594798 , Expiry time: 0
2020-08-16 09:19:58|   0.5|  0.0|INFORM|WorkOrderCreator_CreateWorkOrder (HTTPFactory): HTTP info: Found bundle for host ec2-44-226-87-139.us-west-2.compute.amazonaws.com: 0x11bd4c3c0 [serially]
2020-08-16 09:19:58|   0.5|  0.0|INFORM|WorkOrderCreator_CreateWorkOrder (HTTPFactory): HTTP info: Re-using existing connection! (#0) with host ec2-44-226-87-139.us-west-2.compute.amazonaws.com
2020-08-16 09:19:58|   0.5|  0.0|INFORM|WorkOrderCreator_CreateWorkOrder (HTTPFactory): HTTP info: Connected to ec2-44-226-87-139.us-west-2.compute.amazonaws.com (44.226.87.139) port 80 (#0)
2020-08-16 09:19:58|   0.5|  0.0|INFORM|WorkOrderCreator_CreateWorkOrder (HTTPFactory): HTTP request header: GET /cityworks/Services/AMS/WorkOrder/Create?data=%7B%22EntityType%22%3A%22SCLEANOUTSTRUCTURE%22%2C%22WOTemplateId%22%3A%2210%22%2C%22Address%22%3A%221693%20N%20GEETA%20RD%22%2C%22Priority%22%3A%223%22%7D&token=eyJFbXBsb3llZVNpZCI6OSwiRXhwaXJlcyI6bnVsbCwiSXNzdWVkVGltZSI6MTU5NzUxNDc0MjUyOSwiTG9naW5OYW1lIjoiY3dhZG1pbiIsIlNpZ25hdHVyZSI6ImVMMCt6YytBVWNVcTFtemk0VmpUN0JUS3Z6bHhmQ2FxaWwvbStoT2RrRFU9IiwiVG9rZW4iOiJkRFNGaWZhSmp5dkx6VU9WMmtHUXUzaGovUFZEM0ZyM013bHNxNlBFWGY0PSJ9 HTTP/1.1
Host: ec2-44-226-87-139.us-west-2.compute.amazonaws.com
User-Agent: FME/2020.7.39.20596  libcurl/7.65.2 SecureTransport zlib/1.2.11 libidn2/2.3.0 libssh2/1.9.0 nghttp2/1.38.0
Accept: */*
Accept-Encoding: deflate, gzip
2020-08-16 09:19:58|   0.5|  0.0|INFORM|WorkOrderCreator_CreateWorkOrder (HTTPFactory): HTTP info: Mark bundle as not supporting multiuse
2020-08-16 09:19:58|   0.5|  0.0|INFORM|WorkOrderCreator_CreateWorkOrder (HTTPFactory): HTTP response header: HTTP/1.1 200 OK
2020-08-16 09:19:58|   0.5|  0.0|INFORM|WorkOrderCreator_CreateWorkOrder (HTTPFactory): HTTP response header: Cache-Control: private
2020-08-16 09:19:58|   0.5|  0.0|INFORM|WorkOrderCreator_CreateWorkOrder (HTTPFactory): HTTP response header: Content-Type: application/json; charset=utf-8
2020-08-16 09:19:58|   0.5|  0.0|INFORM|WorkOrderCreator_CreateWorkOrder (HTTPFactory): HTTP response header: Content-Encoding: deflate
2020-08-16 09:19:58|   0.5|  0.0|INFORM|WorkOrderCreator_CreateWorkOrder (HTTPFactory): HTTP response header: Expires: Mon, 26 Jul 1997 05:00:00 GMT
2020-08-16 09:19:58|   0.5|  0.0|INFORM|WorkOrderCreator_CreateWorkOrder (HTTPFactory): HTTP response header: Vary: Content-Encoding
2020-08-16 09:19:58|   0.5|  0.0|INFORM|WorkOrderCreator_CreateWorkOrder (HTTPFactory): HTTP response header: Server: Microsoft-IIS/10.0
2020-08-16 09:19:58|   0.5|  0.0|INFORM|WorkOrderCreator_CreateWorkOrder (HTTPFactory): HTTP response header: Set-Cookie: ASP.NET_SessionId=o3tflyb5hfjwtw4cugdos3n4; path=/; HttpOnly; SameSite=Lax
2020-08-16 09:19:58|   0.5|  0.0|INFORM|WorkOrderCreator_CreateWorkOrder (HTTPFactory): HTTP response header: X-AspNetMvc-Version: 5.2
2020-08-16 09:19:58|   0.5|  0.0|INFORM|WorkOrderCreator_CreateWorkOrder (HTTPFactory): HTTP response header: X-AspNet-Version: 4.0.30319
2020-08-16 09:19:58|   0.5|  0.0|INFORM|WorkOrderCreator_CreateWorkOrder (HTTPFactory): HTTP response header: X-Powered-By: ASP.NET
2020-08-16 09:19:58|   0.5|  0.0|INFORM|WorkOrderCreator_CreateWorkOrder (HTTPFactory): HTTP response header: Date: Sun, 16 Aug 2020 16:19:58 GMT
2020-08-16 09:19:58|   0.5|  0.0|INFORM|WorkOrderCreator_CreateWorkOrder (HTTPFactory): HTTP response header: Content-Length: 997
2020-08-16 09:19:58|   0.5|  0.0|INFORM|WorkOrderCreator_CreateWorkOrder (HTTPFactory): HTTP response header: 
2020-08-16 09:19:58|   0.5|  0.0|INFORM|WorkOrderCreator_CreateWorkOrder (HTTPFactory): Starting HTTP download from 'ec2-44-226-87-139.us-west-2.compute.amazonaws.com'. Expected transfer size: 997 bytes
2020-08-16 09:19:58|   0.5|  0.0|INFORM|WorkOrderCreator_CreateWorkOrder (HTTPFactory): HTTP Download: received 997 bytes
2020-08-16 09:19:58|   0.5|  0.0|INFORM|WorkOrderCreator_CreateWorkOrder (HTTPFactory): HTTP info: Connection #0 to host ec2-44-226-87-139.us-west-2.compute.amazonaws.com left intact
2020-08-16 09:19:58|   0.5|  0.0|INFORM|WorkOrderCreator_CreateWorkOrder (HTTPFactory): HTTP transfer summary - status code: 200, download size: '997 bytes', DNS lookup time: '9e-5 seconds', total transfer time: '0.251614 seconds', url: 'http://ec2-44-226-87-139.us-west-2.compute.amazonaws.com/cityworks/Services/AMS/WorkOrder/Create?data=%7B%22EntityType%22%3A%22SCLEANOUTSTRUCTURE%22%2C%22WOTemplateId%22%3A%2210%22%2C%22Address%22%3A%221693%20N%20GEETA%20RD%22%2C%22Priority%22%3A%223%22%7D&token=eyJFbXBsb3llZVNpZCI6OSwiRXhwaXJlcyI6bnVsbCwiSXNzdWVkVGltZSI6MTU5NzUxNDc0MjUyOSwiTG9naW5OYW1lIjoiY3dhZG1pbiIsIlNpZ25hdHVyZSI6ImVMMCt6YytBVWNVcTFtemk0VmpUN0JUS3Z6bHhmQ2FxaWwvbStoT2RrRFU9IiwiVG9rZW4iOiJkRFNGaWZhSmp5dkx6VU9WMmtHUXUzaGovUFZEM0ZyM013bHNxNlBFWGY0PSJ9'
2020-08-16 09:19:58|   0.5|  0.0|WARN  |Current time: 1597594798 , Expiry time: 0
2020-08-16 09:19:58|   0.5|  0.0|INFORM|WorkOrderCreator_CreateWorkOrder (HTTPFactory): HTTP info: Found bundle for host ec2-44-226-87-139.us-west-2.compute.amazonaws.com: 0x11bd4c3c0 [serially]
2020-08-16 09:19:58|   0.5|  0.0|INFORM|WorkOrderCreator_CreateWorkOrder (HTTPFactory): HTTP info: Re-using existing connection! (#0) with host ec2-44-226-87-139.us-west-2.compute.amazonaws.com
2020-08-16 09:19:58|   0.5|  0.0|INFORM|WorkOrderCreator_CreateWorkOrder (HTTPFactory): HTTP info: Connected to ec2-44-226-87-139.us-west-2.compute.amazonaws.com (44.226.87.139) port 80 (#0)
2020-08-16 09:19:58|   0.5|  0.0|INFORM|WorkOrderCreator_CreateWorkOrder (HTTPFactory): HTTP request header: GET /cityworks/Services/AMS/WorkOrder/Create?data=%7B%22EntityType%22%3A%22SCLEANOUTSTRUCTURE%22%2C%22WOTemplateId%22%3A%2210%22%2C%22Address%22%3A%221694%20N%20GEETA%20RD%22%2C%22Priority%22%3A%223%22%7D&token=eyJFbXBsb3llZVNpZCI6OSwiRXhwaXJlcyI6bnVsbCwiSXNzdWVkVGltZSI6MTU5NzUxNDc0MjUyOSwiTG9naW5OYW1lIjoiY3dhZG1pbiIsIlNpZ25hdHVyZSI6ImVMMCt6YytBVWNVcTFtemk0VmpUN0JUS3Z6bHhmQ2FxaWwvbStoT2RrRFU9IiwiVG9rZW4iOiJkRFNGaWZhSmp5dkx6VU9WMmtHUXUzaGovUFZEM0ZyM013bHNxNlBFWGY0PSJ9 HTTP/1.1
Host: ec2-44-226-87-139.us-west-2.compute.amazonaws.com
User-Agent: FME/2020.7.39.20596  libcurl/7.65.2 SecureTransport zlib/1.2.11 libidn2/2.3.0 libssh2/1.9.0 nghttp2/1.38.0
Accept: */*
Accept-Encoding: deflate, gzip
2020-08-16 09:19:58|   0.5|  0.0|INFORM|WorkOrderCreator_CreateWorkOrder (HTTPFactory): HTTP info: Mark bundle as not supporting multiuse
2020-08-16 09:19:58|   0.5|  0.0|INFORM|WorkOrderCreator_CreateWorkOrder (HTTPFactory): HTTP response header: HTTP/1.1 200 OK
2020-08-16 09:19:58|   0.5|  0.0|INFORM|WorkOrderCreator_CreateWorkOrder (HTTPFactory): HTTP response header: Cache-Control: private
2020-08-16 09:19:58|   0.5|  0.0|INFORM|WorkOrderCreator_CreateWorkOrder (HTTPFactory): HTTP response header: Content-Type: application/json; charset=utf-8
2020-08-16 09:19:58|   0.5|  0.0|INFORM|WorkOrderCreator_CreateWorkOrder (HTTPFactory): HTTP response header: Content-Encoding: deflate
2020-08-16 09:19:58|   0.5|  0.0|INFORM|WorkOrderCreator_CreateWorkOrder (HTTPFactory): HTTP response header: Expires: Mon, 26 Jul 1997 05:00:00 GMT
2020-08-16 09:19:58|   0.5|  0.0|INFORM|WorkOrderCreator_CreateWorkOrder (HTTPFactory): HTTP response header: Vary: Content-Encoding
2020-08-16 09:19:58|   0.5|  0.0|INFORM|WorkOrderCreator_CreateWorkOrder (HTTPFactory): HTTP response header: Server: Microsoft-IIS/10.0
2020-08-16 09:19:58|   0.5|  0.0|INFORM|WorkOrderCreator_CreateWorkOrder (HTTPFactory): HTTP response header: Set-Cookie: ASP.NET_SessionId=avc5ahyg1soe4styd3n4qp31; path=/; HttpOnly; SameSite=Lax
2020-08-16 09:19:58|   0.5|  0.0|INFORM|WorkOrderCreator_CreateWorkOrder (HTTPFactory): HTTP response header: X-AspNetMvc-Version: 5.2
2020-08-16 09:19:58|   0.5|  0.0|INFORM|WorkOrderCreator_CreateWorkOrder (HTTPFactory): HTTP response header: X-AspNet-Version: 4.0.30319
2020-08-16 09:19:58|   0.5|  0.0|INFORM|WorkOrderCreator_CreateWorkOrder (HTTPFactory): HTTP response header: X-Powered-By: ASP.NET
2020-08-16 09:19:58|   0.5|  0.0|INFORM|WorkOrderCreator_CreateWorkOrder (HTTPFactory): HTTP response header: Date: Sun, 16 Aug 2020 16:19:58 GMT
2020-08-16 09:19:58|   0.5|  0.0|INFORM|WorkOrderCreator_CreateWorkOrder (HTTPFactory): HTTP response header: Content-Length: 996
2020-08-16 09:19:58|   0.5|  0.0|INFORM|WorkOrderCreator_CreateWorkOrder (HTTPFactory): HTTP response header: 
2020-08-16 09:19:58|   0.5|  0.0|INFORM|WorkOrderCreator_CreateWorkOrder (HTTPFactory): Starting HTTP download from 'ec2-44-226-87-139.us-west-2.compute.amazonaws.com'. Expected transfer size: 996 bytes
2020-08-16 09:19:58|   0.5|  0.0|INFORM|WorkOrderCreator_CreateWorkOrder (HTTPFactory): HTTP Download: received 996 bytes
2020-08-16 09:19:58|   0.5|  0.0|INFORM|WorkOrderCreator_CreateWorkOrder (HTTPFactory): HTTP info: Connection #0 to host ec2-44-226-87-139.us-west-2.compute.amazonaws.com left intact
2020-08-16 09:19:58|   0.5|  0.0|INFORM|WorkOrderCreator_CreateWorkOrder (HTTPFactory): HTTP transfer summary - status code: 200, download size: '996 bytes', DNS lookup time: '6.6e-5 seconds', total transfer time: '0.252729 seconds', url: 'http://ec2-44-226-87-139.us-west-2.compute.amazonaws.com/cityworks/Services/AMS/WorkOrder/Create?data=%7B%22EntityType%22%3A%22SCLEANOUTSTRUCTURE%22%2C%22WOTemplateId%22%3A%2210%22%2C%22Address%22%3A%221694%20N%20GEETA%20RD%22%2C%22Priority%22%3A%223%22%7D&token=eyJFbXBsb3llZVNpZCI6OSwiRXhwaXJlcyI6bnVsbCwiSXNzdWVkVGltZSI6MTU5NzUxNDc0MjUyOSwiTG9naW5OYW1lIjoiY3dhZG1pbiIsIlNpZ25hdHVyZSI6ImVMMCt6YytBVWNVcTFtemk0VmpUN0JUS3Z6bHhmQ2FxaWwvbStoT2RrRFU9IiwiVG9rZW4iOiJkRFNGaWZhSmp5dkx6VU9WMmtHUXUzaGovUFZEM0ZyM013bHNxNlBFWGY0PSJ9'
2020-08-16 09:19:58|   0.5|  0.0|WARN  |Current time: 1597594798 , Expiry time: 0
2020-08-16 09:19:58|   0.5|  0.0|INFORM|WorkOrderCreator_CreateWorkOrder (HTTPFactory): HTTP info: Found bundle for host ec2-44-226-87-139.us-west-2.compute.amazonaws.com: 0x11bd4c3c0 [serially]
2020-08-16 09:19:58|   0.5|  0.0|INFORM|WorkOrderCreator_CreateWorkOrder (HTTPFactory): HTTP info: Re-using existing connection! (#0) with host ec2-44-226-87-139.us-west-2.compute.amazonaws.com
2020-08-16 09:19:58|   0.5|  0.0|INFORM|WorkOrderCreator_CreateWorkOrder (HTTPFactory): HTTP info: Connected to ec2-44-226-87-139.us-west-2.compute.amazonaws.com (44.226.87.139) port 80 (#0)
2020-08-16 09:19:58|   0.5|  0.0|INFORM|WorkOrderCreator_CreateWorkOrder (HTTPFactory): HTTP request header: GET /cityworks/Services/AMS/WorkOrder/Create?data=%7B%22EntityType%22%3A%22SCLEANOUTSTRUCTURE%22%2C%22WOTemplateId%22%3A%2210%22%2C%22Address%22%3A%221740%20GODHANIA%20RD%22%2C%22Priority%22%3A%223%22%7D&token=eyJFbXBsb3llZVNpZCI6OSwiRXhwaXJlcyI6bnVsbCwiSXNzdWVkVGltZSI6MTU5NzUxNDc0MjUyOSwiTG9naW5OYW1lIjoiY3dhZG1pbiIsIlNpZ25hdHVyZSI6ImVMMCt6YytBVWNVcTFtemk0VmpUN0JUS3Z6bHhmQ2FxaWwvbStoT2RrRFU9IiwiVG9rZW4iOiJkRFNGaWZhSmp5dkx6VU9WMmtHUXUzaGovUFZEM0ZyM013bHNxNlBFWGY0PSJ9 HTTP/1.1
Host: ec2-44-226-87-139.us-west-2.compute.amazonaws.com
User-Agent: FME/2020.7.39.20596  libcurl/7.65.2 SecureTransport zlib/1.2.11 libidn2/2.3.0 libssh2/1.9.0 nghttp2/1.38.0
Accept: */*
Accept-Encoding: deflate, gzip
2020-08-16 09:19:59|   0.5|  0.0|INFORM|WorkOrderCreator_CreateWorkOrder (HTTPFactory): HTTP info: Mark bundle as not supporting multiuse
2020-08-16 09:19:59|   0.5|  0.0|INFORM|WorkOrderCreator_CreateWorkOrder (HTTPFactory): HTTP response header: HTTP/1.1 200 OK
2020-08-16 09:19:59|   0.5|  0.0|INFORM|WorkOrderCreator_CreateWorkOrder (HTTPFactory): HTTP response header: Cache-Control: private
2020-08-16 09:19:59|   0.5|  0.0|INFORM|WorkOrderCreator_CreateWorkOrder (HTTPFactory): HTTP response header: Content-Type: application/json; charset=utf-8
2020-08-16 09:19:59|   0.5|  0.0|INFORM|WorkOrderCreator_CreateWorkOrder (HTTPFactory): HTTP response header: Content-Encoding: deflate
2020-08-16 09:19:59|   0.5|  0.0|INFORM|WorkOrderCreator_CreateWorkOrder (HTTPFactory): HTTP response header: Expires: Mon, 26 Jul 1997 05:00:00 GMT
2020-08-16 09:19:59|   0.5|  0.0|INFORM|WorkOrderCreator_CreateWorkOrder (HTTPFactory): HTTP response header: Vary: Content-Encoding
2020-08-16 09:19:59|   0.5|  0.0|INFORM|WorkOrderCreator_CreateWorkOrder (HTTPFactory): HTTP response header: Server: Microsoft-IIS/10.0
2020-08-16 09:19:59|   0.5|  0.0|INFORM|WorkOrderCreator_CreateWorkOrder (HTTPFactory): HTTP response header: Set-Cookie: ASP.NET_SessionId=tgo3ik5uohv0tu3nley1sv2u; path=/; HttpOnly; SameSite=Lax
2020-08-16 09:19:59|   0.5|  0.0|INFORM|WorkOrderCreator_CreateWorkOrder (HTTPFactory): HTTP response header: X-AspNetMvc-Version: 5.2
2020-08-16 09:19:59|   0.5|  0.0|INFORM|WorkOrderCreator_CreateWorkOrder (HTTPFactory): HTTP response header: X-AspNet-Version: 4.0.30319
2020-08-16 09:19:59|   0.5|  0.0|INFORM|WorkOrderCreator_CreateWorkOrder (HTTPFactory): HTTP response header: X-Powered-By: ASP.NET
2020-08-16 09:19:59|   0.5|  0.0|INFORM|WorkOrderCreator_CreateWorkOrder (HTTPFactory): HTTP response header: Date: Sun, 16 Aug 2020 16:19:58 GMT
2020-08-16 09:19:59|   0.5|  0.0|INFORM|WorkOrderCreator_CreateWorkOrder (HTTPFactory): HTTP response header: Content-Length: 998
2020-08-16 09:19:59|   0.5|  0.0|INFORM|WorkOrderCreator_CreateWorkOrder (HTTPFactory): HTTP response header: 
2020-08-16 09:19:59|   0.5|  0.0|INFORM|WorkOrderCreator_CreateWorkOrder (HTTPFactory): Starting HTTP download from 'ec2-44-226-87-139.us-west-2.compute.amazonaws.com'. Expected transfer size: 998 bytes
2020-08-16 09:19:59|   0.5|  0.0|INFORM|WorkOrderCreator_CreateWorkOrder (HTTPFactory): HTTP Download: received 998 bytes
2020-08-16 09:19:59|   0.5|  0.0|INFORM|WorkOrderCreator_CreateWorkOrder (HTTPFactory): HTTP info: Connection #0 to host ec2-44-226-87-139.us-west-2.compute.amazonaws.com left intact
2020-08-16 09:19:59|   0.5|  0.0|INFORM|WorkOrderCreator_CreateWorkOrder (HTTPFactory): HTTP transfer summary - status code: 200, download size: '998 bytes', DNS lookup time: '0.00011 seconds', total transfer time: '0.248697 seconds', url: 'http://ec2-44-226-87-139.us-west-2.compute.amazonaws.com/cityworks/Services/AMS/WorkOrder/Create?data=%7B%22EntityType%22%3A%22SCLEANOUTSTRUCTURE%22%2C%22WOTemplateId%22%3A%2210%22%2C%22Address%22%3A%221740%20GODHANIA%20RD%22%2C%22Priority%22%3A%223%22%7D&token=eyJFbXBsb3llZVNpZCI6OSwiRXhwaXJlcyI6bnVsbCwiSXNzdWVkVGltZSI6MTU5NzUxNDc0MjUyOSwiTG9naW5OYW1lIjoiY3dhZG1pbiIsIlNpZ25hdHVyZSI6ImVMMCt6YytBVWNVcTFtemk0VmpUN0JUS3Z6bHhmQ2FxaWwvbStoT2RrRFU9IiwiVG9rZW4iOiJkRFNGaWZhSmp5dkx6VU9WMmtHUXUzaGovUFZEM0ZyM013bHNxNlBFWGY0PSJ9'
2020-08-16 09:19:59|   0.5|  0.0|WARN  |Current time: 1597594799 , Expiry time: 0
2020-08-16 09:19:59|   0.5|  0.0|INFORM|WorkOrderCreator_CreateWorkOrder (HTTPFactory): HTTP info: Found bundle for host ec2-44-226-87-139.us-west-2.compute.amazonaws.com: 0x11bd4c3c0 [serially]
2020-08-16 09:19:59|   0.5|  0.0|INFORM|WorkOrderCreator_CreateWorkOrder (HTTPFactory): HTTP info: Re-using existing connection! (#0) with host ec2-44-226-87-139.us-west-2.compute.amazonaws.com
2020-08-16 09:19:59|   0.5|  0.0|INFORM|WorkOrderCreator_CreateWorkOrder (HTTPFactory): HTTP info: Connected to ec2-44-226-87-139.us-west-2.compute.amazonaws.com (44.226.87.139) port 80 (#0)
2020-08-16 09:19:59|   0.5|  0.0|INFORM|WorkOrderCreator_CreateWorkOrder (HTTPFactory): HTTP request header: GET /cityworks/Services/AMS/WorkOrder/Create?data=%7B%22EntityType%22%3A%22SCLEANOUTSTRUCTURE%22%2C%22WOTemplateId%22%3A%2210%22%2C%22Address%22%3A%221611%20E%20PEBBLE%20CREEK%20BLVD%22%2C%22Priority%22%3A%223%22%7D&token=eyJFbXBsb3llZVNpZCI6OSwiRXhwaXJlcyI6bnVsbCwiSXNzdWVkVGltZSI6MTU5NzUxNDc0MjUyOSwiTG9naW5OYW1lIjoiY3dhZG1pbiIsIlNpZ25hdHVyZSI6ImVMMCt6YytBVWNVcTFtemk0VmpUN0JUS3Z6bHhmQ2FxaWwvbStoT2RrRFU9IiwiVG9rZW4iOiJkRFNGaWZhSmp5dkx6VU9WMmtHUXUzaGovUFZEM0ZyM013bHNxNlBFWGY0PSJ9 HTTP/1.1
Host: ec2-44-226-87-139.us-west-2.compute.amazonaws.com
User-Agent: FME/2020.7.39.20596  libcurl/7.65.2 SecureTransport zlib/1.2.11 libidn2/2.3.0 libssh2/1.9.0 nghttp2/1.38.0
Accept: */*
Accept-Encoding: deflate, gzip
2020-08-16 09:19:59|   0.5|  0.0|INFORM|WorkOrderCreator_CreateWorkOrder (HTTPFactory): HTTP info: Mark bundle as not supporting multiuse
2020-08-16 09:19:59|   0.5|  0.0|INFORM|WorkOrderCreator_CreateWorkOrder (HTTPFactory): HTTP response header: HTTP/1.1 200 OK
2020-08-16 09:19:59|   0.5|  0.0|INFORM|WorkOrderCreator_CreateWorkOrder (HTTPFactory): HTTP response header: Cache-Control: private
2020-08-16 09:19:59|   0.5|  0.0|INFORM|WorkOrderCreator_CreateWorkOrder (HTTPFactory): HTTP response header: Content-Type: application/json; charset=utf-8
2020-08-16 09:19:59|   0.5|  0.0|INFORM|WorkOrderCreator_CreateWorkOrder (HTTPFactory): HTTP response header: Content-Encoding: deflate
2020-08-16 09:19:59|   0.5|  0.0|INFORM|WorkOrderCreator_CreateWorkOrder (HTTPFactory): HTTP response header: Expires: Mon, 26 Jul 1997 05:00:00 GMT
2020-08-16 09:19:59|   0.5|  0.0|INFORM|WorkOrderCreator_CreateWorkOrder (HTTPFactory): HTTP response header: Vary: Content-Encoding
2020-08-16 09:19:59|   0.5|  0.0|INFORM|WorkOrderCreator_CreateWorkOrder (HTTPFactory): HTTP response header: Server: Microsoft-IIS/10.0
2020-08-16 09:19:59|   0.5|  0.0|INFORM|WorkOrderCreator_CreateWorkOrder (HTTPFactory): HTTP response header: Set-Cookie: ASP.NET_SessionId=ki20dorfjbngwxephsjva1h2; path=/; HttpOnly; SameSite=Lax
2020-08-16 09:19:59|   0.5|  0.0|INFORM|WorkOrderCreator_CreateWorkOrder (HTTPFactory): HTTP response header: X-AspNetMvc-Version: 5.2
2020-08-16 09:19:59|   0.5|  0.0|INFORM|WorkOrderCreator_CreateWorkOrder (HTTPFactory): HTTP response header: X-AspNet-Version: 4.0.30319
2020-08-16 09:19:59|   0.5|  0.0|INFORM|WorkOrderCreator_CreateWorkOrder (HTTPFactory): HTTP response header: X-Powered-By: ASP.NET
2020-08-16 09:19:59|   0.5|  0.0|INFORM|WorkOrderCreator_CreateWorkOrder (HTTPFactory): HTTP response header: Date: Sun, 16 Aug 2020 16:19:59 GMT
2020-08-16 09:19:59|   0.5|  0.0|INFORM|WorkOrderCreator_CreateWorkOrder (HTTPFactory): HTTP response header: Content-Length: 1005
2020-08-16 09:19:59|   0.5|  0.0|INFORM|WorkOrderCreator_CreateWorkOrder (HTTPFactory): HTTP response header: 
2020-08-16 09:19:59|   0.5|  0.0|INFORM|WorkOrderCreator_CreateWorkOrder (HTTPFactory): Starting HTTP download from 'ec2-44-226-87-139.us-west-2.compute.amazonaws.com'. Expected transfer size: 1005 bytes
2020-08-16 09:19:59|   0.5|  0.0|INFORM|WorkOrderCreator_CreateWorkOrder (HTTPFactory): HTTP Download: received 1005 bytes
2020-08-16 09:19:59|   0.5|  0.0|INFORM|WorkOrderCreator_CreateWorkOrder (HTTPFactory): HTTP info: Connection #0 to host ec2-44-226-87-139.us-west-2.compute.amazonaws.com left intact
2020-08-16 09:19:59|   0.5|  0.0|INFORM|WorkOrderCreator_CreateWorkOrder (HTTPFactory): HTTP transfer summary - status code: 200, download size: '1005 bytes', DNS lookup time: '7.7e-5 seconds', total transfer time: '0.24605 seconds', url: 'http://ec2-44-226-87-139.us-west-2.compute.amazonaws.com/cityworks/Services/AMS/WorkOrder/Create?data=%7B%22EntityType%22%3A%22SCLEANOUTSTRUCTURE%22%2C%22WOTemplateId%22%3A%2210%22%2C%22Address%22%3A%221611%20E%20PEBBLE%20CREEK%20BLVD%22%2C%22Priority%22%3A%223%22%7D&token=eyJFbXBsb3llZVNpZCI6OSwiRXhwaXJlcyI6bnVsbCwiSXNzdWVkVGltZSI6MTU5NzUxNDc0MjUyOSwiTG9naW5OYW1lIjoiY3dhZG1pbiIsIlNpZ25hdHVyZSI6ImVMMCt6YytBVWNVcTFtemk0VmpUN0JUS3Z6bHhmQ2FxaWwvbStoT2RrRFU9IiwiVG9rZW4iOiJkRFNGaWZhSmp5dkx6VU9WMmtHUXUzaGovUFZEM0ZyM013bHNxNlBFWGY0PSJ9'
2020-08-16 09:19:59|   0.5|  0.0|WARN  |Current time: 1597594799 , Expiry time: 0
2020-08-16 09:19:59|   0.5|  0.0|INFORM|WorkOrderCreator_CreateWorkOrder (HTTPFactory): HTTP info: Found bundle for host ec2-44-226-87-139.us-west-2.compute.amazonaws.com: 0x11bd4c3c0 [serially]
2020-08-16 09:19:59|   0.5|  0.0|INFORM|WorkOrderCreator_CreateWorkOrder (HTTPFactory): HTTP info: Re-using existing connection! (#0) with host ec2-44-226-87-139.us-west-2.compute.amazonaws.com
2020-08-16 09:19:59|   0.5|  0.0|INFORM|WorkOrderCreator_CreateWorkOrder (HTTPFactory): HTTP info: Connected to ec2-44-226-87-139.us-west-2.compute.amazonaws.com (44.226.87.139) port 80 (#0)
2020-08-16 09:19:59|   0.5|  0.0|INFORM|WorkOrderCreator_CreateWorkOrder (HTTPFactory): HTTP request header: GET /cityworks/Services/AMS/WorkOrder/Create?data=%7B%22EntityType%22%3A%22SCLEANOUTSTRUCTURE%22%2C%22WOTemplateId%22%3A%2210%22%2C%22Address%22%3A%221612%20E%20PEBBLE%20CREEK%20BLVD%22%2C%22Priority%22%3A%223%22%7D&token=eyJFbXBsb3llZVNpZCI6OSwiRXhwaXJlcyI6bnVsbCwiSXNzdWVkVGltZSI6MTU5NzUxNDc0MjUyOSwiTG9naW5OYW1lIjoiY3dhZG1pbiIsIlNpZ25hdHVyZSI6ImVMMCt6YytBVWNVcTFtemk0VmpUN0JUS3Z6bHhmQ2FxaWwvbStoT2RrRFU9IiwiVG9rZW4iOiJkRFNGaWZhSmp5dkx6VU9WMmtHUXUzaGovUFZEM0ZyM013bHNxNlBFWGY0PSJ9 HTTP/1.1
Host: ec2-44-226-87-139.us-west-2.compute.amazonaws.com
User-Agent: FME/2020.7.39.20596  libcurl/7.65.2 SecureTransport zlib/1.2.11 libidn2/2.3.0 libssh2/1.9.0 nghttp2/1.38.0
Accept: */*
Accept-Encoding: deflate, gzip
2020-08-16 09:19:59|   0.5|  0.0|INFORM|WorkOrderCreator_CreateWorkOrder (HTTPFactory): HTTP info: Mark bundle as not supporting multiuse
2020-08-16 09:19:59|   0.5|  0.0|INFORM|WorkOrderCreator_CreateWorkOrder (HTTPFactory): HTTP response header: HTTP/1.1 200 OK
2020-08-16 09:19:59|   0.5|  0.0|INFORM|WorkOrderCreator_CreateWorkOrder (HTTPFactory): HTTP response header: Cache-Control: private
2020-08-16 09:19:59|   0.5|  0.0|INFORM|WorkOrderCreator_CreateWorkOrder (HTTPFactory): HTTP response header: Content-Type: application/json; charset=utf-8
2020-08-16 09:19:59|   0.5|  0.0|INFORM|WorkOrderCreator_CreateWorkOrder (HTTPFactory): HTTP response header: Content-Encoding: deflate
2020-08-16 09:19:59|   0.5|  0.0|INFORM|WorkOrderCreator_CreateWorkOrder (HTTPFactory): HTTP response header: Expires: Mon, 26 Jul 1997 05:00:00 GMT
2020-08-16 09:19:59|   0.5|  0.0|INFORM|WorkOrderCreator_CreateWorkOrder (HTTPFactory): HTTP response header: Vary: Content-Encoding
2020-08-16 09:19:59|   0.5|  0.0|INFORM|WorkOrderCreator_CreateWorkOrder (HTTPFactory): HTTP response header: Server: Microsoft-IIS/10.0
2020-08-16 09:19:59|   0.5|  0.0|INFORM|WorkOrderCreator_CreateWorkOrder (HTTPFactory): HTTP response header: Set-Cookie: ASP.NET_SessionId=2iagdnx2lpw1kt5yibjkdfy2; path=/; HttpOnly; SameSite=Lax
2020-08-16 09:19:59|   0.5|  0.0|INFORM|WorkOrderCreator_CreateWorkOrder (HTTPFactory): HTTP response header: X-AspNetMvc-Version: 5.2
2020-08-16 09:19:59|   0.5|  0.0|INFORM|WorkOrderCreator_CreateWorkOrder (HTTPFactory): HTTP response header: X-AspNet-Version: 4.0.30319
2020-08-16 09:19:59|   0.5|  0.0|INFORM|WorkOrderCreator_CreateWorkOrder (HTTPFactory): HTTP response header: X-Powered-By: ASP.NET
2020-08-16 09:19:59|   0.5|  0.0|INFORM|WorkOrderCreator_CreateWorkOrder (HTTPFactory): HTTP response header: Date: Sun, 16 Aug 2020 16:19:59 GMT
2020-08-16 09:19:59|   0.5|  0.0|INFORM|WorkOrderCreator_CreateWorkOrder (HTTPFactory): HTTP response header: Content-Length: 1005
2020-08-16 09:19:59|   0.5|  0.0|INFORM|WorkOrderCreator_CreateWorkOrder (HTTPFactory): HTTP response header: 
2020-08-16 09:19:59|   0.5|  0.0|INFORM|WorkOrderCreator_CreateWorkOrder (HTTPFactory): Starting HTTP download from 'ec2-44-226-87-139.us-west-2.compute.amazonaws.com'. Expected transfer size: 1005 bytes
2020-08-16 09:19:59|   0.5|  0.0|INFORM|WorkOrderCreator_CreateWorkOrder (HTTPFactory): HTTP Download: received 1005 bytes
2020-08-16 09:19:59|   0.5|  0.0|INFORM|WorkOrderCreator_CreateWorkOrder (HTTPFactory): HTTP info: Connection #0 to host ec2-44-226-87-139.us-west-2.compute.amazonaws.com left intact
2020-08-16 09:19:59|   0.5|  0.0|INFORM|WorkOrderCreator_CreateWorkOrder (HTTPFactory): HTTP transfer summary - status code: 200, download size: '1005 bytes', DNS lookup time: '7.7e-5 seconds', total transfer time: '0.285613 seconds', url: 'http://ec2-44-226-87-139.us-west-2.compute.amazonaws.com/cityworks/Services/AMS/WorkOrder/Create?data=%7B%22EntityType%22%3A%22SCLEANOUTSTRUCTURE%22%2C%22WOTemplateId%22%3A%2210%22%2C%22Address%22%3A%221612%20E%20PEBBLE%20CREEK%20BLVD%22%2C%22Priority%22%3A%223%22%7D&token=eyJFbXBsb3llZVNpZCI6OSwiRXhwaXJlcyI6bnVsbCwiSXNzdWVkVGltZSI6MTU5NzUxNDc0MjUyOSwiTG9naW5OYW1lIjoiY3dhZG1pbiIsIlNpZ25hdHVyZSI6ImVMMCt6YytBVWNVcTFtemk0VmpUN0JUS3Z6bHhmQ2FxaWwvbStoT2RrRFU9IiwiVG9rZW4iOiJkRFNGaWZhSmp5dkx6VU9WMmtHUXUzaGovUFZEM0ZyM013bHNxNlBFWGY0PSJ9'
2020-08-16 09:19:59|   0.5|  0.0|WARN  |Current time: 1597594799 , Expiry time: 0
2020-08-16 09:19:59|   0.5|  0.0|INFORM|WorkOrderCreator_CreateWorkOrder (HTTPFactory): HTTP info: Found bundle for host ec2-44-226-87-139.us-west-2.compute.amazonaws.com: 0x11bd4c3c0 [serially]
2020-08-16 09:19:59|   0.5|  0.0|INFORM|WorkOrderCreator_CreateWorkOrder (HTTPFactory): HTTP info: Re-using existing connection! (#0) with host ec2-44-226-87-139.us-west-2.compute.amazonaws.com
2020-08-16 09:19:59|   0.5|  0.0|INFORM|WorkOrderCreator_CreateWorkOrder (HTTPFactory): HTTP info: Connected to ec2-44-226-87-139.us-west-2.compute.amazonaws.com (44.226.87.139) port 80 (#0)
2020-08-16 09:19:59|   0.5|  0.0|INFORM|WorkOrderCreator_CreateWorkOrder (HTTPFactory): HTTP request header: GET /cityworks/Services/AMS/WorkOrder/Create?data=%7B%22EntityType%22%3A%22SCLEANOUTSTRUCTURE%22%2C%22WOTemplateId%22%3A%2210%22%2C%22Address%22%3A%221613%20E%20PEBBLE%20CREEK%20BLVD%22%2C%22Priority%22%3A%223%22%7D&token=eyJFbXBsb3llZVNpZCI6OSwiRXhwaXJlcyI6bnVsbCwiSXNzdWVkVGltZSI6MTU5NzUxNDc0MjUyOSwiTG9naW5OYW1lIjoiY3dhZG1pbiIsIlNpZ25hdHVyZSI6ImVMMCt6YytBVWNVcTFtemk0VmpUN0JUS3Z6bHhmQ2FxaWwvbStoT2RrRFU9IiwiVG9rZW4iOiJkRFNGaWZhSmp5dkx6VU9WMmtHUXUzaGovUFZEM0ZyM013bHNxNlBFWGY0PSJ9 HTTP/1.1
Host: ec2-44-226-87-139.us-west-2.compute.amazonaws.com
User-Agent: FME/2020.7.39.20596  libcurl/7.65.2 SecureTransport zlib/1.2.11 libidn2/2.3.0 libssh2/1.9.0 nghttp2/1.38.0
Accept: */*
Accept-Encoding: deflate, gzip
2020-08-16 09:19:59|   0.5|  0.0|INFORM|WorkOrderCreator_CreateWorkOrder (HTTPFactory): HTTP info: Mark bundle as not supporting multiuse
2020-08-16 09:19:59|   0.5|  0.0|INFORM|WorkOrderCreator_CreateWorkOrder (HTTPFactory): HTTP response header: HTTP/1.1 200 OK
2020-08-16 09:19:59|   0.5|  0.0|INFORM|WorkOrderCreator_CreateWorkOrder (HTTPFactory): HTTP response header: Cache-Control: private
2020-08-16 09:19:59|   0.5|  0.0|INFORM|WorkOrderCreator_CreateWorkOrder (HTTPFactory): HTTP response header: Content-Type: application/json; charset=utf-8
2020-08-16 09:19:59|   0.5|  0.0|INFORM|WorkOrderCreator_CreateWorkOrder (HTTPFactory): HTTP response header: Content-Encoding: deflate
2020-08-16 09:19:59|   0.5|  0.0|INFORM|WorkOrderCreator_CreateWorkOrder (HTTPFactory): HTTP response header: Expires: Mon, 26 Jul 1997 05:00:00 GMT
2020-08-16 09:19:59|   0.5|  0.0|INFORM|WorkOrderCreator_CreateWorkOrder (HTTPFactory): HTTP response header: Vary: Content-Encoding
2020-08-16 09:19:59|   0.5|  0.0|INFORM|WorkOrderCreator_CreateWorkOrder (HTTPFactory): HTTP response header: Server: Microsoft-IIS/10.0
2020-08-16 09:19:59|   0.5|  0.0|INFORM|WorkOrderCreator_CreateWorkOrder (HTTPFactory): HTTP response header: Set-Cookie: ASP.NET_SessionId=3f2nsmn0q4qpb51ef5n0zaz0; path=/; HttpOnly; SameSite=Lax
2020-08-16 09:19:59|   0.5|  0.0|INFORM|WorkOrderCreator_CreateWorkOrder (HTTPFactory): HTTP response header: X-AspNetMvc-Version: 5.2
2020-08-16 09:19:59|   0.5|  0.0|INFORM|WorkOrderCreator_CreateWorkOrder (HTTPFactory): HTTP response header: X-AspNet-Version: 4.0.30319
2020-08-16 09:19:59|   0.5|  0.0|INFORM|WorkOrderCreator_CreateWorkOrder (HTTPFactory): HTTP response header: X-Powered-By: ASP.NET
2020-08-16 09:19:59|   0.5|  0.0|INFORM|WorkOrderCreator_CreateWorkOrder (HTTPFactory): HTTP response header: Date: Sun, 16 Aug 2020 16:19:59 GMT
2020-08-16 09:19:59|   0.5|  0.0|INFORM|WorkOrderCreator_CreateWorkOrder (HTTPFactory): HTTP response header: Content-Length: 1005
2020-08-16 09:19:59|   0.5|  0.0|INFORM|WorkOrderCreator_CreateWorkOrder (HTTPFactory): HTTP response header: 
2020-08-16 09:19:59|   0.5|  0.0|INFORM|WorkOrderCreator_CreateWorkOrder (HTTPFactory): Starting HTTP download from 'ec2-44-226-87-139.us-west-2.compute.amazonaws.com'. Expected transfer size: 1005 bytes
2020-08-16 09:19:59|   0.5|  0.0|INFORM|WorkOrderCreator_CreateWorkOrder (HTTPFactory): HTTP Download: received 1005 bytes
2020-08-16 09:19:59|   0.5|  0.0|INFORM|WorkOrderCreator_CreateWorkOrder (HTTPFactory): HTTP info: Connection #0 to host ec2-44-226-87-139.us-west-2.compute.amazonaws.com left intact
2020-08-16 09:19:59|   0.5|  0.0|INFORM|WorkOrderCreator_CreateWorkOrder (HTTPFactory): HTTP transfer summary - status code: 200, download size: '1005 bytes', DNS lookup time: '5.7e-5 seconds', total transfer time: '0.248227 seconds', url: 'http://ec2-44-226-87-139.us-west-2.compute.amazonaws.com/cityworks/Services/AMS/WorkOrder/Create?data=%7B%22EntityType%22%3A%22SCLEANOUTSTRUCTURE%22%2C%22WOTemplateId%22%3A%2210%22%2C%22Address%22%3A%221613%20E%20PEBBLE%20CREEK%20BLVD%22%2C%22Priority%22%3A%223%22%7D&token=eyJFbXBsb3llZVNpZCI6OSwiRXhwaXJlcyI6bnVsbCwiSXNzdWVkVGltZSI6MTU5NzUxNDc0MjUyOSwiTG9naW5OYW1lIjoiY3dhZG1pbiIsIlNpZ25hdHVyZSI6ImVMMCt6YytBVWNVcTFtemk0VmpUN0JUS3Z6bHhmQ2FxaWwvbStoT2RrRFU9IiwiVG9rZW4iOiJkRFNGaWZhSmp5dkx6VU9WMmtHUXUzaGovUFZEM0ZyM013bHNxNlBFWGY0PSJ9'
2020-08-16 09:19:59|   0.5|  0.0|WARN  |Current time: 1597594799 , Expiry time: 0
2020-08-16 09:19:59|   0.5|  0.0|INFORM|WorkOrderCreator_CreateWorkOrder (HTTPFactory): HTTP info: Found bundle for host ec2-44-226-87-139.us-west-2.compute.amazonaws.com: 0x11bd4c3c0 [serially]
2020-08-16 09:19:59|   0.5|  0.0|INFORM|WorkOrderCreator_CreateWorkOrder (HTTPFactory): HTTP info: Re-using existing connection! (#0) with host ec2-44-226-87-139.us-west-2.compute.amazonaws.com
2020-08-16 09:19:59|   0.5|  0.0|INFORM|WorkOrderCreator_CreateWorkOrder (HTTPFactory): HTTP info: Connected to ec2-44-226-87-139.us-west-2.compute.amazonaws.com (44.226.87.139) port 80 (#0)
2020-08-16 09:19:59|   0.5|  0.0|INFORM|WorkOrderCreator_CreateWorkOrder (HTTPFactory): HTTP request header: GET /cityworks/Services/AMS/WorkOrder/Create?data=%7B%22EntityType%22%3A%22SCLEANOUTSTRUCTURE%22%2C%22WOTemplateId%22%3A%2210%22%2C%22Address%22%3A%221614%20E%20PEBBLE%20CREEK%20BLVD%22%2C%22Priority%22%3A%223%22%7D&token=eyJFbXBsb3llZVNpZCI6OSwiRXhwaXJlcyI6bnVsbCwiSXNzdWVkVGltZSI6MTU5NzUxNDc0MjUyOSwiTG9naW5OYW1lIjoiY3dhZG1pbiIsIlNpZ25hdHVyZSI6ImVMMCt6YytBVWNVcTFtemk0VmpUN0JUS3Z6bHhmQ2FxaWwvbStoT2RrRFU9IiwiVG9rZW4iOiJkRFNGaWZhSmp5dkx6VU9WMmtHUXUzaGovUFZEM0ZyM013bHNxNlBFWGY0PSJ9 HTTP/1.1
Host: ec2-44-226-87-139.us-west-2.compute.amazonaws.com
User-Agent: FME/2020.7.39.20596  libcurl/7.65.2 SecureTransport zlib/1.2.11 libidn2/2.3.0 libssh2/1.9.0 nghttp2/1.38.0
Accept: */*
Accept-Encoding: deflate, gzip
2020-08-16 09:20:00|   0.5|  0.0|INFORM|WorkOrderCreator_CreateWorkOrder (HTTPFactory): HTTP info: Mark bundle as not supporting multiuse
2020-08-16 09:20:00|   0.5|  0.0|INFORM|WorkOrderCreator_CreateWorkOrder (HTTPFactory): HTTP response header: HTTP/1.1 200 OK
2020-08-16 09:20:00|   0.5|  0.0|INFORM|WorkOrderCreator_CreateWorkOrder (HTTPFactory): HTTP response header: Cache-Control: private
2020-08-16 09:20:00|   0.5|  0.0|INFORM|WorkOrderCreator_CreateWorkOrder (HTTPFactory): HTTP response header: Content-Type: application/json; charset=utf-8
2020-08-16 09:20:00|   0.5|  0.0|INFORM|WorkOrderCreator_CreateWorkOrder (HTTPFactory): HTTP response header: Content-Encoding: deflate
2020-08-16 09:20:00|   0.5|  0.0|INFORM|WorkOrderCreator_CreateWorkOrder (HTTPFactory): HTTP response header: Expires: Mon, 26 Jul 1997 05:00:00 GMT
2020-08-16 09:20:00|   0.5|  0.0|INFORM|WorkOrderCreator_CreateWorkOrder (HTTPFactory): HTTP response header: Vary: Content-Encoding
2020-08-16 09:20:00|   0.5|  0.0|INFORM|WorkOrderCreator_CreateWorkOrder (HTTPFactory): HTTP response header: Server: Microsoft-IIS/10.0
2020-08-16 09:20:00|   0.5|  0.0|INFORM|WorkOrderCreator_CreateWorkOrder (HTTPFactory): HTTP response header: Set-Cookie: ASP.NET_SessionId=x1t2ibe3v35vjkwqsbmxypkb; path=/; HttpOnly; SameSite=Lax
2020-08-16 09:20:00|   0.5|  0.0|INFORM|WorkOrderCreator_CreateWorkOrder (HTTPFactory): HTTP response header: X-AspNetMvc-Version: 5.2
2020-08-16 09:20:00|   0.5|  0.0|INFORM|WorkOrderCreator_CreateWorkOrder (HTTPFactory): HTTP response header: X-AspNet-Version: 4.0.30319
2020-08-16 09:20:00|   0.5|  0.0|INFORM|WorkOrderCreator_CreateWorkOrder (HTTPFactory): HTTP response header: X-Powered-By: ASP.NET
2020-08-16 09:20:00|   0.5|  0.0|INFORM|WorkOrderCreator_CreateWorkOrder (HTTPFactory): HTTP response header: Date: Sun, 16 Aug 2020 16:19:59 GMT
2020-08-16 09:20:00|   0.5|  0.0|INFORM|WorkOrderCreator_CreateWorkOrder (HTTPFactory): HTTP response header: Content-Length: 1004
2020-08-16 09:20:00|   0.5|  0.0|INFORM|WorkOrderCreator_CreateWorkOrder (HTTPFactory): HTTP response header: 
2020-08-16 09:20:00|   0.5|  0.0|INFORM|WorkOrderCreator_CreateWorkOrder (HTTPFactory): Starting HTTP download from 'ec2-44-226-87-139.us-west-2.compute.amazonaws.com'. Expected transfer size: 1004 bytes
2020-08-16 09:20:00|   0.5|  0.0|INFORM|WorkOrderCreator_CreateWorkOrder (HTTPFactory): HTTP Download: received 1004 bytes
2020-08-16 09:20:00|   0.5|  0.0|INFORM|WorkOrderCreator_CreateWorkOrder (HTTPFactory): HTTP info: Connection #0 to host ec2-44-226-87-139.us-west-2.compute.amazonaws.com left intact
2020-08-16 09:20:00|   0.5|  0.0|INFORM|WorkOrderCreator_CreateWorkOrder (HTTPFactory): HTTP transfer summary - status code: 200, download size: '1004 bytes', DNS lookup time: '7.7e-5 seconds', total transfer time: '0.251199 seconds', url: 'http://ec2-44-226-87-139.us-west-2.compute.amazonaws.com/cityworks/Services/AMS/WorkOrder/Create?data=%7B%22EntityType%22%3A%22SCLEANOUTSTRUCTURE%22%2C%22WOTemplateId%22%3A%2210%22%2C%22Address%22%3A%221614%20E%20PEBBLE%20CREEK%20BLVD%22%2C%22Priority%22%3A%223%22%7D&token=eyJFbXBsb3llZVNpZCI6OSwiRXhwaXJlcyI6bnVsbCwiSXNzdWVkVGltZSI6MTU5NzUxNDc0MjUyOSwiTG9naW5OYW1lIjoiY3dhZG1pbiIsIlNpZ25hdHVyZSI6ImVMMCt6YytBVWNVcTFtemk0VmpUN0JUS3Z6bHhmQ2FxaWwvbStoT2RrRFU9IiwiVG9rZW4iOiJkRFNGaWZhSmp5dkx6VU9WMmtHUXUzaGovUFZEM0ZyM013bHNxNlBFWGY0PSJ9'
2020-08-16 09:20:00|   0.5|  0.0|INFORM|WorkOrderCreator_CreateWorkOrder (HTTPFactory): Processed 8 of 8 features
2020-08-16 09:20:00|   0.5|  0.0|INFORM|Excel Reader: Closing dataset '/Users/Nathan/Documents/Projects/Cityworks Training/Exercise1.2/WorkOrderAddresses.xlsx'...
2020-08-16 09:20:00|   0.5|  0.0|INFORM|Styles created: 1
2020-08-16 09:20:00|   0.5|  0.0|WARN  |Resetting reader parameters
2020-08-16 09:20:00|   0.5|  0.0|INFORM|Excel Reader: Closing dataset '/Users/Nathan/Documents/Projects/Cityworks Training/Exercise1.2/WorkOrderAddresses.xlsx'...
2020-08-16 09:20:00|   0.5|  0.0|WARN  |Resetting reader parameters
2020-08-16 09:20:00|   0.6|  0.0|INFORM|MULTI_READER(MULTI_READER): Done reading 8 features from 1 readers
2020-08-16 09:20:00|   0.6|  0.0|INFORM|Emptying factory pipeline
2020-08-16 09:20:00|   0.6|  0.0|STATS |Router and Unexpected Input Remover (RoutingFactory): Tested 8 input feature(s), wrote 8 output feature(s): 8 matched merge filters, 8 were routed to output, 0 could not be routed.
2020-08-16 09:20:00|   0.6|  0.0|STATS |Unexpected Input Remover Nuker (TeeFactory): Cloned 0 input feature(s) into 0 output feature(s)
2020-08-16 09:20:00|   0.6|  0.0|STATS |WorkOrders_XLSXR_1 Splitter (TeeFactory): Cloned 8 input feature(s) into 8 output feature(s)
2020-08-16 09:20:00|   0.6|  0.0|STATS |WorkOrders_XLSXR_1 Feature Counter -1 10 (TeeFactory): Cloned 8 input feature(s) into 8 output feature(s)
2020-08-16 09:20:00|   0.6|  0.0|STATS |WorkOrderCreator Input Input Collector (TeeFactory): Cloned 8 input feature(s) into 8 output feature(s)
2020-08-16 09:20:00|   0.6|  0.0|STATS |WorkOrderCreator_Input1597594387 Input Splitter (TeeFactory): Cloned 8 input feature(s) into 8 output feature(s)
2020-08-16 09:20:00|   0.6|  0.0|STATS |WorkOrderCreator_ParameterFetcher (TeeFactory): Cloned 8 input feature(s) into 8 output feature(s)
2020-08-16 09:20:00|   0.6|  0.0|STATS |WorkOrderCreator_JSONExtractor <REJECTED> Transformer Output Nuker (TeeFactory): Cloned 0 input feature(s) into 0 output feature(s)
2020-08-16 09:20:00|   0.6|  0.0|STATS |WorkOrderCreator_Output1597594387 Output Collector (TeeFactory): Cloned 8 input feature(s) into 8 output feature(s)
2020-08-16 09:20:00|   0.6|  0.0|STATS |WorkOrderCreator_<Rejected>1597594387 Output Collector (TeeFactory): Cloned 0 input feature(s) into 0 output feature(s)
2020-08-16 09:20:00|   0.6|  0.0|STATS |WorkOrderCreator Output Output Renamer/Nuker (TeeFactory): Cloned 8 input feature(s) into 8 output feature(s)
2020-08-16 09:20:00|   0.6|  0.0|STATS |WorkOrderCreator <Rejected> Output Renamer/Nuker (TeeFactory): Cloned 0 input feature(s) into 0 output feature(s)
2020-08-16 09:20:00|   0.6|  0.0|STATS |WorkOrderCreator_Output Feature Counter -1 12 (TeeFactory): Cloned 8 input feature(s) into 8 output feature(s)
2020-08-16 09:20:00|   0.6|  0.0|STATS |WorkOrderCreator_<Rejected> Feature Counter -1 2147680262 (TeeFactory): Cloned 0 input feature(s) into 0 output feature(s)
2020-08-16 09:20:00|   0.6|  0.0|STATS |f_21 (TeeFactory): Cloned 8 input feature(s) into 8 output feature(s)
2020-08-16 09:20:00|   0.6|  0.0|STATS |Storing feature(s) to FME feature store file `/private/var/folders/pt/zfwxh6sj06391fhf65mgn2qm0000gp/T/wb-cache-CreateAWorkOrder_complete-uHEBzT/Main_HTMLReportGenerator -1 8 fo 0 OUTPUT  0  d14a31de71635a401b51133a72fcdbf1a411ec3b.ffsupdating'
2020-08-16 09:20:00|   0.6|  0.0|INFORM|Creating writer for format: HTML
2020-08-16 09:20:00|   0.6|  0.0|INFORM|Trying to find a DYNAMIC plugin for writer named `HTML'
2020-08-16 09:20:00|   0.6|  0.0|INFORM|Loaded module 'HTML' from file '/Library/FME/2020.1//plugins/textline.so'
2020-08-16 09:20:00|   0.6|  0.0|INFORM|FME API version of module 'HTML' matches current internal version (3.8 20200115)
2020-08-16 09:20:00|   0.6|  0.0|INFORM|FME Configuration: No destination coordinate system set
2020-08-16 09:20:00|   0.6|  0.0|INFORM|FME API version of module 'HTML' matches current internal version (3.8 20200115)
2020-08-16 09:20:00|   0.6|  0.0|INFORM|Writer `HTML_1' of type `HTML' using group definition keyword `HTML_DEF'
2020-08-16 09:20:00|   0.6|  0.0|INFORM|FME API version of module 'HTML' matches current internal version (3.8 20200115)
2020-08-16 09:20:00|   0.6|  0.0|INFORM|HTML File Writer: Opening the file '/Users/Nathan/Documents/Projects/Cityworks Training/Exercise1.2/WorkOrders.html\'
2020-08-16 09:20:00|   0.6|  0.0|INFORM|HTML File Writer: Line Termination: Unix
2020-08-16 09:20:00|   0.6|  0.0|INFORM|HTML File Writer: Write the final line termination character: yes
2020-08-16 09:20:00|   0.6|  0.0|INFORM|HTML File Writer: Character Encoding: 'UTF-8'
2020-08-16 09:20:00|   0.6|  0.0|INFORM|HTML File Writer: Write UTF-8 Byte Order Mark: yes
2020-08-16 09:20:00|   0.6|  0.0|STATS |Stored 1 feature(s) to FME feature store file `/private/var/folders/pt/zfwxh6sj06391fhf65mgn2qm0000gp/T/wb-cache-CreateAWorkOrder_complete-uHEBzT/Main_HTMLReportGenerator -1 8 fo 0 OUTPUT  0  d14a31de71635a401b51133a72fcdbf1a411ec3b.ffsupdating'
2020-08-16 09:20:00|   0.6|  0.0|INFORM|Saving spatial index into file '/private/var/folders/pt/zfwxh6sj06391fhf65mgn2qm0000gp/T/wb-cache-CreateAWorkOrder_complete-uHEBzT/Main_HTMLReportGenerator -1 8 fo 0 OUTPUT  0  d14a31de71635a401b51133a72fcdbf1a411ec3b.fsi'
2020-08-16 09:20:00|   0.6|  0.0|INFORM|Finished saving spatial index into file '/private/var/folders/pt/zfwxh6sj06391fhf65mgn2qm0000gp/T/wb-cache-CreateAWorkOrder_complete-uHEBzT/Main_HTMLReportGenerator -1 8 fo 0 OUTPUT  0  d14a31de71635a401b51133a72fcdbf1a411ec3b.fsi'
2020-08-16 09:20:00|   0.6|  0.0|STATS |Stored 8 feature(s) to FME feature store file `/private/var/folders/pt/zfwxh6sj06391fhf65mgn2qm0000gp/T/wb-cache-CreateAWorkOrder_complete-uHEBzT/Main_WorkOrderCreator -1 6 fo 0 Output  0  46351f974de27bc434fe7dde0aeb8bdcb85a5333.ffsupdating'
2020-08-16 09:20:00|   0.6|  0.0|INFORM|Saving spatial index into file '/private/var/folders/pt/zfwxh6sj06391fhf65mgn2qm0000gp/T/wb-cache-CreateAWorkOrder_complete-uHEBzT/Main_WorkOrderCreator -1 6 fo 0 Output  0  46351f974de27bc434fe7dde0aeb8bdcb85a5333.fsi'
2020-08-16 09:20:00|   0.6|  0.0|INFORM|Finished saving spatial index into file '/private/var/folders/pt/zfwxh6sj06391fhf65mgn2qm0000gp/T/wb-cache-CreateAWorkOrder_complete-uHEBzT/Main_WorkOrderCreator -1 6 fo 0 Output  0  46351f974de27bc434fe7dde0aeb8bdcb85a5333.fsi'
2020-08-16 09:20:00|   0.6|  0.0|STATS |Stored 1 feature(s) to FME feature store file `/private/var/folders/pt/zfwxh6sj06391fhf65mgn2qm0000gp/T/wb-cache-CreateAWorkOrder_complete-uHEBzT/Main_WorkOrders -1 11 -1  0  5708c31b953641ea379ecc8b79b2f8ef6364be0f.ffsupdating'
2020-08-16 09:20:00|   0.6|  0.0|INFORM|Saving spatial index into file '/private/var/folders/pt/zfwxh6sj06391fhf65mgn2qm0000gp/T/wb-cache-CreateAWorkOrder_complete-uHEBzT/Main_WorkOrders -1 11 -1  0  5708c31b953641ea379ecc8b79b2f8ef6364be0f.fsi'
2020-08-16 09:20:00|   0.6|  0.0|INFORM|Finished saving spatial index into file '/private/var/folders/pt/zfwxh6sj06391fhf65mgn2qm0000gp/T/wb-cache-CreateAWorkOrder_complete-uHEBzT/Main_WorkOrders -1 11 -1  0  5708c31b953641ea379ecc8b79b2f8ef6364be0f.fsi'
2020-08-16 09:20:00|   0.6|  0.0|STATS |HTMLReportGenerator_OUTPUT Feature Counter -1 13 (TeeFactory): Cloned 1 input feature(s) into 1 output feature(s)
2020-08-16 09:20:00|   0.6|  0.0|STATS |Destination Feature Type Routing Correlator (RoutingFactory): Tested 1 input feature(s), wrote 1 output feature(s): 0 matched merge filters, 1 were routed to output, 0 could not be routed.
2020-08-16 09:20:00|   0.6|  0.0|STATS |Final Output Nuker (TeeFactory): Cloned 0 input feature(s) into 0 output feature(s)
2020-08-16 09:20:00|   0.6|  0.0|INFORM|HTML File Writer: Closing the file '/Users/Nathan/Documents/Projects/Cityworks Training/Exercise1.2/WorkOrders.html'
2020-08-16 09:20:00|   0.6|  0.0|INFORM|=-=-=-=-=-=-=-=-=-=-=-=-=-=-=-=-=-=-=-=-=-=-=-=-=-=-=-=-=-=-=-=-=-=-=-=-=-=-=-
2020-08-16 09:20:00|   0.6|  0.0|INFORM|Feature output statistics for `HTML' writer using keyword `HTML_1':
2020-08-16 09:20:00|   0.6|  0.0|STATS |=-=-=-=-=-=-=-=-=-=-=-=-=-=-=-=-=-=-=-=-=-=-=-=-=-=-=-=-=-=-=-=-=-=-=-=-=-=-=-
2020-08-16 09:20:00|   0.6|  0.0|STATS |                               Features Written
2020-08-16 09:20:00|   0.6|  0.0|STATS |=-=-=-=-=-=-=-=-=-=-=-=-=-=-=-=-=-=-=-=-=-=-=-=-=-=-=-=-=-=-=-=-=-=-=-=-=-=-=-
2020-08-16 09:20:00|   0.6|  0.0|STATS |HTML                                                                         1
2020-08-16 09:20:00|   0.6|  0.0|STATS |==============================================================================
2020-08-16 09:20:00|   0.6|  0.0|STATS |Total Features Written                                                       1
2020-08-16 09:20:00|   0.6|  0.0|STATS |=-=-=-=-=-=-=-=-=-=-=-=-=-=-=-=-=-=-=-=-=-=-=-=-=-=-=-=-=-=-=-=-=-=-=-=-=-=-=-
2020-08-16 09:20:00|   0.6|  0.0|STATS |=-=-=-=-=-=-=-=-=-=-=-=-=-=-=-=-=-=-=-=-=-=-=-=-=-=-=-=-=-=-=-=-=-=-=-=-=-=-=-
2020-08-16 09:20:00|   0.6|  0.0|STATS |                            Features Read Summary
2020-08-16 09:20:00|   0.6|  0.0|STATS |=-=-=-=-=-=-=-=-=-=-=-=-=-=-=-=-=-=-=-=-=-=-=-=-=-=-=-=-=-=-=-=-=-=-=-=-=-=-=-
2020-08-16 09:20:00|   0.6|  0.0|STATS |WorkOrders                                                                   8
2020-08-16 09:20:00|   0.6|  0.0|STATS |==============================================================================
2020-08-16 09:20:00|   0.6|  0.0|STATS |Total Features Read                                                          8
2020-08-16 09:20:00|   0.6|  0.0|STATS |=-=-=-=-=-=-=-=-=-=-=-=-=-=-=-=-=-=-=-=-=-=-=-=-=-=-=-=-=-=-=-=-=-=-=-=-=-=-=-
2020-08-16 09:20:00|   0.6|  0.0|STATS |=-=-=-=-=-=-=-=-=-=-=-=-=-=-=-=-=-=-=-=-=-=-=-=-=-=-=-=-=-=-=-=-=-=-=-=-=-=-=-
2020-08-16 09:20:00|   0.6|  0.0|STATS |                           Features Written Summary
2020-08-16 09:20:00|   0.6|  0.0|STATS |=-=-=-=-=-=-=-=-=-=-=-=-=-=-=-=-=-=-=-=-=-=-=-=-=-=-=-=-=-=-=-=-=-=-=-=-=-=-=-
2020-08-16 09:20:00|   0.6|  0.0|STATS |HTML                                                                         1
2020-08-16 09:20:00|   0.6|  0.0|STATS |==============================================================================
2020-08-16 09:20:00|   0.6|  0.0|STATS |Total Features Written                                                       1
2020-08-16 09:20:00|   0.6|  0.0|STATS |=-=-=-=-=-=-=-=-=-=-=-=-=-=-=-=-=-=-=-=-=-=-=-=-=-=-=-=-=-=-=-=-=-=-=-=-=-=-=-
2020-08-16 09:20:00|   0.6|  0.0|WARN  |-~-~-~-~-~-~-~-~-~-~-~-~-~-~-~-~-~-~-~-~-~-~-~-~-~-~-~-~-~-~-~-~-~-~-~-~-~-~-~-~-
2020-08-16 09:20:00|   0.6|  0.0|WARN  |-~                                                                             ~-
2020-08-16 09:20:00|   0.6|  0.0|WARN  |-~    Feature caches have been recorded at every stage of the translation.     ~-
2020-08-16 09:20:00|   0.6|  0.0|WARN  |-~                      To inspect the recorded features,                      ~-
2020-08-16 09:20:00|   0.6|  0.0|WARN  |-~              click the feature cache icons next to the ports.               ~-
2020-08-16 09:20:00|   0.6|  0.0|WARN  |-~                                                                             ~-
2020-08-16 09:20:00|   0.6|  0.0|WARN  |-~-~-~-~-~-~-~-~-~-~-~-~-~-~-~-~-~-~-~-~-~-~-~-~-~-~-~-~-~-~-~-~-~-~-~-~-~-~-~-~-
2020-08-16 09:20:00|   0.6|  0.0|INFORM|Translation was SUCCESSFUL with 9 warning(s) (1 feature(s) output)
2020-08-16 09:20:00|   0.6|  0.0|INFORM|FME Session Duration: 5.6 seconds. (CPU: 0.3s user, 0.1s system)
2020-08-16 09:20:00|   0.6|  0.0|INFORM|END - ProcessID: 42770, peak process memory usage: 92728 kB, current process memory usage: 92728 kB
